/home/mo/orange_ack_ws/install/orange_robot/lib/python3.10/site-packages/orange_robot/__init__.py
/home/mo/orange_ack_ws/install/orange_robot/lib/python3.10/site-packages/orange_robot/maturity_detector_service.py
/home/mo/orange_ack_ws/install/orange_robot/lib/python3.10/site-packages/orange_robot/angles_calculator_service.py
/home/mo/orange_ack_ws/install/orange_robot/lib/python3.10/site-packages/orange_robot/serial_servo_service.py
/home/mo/orange_ack_ws/install/orange_robot/lib/python3.10/site-packages/orange_robot/camera_publisher.py
/home/mo/orange_ack_ws/install/orange_robot/lib/python3.10/site-packages/orange_robot/state_controller.py
/home/mo/orange_ack_ws/install/orange_robot/lib/python3.10/site-packages/orange_robot/arduino_commander_action.py
/home/mo/orange_ack_ws/install/orange_robot/lib/python3.10/site-packages/orange_robot/__pycache__/__init__.cpython-310.pyc
/home/mo/orange_ack_ws/install/orange_robot/lib/python3.10/site-packages/orange_robot/__pycache__/maturity_detector_service.cpython-310.pyc
/home/mo/orange_ack_ws/install/orange_robot/lib/python3.10/site-packages/orange_robot/__pycache__/angles_calculator_service.cpython-310.pyc
/home/mo/orange_ack_ws/install/orange_robot/lib/python3.10/site-packages/orange_robot/__pycache__/serial_servo_service.cpython-310.pyc
/home/mo/orange_ack_ws/install/orange_robot/lib/python3.10/site-packages/orange_robot/__pycache__/camera_publisher.cpython-310.pyc
/home/mo/orange_ack_ws/install/orange_robot/lib/python3.10/site-packages/orange_robot/__pycache__/state_controller.cpython-310.pyc
/home/mo/orange_ack_ws/install/orange_robot/lib/python3.10/site-packages/orange_robot/__pycache__/arduino_commander_action.cpython-310.pyc
/home/mo/orange_ack_ws/install/orange_robot/share/ament_index/resource_index/packages/orange_robot
/home/mo/orange_ack_ws/install/orange_robot/share/orange_robot/package.xml
/home/mo/orange_ack_ws/install/orange_robot/share/orange_robot/launch/orange_robot.launch.py
/home/mo/orange_ack_ws/install/orange_robot/share/orange_robot/srv
/home/mo/orange_ack_ws/install/orange_robot/share/orange_robot/action
/home/mo/orange_ack_ws/install/orange_robot/lib/python3.10/site-packages/orange_robot-0.0.1-py3.10.egg-info/top_level.txt
/home/mo/orange_ack_ws/install/orange_robot/lib/python3.10/site-packages/orange_robot-0.0.1-py3.10.egg-info/zip-safe
/home/mo/orange_ack_ws/install/orange_robot/lib/python3.10/site-packages/orange_robot-0.0.1-py3.10.egg-info/dependency_links.txt
/home/mo/orange_ack_ws/install/orange_robot/lib/python3.10/site-packages/orange_robot-0.0.1-py3.10.egg-info/entry_points.txt
/home/mo/orange_ack_ws/install/orange_robot/lib/python3.10/site-packages/orange_robot-0.0.1-py3.10.egg-info/PKG-INFO
/home/mo/orange_ack_ws/install/orange_robot/lib/python3.10/site-packages/orange_robot-0.0.1-py3.10.egg-info/requires.txt
/home/mo/orange_ack_ws/install/orange_robot/lib/python3.10/site-packages/orange_robot-0.0.1-py3.10.egg-info/SOURCES.txt
/home/mo/orange_ack_ws/install/orange_robot/lib/orange_robot/angles_calculator_service
/home/mo/orange_ack_ws/install/orange_robot/lib/orange_robot/arduino_commander_action
/home/mo/orange_ack_ws/install/orange_robot/lib/orange_robot/camera_publisher
/home/mo/orange_ack_ws/install/orange_robot/lib/orange_robot/maturity_detector_service
/home/mo/orange_ack_ws/install/orange_robot/lib/orange_robot/serial_servo_service
/home/mo/orange_ack_ws/install/orange_robot/lib/orange_robot/state_controller
