-- Found ament_cmake: 1.3.11 (/opt/ros/humble/share/ament_cmake/cmake)
-- Found rosidl_default_generators: 1.2.0 (/opt/ros/humble/share/rosidl_default_generators/cmake)
-- Using all available rosidl_typesupport_c: rosidl_typesupport_fastrtps_c;rosidl_typesupport_introspection_c
-- Found rosidl_adapter: 3.1.6 (/opt/ros/humble/share/rosidl_adapter/cmake)
-- Using all available rosidl_typesupport_cpp: rosidl_typesupport_fastrtps_cpp;rosidl_typesupport_introspection_cpp
-- Found std_msgs: 4.8.0 (/opt/ros/humble/share/std_msgs/cmake)
-- Found ament_cmake_ros: 0.10.0 (/opt/ros/humble/share/ament_cmake_ros/cmake)
-- Using all available rosidl_typesupport_c: rosidl_typesupport_fastrtps_c;rosidl_typesupport_introspection_c
-- Using all available rosidl_typesupport_cpp: rosidl_typesupport_fastrtps_cpp;rosidl_typesupport_introspection_cpp
-- Found python_cmake_module: 0.10.0 (/opt/ros/humble/share/python_cmake_module/cmake)
-- Using PYTHON_EXECUTABLE: /usr/bin/python3
-- Using PYTHON_INCLUDE_DIRS: /usr/include/python3.10
-- Using PYTHON_LIBRARIES: /usr/lib/x86_64-linux-gnu/libpython3.10.so
-- Configuring done
-- Generating done
-- Build files have been written to: /home/mo/orange_ack_ws/build/orange_robot_interfaces
[  2%] [34m[1mGenerating C code for ROS interfaces[0m
[  5%] [34m[1mGenerating C++ code for ROS interfaces[0m
[  5%] Built target ament_cmake_python_copy_orange_robot_interfaces
running egg_info
writing orange_robot_interfaces.egg-info/PKG-INFO
writing dependency_links to orange_robot_interfaces.egg-info/dependency_links.txt
writing top-level names to orange_robot_interfaces.egg-info/top_level.txt
reading manifest file 'orange_robot_interfaces.egg-info/SOURCES.txt'
writing manifest file 'orange_robot_interfaces.egg-info/SOURCES.txt'
[  5%] Built target ament_cmake_python_build_orange_robot_interfaces_egg
[35m[1mConsolidate compiler generated dependencies of target orange_robot_interfaces__rosidl_generator_c[0m
[  7%] [32mBuilding C object CMakeFiles/orange_robot_interfaces__rosidl_generator_c.dir/rosidl_generator_c/orange_robot_interfaces/srv/detail/calculate_angles__functions.c.o[0m
[ 10%] [32mBuilding C object CMakeFiles/orange_robot_interfaces__rosidl_generator_c.dir/rosidl_generator_c/orange_robot_interfaces/action/detail/execute_sequence__functions.c.o[0m
[ 10%] Built target orange_robot_interfaces__cpp
[ 17%] [34m[1mGenerating C++ type support for eProsima Fast-RTPS[0m
[ 17%] [34m[1mGenerating C++ type support dispatch for ROS interfaces[0m
[ 17%] [34m[1mGenerating C++ introspection for ROS interfaces[0m
[ 20%] [32m[1mLinking C shared library liborange_robot_interfaces__rosidl_generator_c.so[0m
[ 20%] Built target orange_robot_interfaces__rosidl_generator_c
[ 28%] [34m[1mGenerating C type support dispatch for ROS interfaces[0m
[ 28%] [34m[1mGenerating C type support for eProsima Fast-RTPS[0m
[ 28%] [34m[1mGenerating C introspection for ROS interfaces[0m
[35m[1mConsolidate compiler generated dependencies of target orange_robot_interfaces__rosidl_typesupport_cpp[0m
[ 33%] [32mBuilding CXX object CMakeFiles/orange_robot_interfaces__rosidl_typesupport_cpp.dir/rosidl_typesupport_cpp/orange_robot_interfaces/action/execute_sequence__type_support.cpp.o[0m
[ 33%] [32mBuilding CXX object CMakeFiles/orange_robot_interfaces__rosidl_typesupport_cpp.dir/rosidl_typesupport_cpp/orange_robot_interfaces/srv/calculate_angles__type_support.cpp.o[0m
[35m[1mConsolidate compiler generated dependencies of target orange_robot_interfaces__rosidl_typesupport_introspection_cpp[0m
[ 38%] [32mBuilding CXX object CMakeFiles/orange_robot_interfaces__rosidl_typesupport_introspection_cpp.dir/rosidl_typesupport_introspection_cpp/orange_robot_interfaces/srv/detail/calculate_angles__type_support.cpp.o[0m
[ 38%] [32mBuilding CXX object CMakeFiles/orange_robot_interfaces__rosidl_typesupport_introspection_cpp.dir/rosidl_typesupport_introspection_cpp/orange_robot_interfaces/action/detail/execute_sequence__type_support.cpp.o[0m
[35m[1mConsolidate compiler generated dependencies of target orange_robot_interfaces__rosidl_typesupport_fastrtps_cpp[0m
[ 41%] [32mBuilding CXX object CMakeFiles/orange_robot_interfaces__rosidl_typesupport_fastrtps_cpp.dir/rosidl_typesupport_fastrtps_cpp/orange_robot_interfaces/srv/detail/dds_fastrtps/calculate_angles__type_support.cpp.o[0m
[ 43%] [32mBuilding CXX object CMakeFiles/orange_robot_interfaces__rosidl_typesupport_fastrtps_cpp.dir/rosidl_typesupport_fastrtps_cpp/orange_robot_interfaces/action/detail/dds_fastrtps/execute_sequence__type_support.cpp.o[0m
[35m[1mConsolidate compiler generated dependencies of target orange_robot_interfaces__rosidl_typesupport_c[0m
[ 46%] [32mBuilding CXX object CMakeFiles/orange_robot_interfaces__rosidl_typesupport_c.dir/rosidl_typesupport_c/orange_robot_interfaces/srv/calculate_angles__type_support.cpp.o[0m
[ 48%] [32mBuilding CXX object CMakeFiles/orange_robot_interfaces__rosidl_typesupport_c.dir/rosidl_typesupport_c/orange_robot_interfaces/action/execute_sequence__type_support.cpp.o[0m
[ 51%] [32m[1mLinking CXX shared library liborange_robot_interfaces__rosidl_typesupport_c.so[0m
[35m[1mConsolidate compiler generated dependencies of target orange_robot_interfaces__rosidl_typesupport_introspection_c[0m
[35m[1mConsolidate compiler generated dependencies of target orange_robot_interfaces__rosidl_typesupport_fastrtps_c[0m
[ 53%] [32mBuilding C object CMakeFiles/orange_robot_interfaces__rosidl_typesupport_introspection_c.dir/rosidl_typesupport_introspection_c/orange_robot_interfaces/srv/detail/calculate_angles__type_support.c.o[0m
[ 56%] [32mBuilding C object CMakeFiles/orange_robot_interfaces__rosidl_typesupport_introspection_c.dir/rosidl_typesupport_introspection_c/orange_robot_interfaces/action/detail/execute_sequence__type_support.c.o[0m
[ 56%] Built target orange_robot_interfaces__rosidl_typesupport_c
[ 58%] [32mBuilding CXX object CMakeFiles/orange_robot_interfaces__rosidl_typesupport_fastrtps_c.dir/rosidl_typesupport_fastrtps_c/orange_robot_interfaces/action/detail/execute_sequence__type_support_c.cpp.o[0m
[ 61%] [32mBuilding CXX object CMakeFiles/orange_robot_interfaces__rosidl_typesupport_fastrtps_c.dir/rosidl_typesupport_fastrtps_c/orange_robot_interfaces/srv/detail/calculate_angles__type_support_c.cpp.o[0m
[ 64%] [32m[1mLinking C shared library liborange_robot_interfaces__rosidl_typesupport_introspection_c.so[0m
[ 64%] Built target orange_robot_interfaces__rosidl_typesupport_introspection_c
[ 66%] [32m[1mLinking CXX shared library liborange_robot_interfaces__rosidl_typesupport_cpp.so[0m
[ 66%] Built target orange_robot_interfaces__rosidl_typesupport_cpp
[ 69%] [32m[1mLinking CXX shared library liborange_robot_interfaces__rosidl_typesupport_introspection_cpp.so[0m
[ 71%] [32m[1mLinking CXX shared library liborange_robot_interfaces__rosidl_typesupport_fastrtps_c.so[0m
[ 71%] Built target orange_robot_interfaces__rosidl_typesupport_introspection_cpp
[ 71%] Built target orange_robot_interfaces__rosidl_typesupport_fastrtps_c
[ 74%] [32m[1mLinking CXX shared library liborange_robot_interfaces__rosidl_typesupport_fastrtps_cpp.so[0m
[ 74%] Built target orange_robot_interfaces__rosidl_typesupport_fastrtps_cpp
[ 74%] Built target orange_robot_interfaces
[ 76%] [34m[1mGenerating Python code for ROS interfaces[0m
[ 76%] Built target orange_robot_interfaces__py
[35m[1mConsolidate compiler generated dependencies of target orange_robot_interfaces__rosidl_generator_py[0m
[ 82%] [32mBuilding C object CMakeFiles/orange_robot_interfaces__rosidl_generator_py.dir/rosidl_generator_py/orange_robot_interfaces/srv/_calculate_angles_s.c.o[0m
[ 82%] [32mBuilding C object CMakeFiles/orange_robot_interfaces__rosidl_generator_py.dir/rosidl_generator_py/orange_robot_interfaces/action/_execute_sequence_s.c.o[0m
[ 84%] [32m[1mLinking C shared library rosidl_generator_py/orange_robot_interfaces/liborange_robot_interfaces__rosidl_generator_py.so[0m
[ 84%] Built target orange_robot_interfaces__rosidl_generator_py
[35m[1mConsolidate compiler generated dependencies of target orange_robot_interfaces__rosidl_typesupport_fastrtps_c__pyext[0m
[35m[1mConsolidate compiler generated dependencies of target orange_robot_interfaces__rosidl_typesupport_c__pyext[0m
[35m[1mConsolidate compiler generated dependencies of target orange_robot_interfaces__rosidl_typesupport_introspection_c__pyext[0m
[ 92%] [32mBuilding C object CMakeFiles/orange_robot_interfaces__rosidl_typesupport_fastrtps_c__pyext.dir/rosidl_generator_py/orange_robot_interfaces/_orange_robot_interfaces_s.ep.rosidl_typesupport_fastrtps_c.c.o[0m
[ 92%] [32mBuilding C object CMakeFiles/orange_robot_interfaces__rosidl_typesupport_introspection_c__pyext.dir/rosidl_generator_py/orange_robot_interfaces/_orange_robot_interfaces_s.ep.rosidl_typesupport_introspection_c.c.o[0m
[ 92%] [32mBuilding C object CMakeFiles/orange_robot_interfaces__rosidl_typesupport_c__pyext.dir/rosidl_generator_py/orange_robot_interfaces/_orange_robot_interfaces_s.ep.rosidl_typesupport_c.c.o[0m
[100%] [32m[1mLinking C shared library rosidl_generator_py/orange_robot_interfaces/orange_robot_interfaces_s__rosidl_typesupport_c.cpython-310-x86_64-linux-gnu.so[0m
[100%] [32m[1mLinking C shared library rosidl_generator_py/orange_robot_interfaces/orange_robot_interfaces_s__rosidl_typesupport_fastrtps_c.cpython-310-x86_64-linux-gnu.so[0m
[100%] [32m[1mLinking C shared library rosidl_generator_py/orange_robot_interfaces/orange_robot_interfaces_s__rosidl_typesupport_introspection_c.cpython-310-x86_64-linux-gnu.so[0m
[100%] Built target orange_robot_interfaces__rosidl_typesupport_introspection_c__pyext
[100%] Built target orange_robot_interfaces__rosidl_typesupport_fastrtps_c__pyext
[100%] Built target orange_robot_interfaces__rosidl_typesupport_c__pyext
-- Install configuration: ""
-- Up-to-date: /home/mo/orange_ack_ws/install/orange_robot_interfaces/share/ament_index/resource_index/rosidl_interfaces/orange_robot_interfaces
-- Up-to-date: /home/mo/orange_ack_ws/install/orange_robot_interfaces/include/orange_robot_interfaces/orange_robot_interfaces
-- Up-to-date: /home/mo/orange_ack_ws/install/orange_robot_interfaces/include/orange_robot_interfaces/orange_robot_interfaces/action
-- Up-to-date: /home/mo/orange_ack_ws/install/orange_robot_interfaces/include/orange_robot_interfaces/orange_robot_interfaces/action/detail
-- Installing: /home/mo/orange_ack_ws/install/orange_robot_interfaces/include/orange_robot_interfaces/orange_robot_interfaces/action/detail/execute_sequence__struct.h
-- Installing: /home/mo/orange_ack_ws/install/orange_robot_interfaces/include/orange_robot_interfaces/orange_robot_interfaces/action/detail/execute_sequence__type_support.h
-- Installing: /home/mo/orange_ack_ws/install/orange_robot_interfaces/include/orange_robot_interfaces/orange_robot_interfaces/action/detail/execute_sequence__functions.h
-- Installing: /home/mo/orange_ack_ws/install/orange_robot_interfaces/include/orange_robot_interfaces/orange_robot_interfaces/action/detail/execute_sequence__functions.c
-- Installing: /home/mo/orange_ack_ws/install/orange_robot_interfaces/include/orange_robot_interfaces/orange_robot_interfaces/action/execute_sequence.h
-- Up-to-date: /home/mo/orange_ack_ws/install/orange_robot_interfaces/include/orange_robot_interfaces/orange_robot_interfaces/msg
-- Up-to-date: /home/mo/orange_ack_ws/install/orange_robot_interfaces/include/orange_robot_interfaces/orange_robot_interfaces/msg/rosidl_generator_c__visibility_control.h
-- Up-to-date: /home/mo/orange_ack_ws/install/orange_robot_interfaces/include/orange_robot_interfaces/orange_robot_interfaces/srv
-- Up-to-date: /home/mo/orange_ack_ws/install/orange_robot_interfaces/include/orange_robot_interfaces/orange_robot_interfaces/srv/detail
-- Installing: /home/mo/orange_ack_ws/install/orange_robot_interfaces/include/orange_robot_interfaces/orange_robot_interfaces/srv/detail/calculate_angles__type_support.h
-- Installing: /home/mo/orange_ack_ws/install/orange_robot_interfaces/include/orange_robot_interfaces/orange_robot_interfaces/srv/detail/calculate_angles__struct.h
-- Installing: /home/mo/orange_ack_ws/install/orange_robot_interfaces/include/orange_robot_interfaces/orange_robot_interfaces/srv/detail/calculate_angles__functions.c
-- Installing: /home/mo/orange_ack_ws/install/orange_robot_interfaces/include/orange_robot_interfaces/orange_robot_interfaces/srv/detail/calculate_angles__functions.h
-- Installing: /home/mo/orange_ack_ws/install/orange_robot_interfaces/include/orange_robot_interfaces/orange_robot_interfaces/srv/calculate_angles.h
-- Up-to-date: /home/mo/orange_ack_ws/install/orange_robot_interfaces/share/orange_robot_interfaces/environment/library_path.sh
-- Installing: /home/mo/orange_ack_ws/install/orange_robot_interfaces/share/orange_robot_interfaces/environment/library_path.dsv
-- Installing: /home/mo/orange_ack_ws/install/orange_robot_interfaces/lib/liborange_robot_interfaces__rosidl_generator_c.so
-- Set runtime path of "/home/mo/orange_ack_ws/install/orange_robot_interfaces/lib/liborange_robot_interfaces__rosidl_generator_c.so" to ""
-- Up-to-date: /home/mo/orange_ack_ws/install/orange_robot_interfaces/include/orange_robot_interfaces/orange_robot_interfaces
-- Up-to-date: /home/mo/orange_ack_ws/install/orange_robot_interfaces/include/orange_robot_interfaces/orange_robot_interfaces/action
-- Up-to-date: /home/mo/orange_ack_ws/install/orange_robot_interfaces/include/orange_robot_interfaces/orange_robot_interfaces/action/detail
-- Installing: /home/mo/orange_ack_ws/install/orange_robot_interfaces/include/orange_robot_interfaces/orange_robot_interfaces/action/detail/execute_sequence__rosidl_typesupport_fastrtps_c.h
-- Up-to-date: /home/mo/orange_ack_ws/install/orange_robot_interfaces/include/orange_robot_interfaces/orange_robot_interfaces/msg
-- Up-to-date: /home/mo/orange_ack_ws/install/orange_robot_interfaces/include/orange_robot_interfaces/orange_robot_interfaces/msg/rosidl_typesupport_fastrtps_c__visibility_control.h
-- Up-to-date: /home/mo/orange_ack_ws/install/orange_robot_interfaces/include/orange_robot_interfaces/orange_robot_interfaces/srv
-- Up-to-date: /home/mo/orange_ack_ws/install/orange_robot_interfaces/include/orange_robot_interfaces/orange_robot_interfaces/srv/detail
-- Installing: /home/mo/orange_ack_ws/install/orange_robot_interfaces/include/orange_robot_interfaces/orange_robot_interfaces/srv/detail/calculate_angles__rosidl_typesupport_fastrtps_c.h
-- Installing: /home/mo/orange_ack_ws/install/orange_robot_interfaces/lib/liborange_robot_interfaces__rosidl_typesupport_fastrtps_c.so
-- Set runtime path of "/home/mo/orange_ack_ws/install/orange_robot_interfaces/lib/liborange_robot_interfaces__rosidl_typesupport_fastrtps_c.so" to ""
-- Up-to-date: /home/mo/orange_ack_ws/install/orange_robot_interfaces/include/orange_robot_interfaces/orange_robot_interfaces
-- Up-to-date: /home/mo/orange_ack_ws/install/orange_robot_interfaces/include/orange_robot_interfaces/orange_robot_interfaces/action
-- Up-to-date: /home/mo/orange_ack_ws/install/orange_robot_interfaces/include/orange_robot_interfaces/orange_robot_interfaces/action/detail
-- Installing: /home/mo/orange_ack_ws/install/orange_robot_interfaces/include/orange_robot_interfaces/orange_robot_interfaces/action/detail/execute_sequence__rosidl_typesupport_introspection_c.h
-- Installing: /home/mo/orange_ack_ws/install/orange_robot_interfaces/include/orange_robot_interfaces/orange_robot_interfaces/action/detail/execute_sequence__type_support.c
-- Up-to-date: /home/mo/orange_ack_ws/install/orange_robot_interfaces/include/orange_robot_interfaces/orange_robot_interfaces/msg
-- Up-to-date: /home/mo/orange_ack_ws/install/orange_robot_interfaces/include/orange_robot_interfaces/orange_robot_interfaces/msg/rosidl_typesupport_introspection_c__visibility_control.h
-- Up-to-date: /home/mo/orange_ack_ws/install/orange_robot_interfaces/include/orange_robot_interfaces/orange_robot_interfaces/srv
-- Up-to-date: /home/mo/orange_ack_ws/install/orange_robot_interfaces/include/orange_robot_interfaces/orange_robot_interfaces/srv/detail
-- Installing: /home/mo/orange_ack_ws/install/orange_robot_interfaces/include/orange_robot_interfaces/orange_robot_interfaces/srv/detail/calculate_angles__rosidl_typesupport_introspection_c.h
-- Installing: /home/mo/orange_ack_ws/install/orange_robot_interfaces/include/orange_robot_interfaces/orange_robot_interfaces/srv/detail/calculate_angles__type_support.c
-- Installing: /home/mo/orange_ack_ws/install/orange_robot_interfaces/lib/liborange_robot_interfaces__rosidl_typesupport_introspection_c.so
-- Set runtime path of "/home/mo/orange_ack_ws/install/orange_robot_interfaces/lib/liborange_robot_interfaces__rosidl_typesupport_introspection_c.so" to ""
-- Installing: /home/mo/orange_ack_ws/install/orange_robot_interfaces/lib/liborange_robot_interfaces__rosidl_typesupport_c.so
-- Set runtime path of "/home/mo/orange_ack_ws/install/orange_robot_interfaces/lib/liborange_robot_interfaces__rosidl_typesupport_c.so" to ""
-- Up-to-date: /home/mo/orange_ack_ws/install/orange_robot_interfaces/include/orange_robot_interfaces/orange_robot_interfaces
-- Up-to-date: /home/mo/orange_ack_ws/install/orange_robot_interfaces/include/orange_robot_interfaces/orange_robot_interfaces/action
-- Up-to-date: /home/mo/orange_ack_ws/install/orange_robot_interfaces/include/orange_robot_interfaces/orange_robot_interfaces/action/detail
-- Installing: /home/mo/orange_ack_ws/install/orange_robot_interfaces/include/orange_robot_interfaces/orange_robot_interfaces/action/detail/execute_sequence__struct.hpp
-- Installing: /home/mo/orange_ack_ws/install/orange_robot_interfaces/include/orange_robot_interfaces/orange_robot_interfaces/action/detail/execute_sequence__traits.hpp
-- Installing: /home/mo/orange_ack_ws/install/orange_robot_interfaces/include/orange_robot_interfaces/orange_robot_interfaces/action/detail/execute_sequence__type_support.hpp
-- Installing: /home/mo/orange_ack_ws/install/orange_robot_interfaces/include/orange_robot_interfaces/orange_robot_interfaces/action/detail/execute_sequence__builder.hpp
-- Installing: /home/mo/orange_ack_ws/install/orange_robot_interfaces/include/orange_robot_interfaces/orange_robot_interfaces/action/execute_sequence.hpp
-- Up-to-date: /home/mo/orange_ack_ws/install/orange_robot_interfaces/include/orange_robot_interfaces/orange_robot_interfaces/msg
-- Up-to-date: /home/mo/orange_ack_ws/install/orange_robot_interfaces/include/orange_robot_interfaces/orange_robot_interfaces/msg/rosidl_generator_cpp__visibility_control.hpp
-- Up-to-date: /home/mo/orange_ack_ws/install/orange_robot_interfaces/include/orange_robot_interfaces/orange_robot_interfaces/srv
-- Installing: /home/mo/orange_ack_ws/install/orange_robot_interfaces/include/orange_robot_interfaces/orange_robot_interfaces/srv/calculate_angles.hpp
-- Up-to-date: /home/mo/orange_ack_ws/install/orange_robot_interfaces/include/orange_robot_interfaces/orange_robot_interfaces/srv/detail
-- Installing: /home/mo/orange_ack_ws/install/orange_robot_interfaces/include/orange_robot_interfaces/orange_robot_interfaces/srv/detail/calculate_angles__type_support.hpp
-- Installing: /home/mo/orange_ack_ws/install/orange_robot_interfaces/include/orange_robot_interfaces/orange_robot_interfaces/srv/detail/calculate_angles__struct.hpp
-- Installing: /home/mo/orange_ack_ws/install/orange_robot_interfaces/include/orange_robot_interfaces/orange_robot_interfaces/srv/detail/calculate_angles__traits.hpp
-- Installing: /home/mo/orange_ack_ws/install/orange_robot_interfaces/include/orange_robot_interfaces/orange_robot_interfaces/srv/detail/calculate_angles__builder.hpp
-- Up-to-date: /home/mo/orange_ack_ws/install/orange_robot_interfaces/include/orange_robot_interfaces/orange_robot_interfaces
-- Up-to-date: /home/mo/orange_ack_ws/install/orange_robot_interfaces/include/orange_robot_interfaces/orange_robot_interfaces/action
-- Up-to-date: /home/mo/orange_ack_ws/install/orange_robot_interfaces/include/orange_robot_interfaces/orange_robot_interfaces/action/detail
-- Up-to-date: /home/mo/orange_ack_ws/install/orange_robot_interfaces/include/orange_robot_interfaces/orange_robot_interfaces/action/detail/dds_fastrtps
-- Installing: /home/mo/orange_ack_ws/install/orange_robot_interfaces/include/orange_robot_interfaces/orange_robot_interfaces/action/detail/execute_sequence__rosidl_typesupport_fastrtps_cpp.hpp
-- Up-to-date: /home/mo/orange_ack_ws/install/orange_robot_interfaces/include/orange_robot_interfaces/orange_robot_interfaces/msg
-- Up-to-date: /home/mo/orange_ack_ws/install/orange_robot_interfaces/include/orange_robot_interfaces/orange_robot_interfaces/msg/rosidl_typesupport_fastrtps_cpp__visibility_control.h
-- Up-to-date: /home/mo/orange_ack_ws/install/orange_robot_interfaces/include/orange_robot_interfaces/orange_robot_interfaces/srv
-- Up-to-date: /home/mo/orange_ack_ws/install/orange_robot_interfaces/include/orange_robot_interfaces/orange_robot_interfaces/srv/detail
-- Up-to-date: /home/mo/orange_ack_ws/install/orange_robot_interfaces/include/orange_robot_interfaces/orange_robot_interfaces/srv/detail/dds_fastrtps
-- Installing: /home/mo/orange_ack_ws/install/orange_robot_interfaces/include/orange_robot_interfaces/orange_robot_interfaces/srv/detail/calculate_angles__rosidl_typesupport_fastrtps_cpp.hpp
-- Installing: /home/mo/orange_ack_ws/install/orange_robot_interfaces/lib/liborange_robot_interfaces__rosidl_typesupport_fastrtps_cpp.so
-- Set runtime path of "/home/mo/orange_ack_ws/install/orange_robot_interfaces/lib/liborange_robot_interfaces__rosidl_typesupport_fastrtps_cpp.so" to ""
-- Up-to-date: /home/mo/orange_ack_ws/install/orange_robot_interfaces/include/orange_robot_interfaces/orange_robot_interfaces
-- Up-to-date: /home/mo/orange_ack_ws/install/orange_robot_interfaces/include/orange_robot_interfaces/orange_robot_interfaces/action
-- Up-to-date: /home/mo/orange_ack_ws/install/orange_robot_interfaces/include/orange_robot_interfaces/orange_robot_interfaces/action/detail
-- Installing: /home/mo/orange_ack_ws/install/orange_robot_interfaces/include/orange_robot_interfaces/orange_robot_interfaces/action/detail/execute_sequence__type_support.cpp
-- Installing: /home/mo/orange_ack_ws/install/orange_robot_interfaces/include/orange_robot_interfaces/orange_robot_interfaces/action/detail/execute_sequence__rosidl_typesupport_introspection_cpp.hpp
-- Up-to-date: /home/mo/orange_ack_ws/install/orange_robot_interfaces/include/orange_robot_interfaces/orange_robot_interfaces/srv
-- Up-to-date: /home/mo/orange_ack_ws/install/orange_robot_interfaces/include/orange_robot_interfaces/orange_robot_interfaces/srv/detail
-- Installing: /home/mo/orange_ack_ws/install/orange_robot_interfaces/include/orange_robot_interfaces/orange_robot_interfaces/srv/detail/calculate_angles__rosidl_typesupport_introspection_cpp.hpp
-- Installing: /home/mo/orange_ack_ws/install/orange_robot_interfaces/include/orange_robot_interfaces/orange_robot_interfaces/srv/detail/calculate_angles__type_support.cpp
-- Installing: /home/mo/orange_ack_ws/install/orange_robot_interfaces/lib/liborange_robot_interfaces__rosidl_typesupport_introspection_cpp.so
-- Set runtime path of "/home/mo/orange_ack_ws/install/orange_robot_interfaces/lib/liborange_robot_interfaces__rosidl_typesupport_introspection_cpp.so" to ""
-- Installing: /home/mo/orange_ack_ws/install/orange_robot_interfaces/lib/liborange_robot_interfaces__rosidl_typesupport_cpp.so
-- Set runtime path of "/home/mo/orange_ack_ws/install/orange_robot_interfaces/lib/liborange_robot_interfaces__rosidl_typesupport_cpp.so" to ""
-- Up-to-date: /home/mo/orange_ack_ws/install/orange_robot_interfaces/share/orange_robot_interfaces/environment/pythonpath.sh
-- Installing: /home/mo/orange_ack_ws/install/orange_robot_interfaces/share/orange_robot_interfaces/environment/pythonpath.dsv
-- Up-to-date: /home/mo/orange_ack_ws/install/orange_robot_interfaces/local/lib/python3.10/dist-packages/orange_robot_interfaces-0.0.1-py3.10.egg-info
-- Installing: /home/mo/orange_ack_ws/install/orange_robot_interfaces/local/lib/python3.10/dist-packages/orange_robot_interfaces-0.0.1-py3.10.egg-info/top_level.txt
-- Installing: /home/mo/orange_ack_ws/install/orange_robot_interfaces/local/lib/python3.10/dist-packages/orange_robot_interfaces-0.0.1-py3.10.egg-info/dependency_links.txt
-- Installing: /home/mo/orange_ack_ws/install/orange_robot_interfaces/local/lib/python3.10/dist-packages/orange_robot_interfaces-0.0.1-py3.10.egg-info/PKG-INFO
-- Installing: /home/mo/orange_ack_ws/install/orange_robot_interfaces/local/lib/python3.10/dist-packages/orange_robot_interfaces-0.0.1-py3.10.egg-info/SOURCES.txt
-- Up-to-date: /home/mo/orange_ack_ws/install/orange_robot_interfaces/local/lib/python3.10/dist-packages/orange_robot_interfaces
-- Up-to-date: /home/mo/orange_ack_ws/install/orange_robot_interfaces/local/lib/python3.10/dist-packages/orange_robot_interfaces/action
-- Installing: /home/mo/orange_ack_ws/install/orange_robot_interfaces/local/lib/python3.10/dist-packages/orange_robot_interfaces/action/__init__.py
-- Installing: /home/mo/orange_ack_ws/install/orange_robot_interfaces/local/lib/python3.10/dist-packages/orange_robot_interfaces/action/_execute_sequence_s.c
-- Installing: /home/mo/orange_ack_ws/install/orange_robot_interfaces/local/lib/python3.10/dist-packages/orange_robot_interfaces/action/_execute_sequence.py
-- Installing: /home/mo/orange_ack_ws/install/orange_robot_interfaces/local/lib/python3.10/dist-packages/orange_robot_interfaces/__init__.py
-- Installing: /home/mo/orange_ack_ws/install/orange_robot_interfaces/local/lib/python3.10/dist-packages/orange_robot_interfaces/orange_robot_interfaces_s__rosidl_typesupport_fastrtps_c.cpython-310-x86_64-linux-gnu.so
-- Installing: /home/mo/orange_ack_ws/install/orange_robot_interfaces/local/lib/python3.10/dist-packages/orange_robot_interfaces/orange_robot_interfaces_s__rosidl_typesupport_c.cpython-310-x86_64-linux-gnu.so
-- Installing: /home/mo/orange_ack_ws/install/orange_robot_interfaces/local/lib/python3.10/dist-packages/orange_robot_interfaces/_orange_robot_interfaces_s.ep.rosidl_typesupport_introspection_c.c
-- Installing: /home/mo/orange_ack_ws/install/orange_robot_interfaces/local/lib/python3.10/dist-packages/orange_robot_interfaces/_orange_robot_interfaces_s.ep.rosidl_typesupport_fastrtps_c.c
-- Up-to-date: /home/mo/orange_ack_ws/install/orange_robot_interfaces/local/lib/python3.10/dist-packages/orange_robot_interfaces/srv
-- Installing: /home/mo/orange_ack_ws/install/orange_robot_interfaces/local/lib/python3.10/dist-packages/orange_robot_interfaces/srv/__init__.py
-- Installing: /home/mo/orange_ack_ws/install/orange_robot_interfaces/local/lib/python3.10/dist-packages/orange_robot_interfaces/srv/_calculate_angles_s.c
-- Installing: /home/mo/orange_ack_ws/install/orange_robot_interfaces/local/lib/python3.10/dist-packages/orange_robot_interfaces/srv/_calculate_angles.py
-- Installing: /home/mo/orange_ack_ws/install/orange_robot_interfaces/local/lib/python3.10/dist-packages/orange_robot_interfaces/_orange_robot_interfaces_s.ep.rosidl_typesupport_c.c
-- Installing: /home/mo/orange_ack_ws/install/orange_robot_interfaces/local/lib/python3.10/dist-packages/orange_robot_interfaces/orange_robot_interfaces_s__rosidl_typesupport_introspection_c.cpython-310-x86_64-linux-gnu.so
-- Installing: /home/mo/orange_ack_ws/install/orange_robot_interfaces/local/lib/python3.10/dist-packages/orange_robot_interfaces/liborange_robot_interfaces__rosidl_generator_py.so
Listing '/home/mo/orange_ack_ws/install/orange_robot_interfaces/local/lib/python3.10/dist-packages/orange_robot_interfaces'...
Compiling '/home/mo/orange_ack_ws/install/orange_robot_interfaces/local/lib/python3.10/dist-packages/orange_robot_interfaces/__init__.py'...
Listing '/home/mo/orange_ack_ws/install/orange_robot_interfaces/local/lib/python3.10/dist-packages/orange_robot_interfaces/action'...
Compiling '/home/mo/orange_ack_ws/install/orange_robot_interfaces/local/lib/python3.10/dist-packages/orange_robot_interfaces/action/__init__.py'...
Compiling '/home/mo/orange_ack_ws/install/orange_robot_interfaces/local/lib/python3.10/dist-packages/orange_robot_interfaces/action/_execute_sequence.py'...
Listing '/home/mo/orange_ack_ws/install/orange_robot_interfaces/local/lib/python3.10/dist-packages/orange_robot_interfaces/srv'...
Compiling '/home/mo/orange_ack_ws/install/orange_robot_interfaces/local/lib/python3.10/dist-packages/orange_robot_interfaces/srv/__init__.py'...
Compiling '/home/mo/orange_ack_ws/install/orange_robot_interfaces/local/lib/python3.10/dist-packages/orange_robot_interfaces/srv/_calculate_angles.py'...
-- Installing: /home/mo/orange_ack_ws/install/orange_robot_interfaces/local/lib/python3.10/dist-packages/orange_robot_interfaces/orange_robot_interfaces_s__rosidl_typesupport_fastrtps_c.cpython-310-x86_64-linux-gnu.so
-- Set runtime path of "/home/mo/orange_ack_ws/install/orange_robot_interfaces/local/lib/python3.10/dist-packages/orange_robot_interfaces/orange_robot_interfaces_s__rosidl_typesupport_fastrtps_c.cpython-310-x86_64-linux-gnu.so" to ""
-- Installing: /home/mo/orange_ack_ws/install/orange_robot_interfaces/local/lib/python3.10/dist-packages/orange_robot_interfaces/orange_robot_interfaces_s__rosidl_typesupport_introspection_c.cpython-310-x86_64-linux-gnu.so
-- Set runtime path of "/home/mo/orange_ack_ws/install/orange_robot_interfaces/local/lib/python3.10/dist-packages/orange_robot_interfaces/orange_robot_interfaces_s__rosidl_typesupport_introspection_c.cpython-310-x86_64-linux-gnu.so" to ""
-- Installing: /home/mo/orange_ack_ws/install/orange_robot_interfaces/local/lib/python3.10/dist-packages/orange_robot_interfaces/orange_robot_interfaces_s__rosidl_typesupport_c.cpython-310-x86_64-linux-gnu.so
-- Set runtime path of "/home/mo/orange_ack_ws/install/orange_robot_interfaces/local/lib/python3.10/dist-packages/orange_robot_interfaces/orange_robot_interfaces_s__rosidl_typesupport_c.cpython-310-x86_64-linux-gnu.so" to ""
-- Installing: /home/mo/orange_ack_ws/install/orange_robot_interfaces/lib/liborange_robot_interfaces__rosidl_generator_py.so
-- Set runtime path of "/home/mo/orange_ack_ws/install/orange_robot_interfaces/lib/liborange_robot_interfaces__rosidl_generator_py.so" to ""
-- Up-to-date: /home/mo/orange_ack_ws/install/orange_robot_interfaces/share/orange_robot_interfaces/srv/CalculateAngles.idl
-- Installing: /home/mo/orange_ack_ws/install/orange_robot_interfaces/share/orange_robot_interfaces/action/ExecuteSequence.idl
-- Up-to-date: /home/mo/orange_ack_ws/install/orange_robot_interfaces/share/orange_robot_interfaces/srv/CalculateAngles.srv
-- Up-to-date: /home/mo/orange_ack_ws/install/orange_robot_interfaces/share/orange_robot_interfaces/srv/CalculateAngles_Request.msg
-- Up-to-date: /home/mo/orange_ack_ws/install/orange_robot_interfaces/share/orange_robot_interfaces/srv/CalculateAngles_Response.msg
-- Installing: /home/mo/orange_ack_ws/install/orange_robot_interfaces/share/orange_robot_interfaces/action/ExecuteSequence.action
-- Up-to-date: /home/mo/orange_ack_ws/install/orange_robot_interfaces/share/ament_index/resource_index/package_run_dependencies/orange_robot_interfaces
-- Up-to-date: /home/mo/orange_ack_ws/install/orange_robot_interfaces/share/ament_index/resource_index/parent_prefix_path/orange_robot_interfaces
-- Up-to-date: /home/mo/orange_ack_ws/install/orange_robot_interfaces/share/orange_robot_interfaces/environment/ament_prefix_path.sh
-- Installing: /home/mo/orange_ack_ws/install/orange_robot_interfaces/share/orange_robot_interfaces/environment/ament_prefix_path.dsv
-- Up-to-date: /home/mo/orange_ack_ws/install/orange_robot_interfaces/share/orange_robot_interfaces/environment/path.sh
-- Installing: /home/mo/orange_ack_ws/install/orange_robot_interfaces/share/orange_robot_interfaces/environment/path.dsv
-- Up-to-date: /home/mo/orange_ack_ws/install/orange_robot_interfaces/share/orange_robot_interfaces/local_setup.bash
-- Up-to-date: /home/mo/orange_ack_ws/install/orange_robot_interfaces/share/orange_robot_interfaces/local_setup.sh
-- Up-to-date: /home/mo/orange_ack_ws/install/orange_robot_interfaces/share/orange_robot_interfaces/local_setup.zsh
-- Installing: /home/mo/orange_ack_ws/install/orange_robot_interfaces/share/orange_robot_interfaces/local_setup.dsv
-- Installing: /home/mo/orange_ack_ws/install/orange_robot_interfaces/share/orange_robot_interfaces/package.dsv
-- Up-to-date: /home/mo/orange_ack_ws/install/orange_robot_interfaces/share/ament_index/resource_index/packages/orange_robot_interfaces
-- Up-to-date: /home/mo/orange_ack_ws/install/orange_robot_interfaces/share/orange_robot_interfaces/cmake/export_orange_robot_interfaces__rosidl_generator_cExport.cmake
-- Up-to-date: /home/mo/orange_ack_ws/install/orange_robot_interfaces/share/orange_robot_interfaces/cmake/export_orange_robot_interfaces__rosidl_generator_cExport-noconfig.cmake
-- Up-to-date: /home/mo/orange_ack_ws/install/orange_robot_interfaces/share/orange_robot_interfaces/cmake/export_orange_robot_interfaces__rosidl_typesupport_fastrtps_cExport.cmake
-- Up-to-date: /home/mo/orange_ack_ws/install/orange_robot_interfaces/share/orange_robot_interfaces/cmake/export_orange_robot_interfaces__rosidl_typesupport_fastrtps_cExport-noconfig.cmake
-- Up-to-date: /home/mo/orange_ack_ws/install/orange_robot_interfaces/share/orange_robot_interfaces/cmake/orange_robot_interfaces__rosidl_typesupport_introspection_cExport.cmake
-- Up-to-date: /home/mo/orange_ack_ws/install/orange_robot_interfaces/share/orange_robot_interfaces/cmake/orange_robot_interfaces__rosidl_typesupport_introspection_cExport-noconfig.cmake
-- Up-to-date: /home/mo/orange_ack_ws/install/orange_robot_interfaces/share/orange_robot_interfaces/cmake/orange_robot_interfaces__rosidl_typesupport_cExport.cmake
-- Up-to-date: /home/mo/orange_ack_ws/install/orange_robot_interfaces/share/orange_robot_interfaces/cmake/orange_robot_interfaces__rosidl_typesupport_cExport-noconfig.cmake
-- Up-to-date: /home/mo/orange_ack_ws/install/orange_robot_interfaces/share/orange_robot_interfaces/cmake/export_orange_robot_interfaces__rosidl_generator_cppExport.cmake
-- Up-to-date: /home/mo/orange_ack_ws/install/orange_robot_interfaces/share/orange_robot_interfaces/cmake/export_orange_robot_interfaces__rosidl_typesupport_fastrtps_cppExport.cmake
-- Up-to-date: /home/mo/orange_ack_ws/install/orange_robot_interfaces/share/orange_robot_interfaces/cmake/export_orange_robot_interfaces__rosidl_typesupport_fastrtps_cppExport-noconfig.cmake
-- Up-to-date: /home/mo/orange_ack_ws/install/orange_robot_interfaces/share/orange_robot_interfaces/cmake/orange_robot_interfaces__rosidl_typesupport_introspection_cppExport.cmake
-- Up-to-date: /home/mo/orange_ack_ws/install/orange_robot_interfaces/share/orange_robot_interfaces/cmake/orange_robot_interfaces__rosidl_typesupport_introspection_cppExport-noconfig.cmake
-- Up-to-date: /home/mo/orange_ack_ws/install/orange_robot_interfaces/share/orange_robot_interfaces/cmake/orange_robot_interfaces__rosidl_typesupport_cppExport.cmake
-- Up-to-date: /home/mo/orange_ack_ws/install/orange_robot_interfaces/share/orange_robot_interfaces/cmake/orange_robot_interfaces__rosidl_typesupport_cppExport-noconfig.cmake
-- Up-to-date: /home/mo/orange_ack_ws/install/orange_robot_interfaces/share/orange_robot_interfaces/cmake/export_orange_robot_interfaces__rosidl_generator_pyExport.cmake
-- Up-to-date: /home/mo/orange_ack_ws/install/orange_robot_interfaces/share/orange_robot_interfaces/cmake/export_orange_robot_interfaces__rosidl_generator_pyExport-noconfig.cmake
-- Up-to-date: /home/mo/orange_ack_ws/install/orange_robot_interfaces/share/orange_robot_interfaces/cmake/rosidl_cmake-extras.cmake
-- Up-to-date: /home/mo/orange_ack_ws/install/orange_robot_interfaces/share/orange_robot_interfaces/cmake/ament_cmake_export_dependencies-extras.cmake
-- Up-to-date: /home/mo/orange_ack_ws/install/orange_robot_interfaces/share/orange_robot_interfaces/cmake/ament_cmake_export_include_directories-extras.cmake
-- Up-to-date: /home/mo/orange_ack_ws/install/orange_robot_interfaces/share/orange_robot_interfaces/cmake/ament_cmake_export_libraries-extras.cmake
-- Up-to-date: /home/mo/orange_ack_ws/install/orange_robot_interfaces/share/orange_robot_interfaces/cmake/ament_cmake_export_targets-extras.cmake
-- Up-to-date: /home/mo/orange_ack_ws/install/orange_robot_interfaces/share/orange_robot_interfaces/cmake/rosidl_cmake_export_typesupport_targets-extras.cmake
-- Up-to-date: /home/mo/orange_ack_ws/install/orange_robot_interfaces/share/orange_robot_interfaces/cmake/rosidl_cmake_export_typesupport_libraries-extras.cmake
-- Up-to-date: /home/mo/orange_ack_ws/install/orange_robot_interfaces/share/orange_robot_interfaces/cmake/orange_robot_interfacesConfig.cmake
-- Up-to-date: /home/mo/orange_ack_ws/install/orange_robot_interfaces/share/orange_robot_interfaces/cmake/orange_robot_interfacesConfig-version.cmake
-- Up-to-date: /home/mo/orange_ack_ws/install/orange_robot_interfaces/share/orange_robot_interfaces/package.xml
