[  2%] Built target orange_robot_interfaces__cpp
[ 12%] Built target orange_robot_interfaces__rosidl_generator_c
[ 12%] Built target ament_cmake_python_copy_orange_robot_interfaces
[ 69%] Built target orange_robot_interfaces__rosidl_typesupport_cpp
[ 58%] Built target orange_robot_interfaces__rosidl_typesupport_introspection_c
[ 71%] Built target orange_robot_interfaces__rosidl_typesupport_c
[ 71%] Built target orange_robot_interfaces__rosidl_typesupport_fastrtps_cpp
[ 71%] Built target orange_robot_interfaces__rosidl_typesupport_fastrtps_c
[ 74%] Built target orange_robot_interfaces__rosidl_typesupport_introspection_cpp
[ 74%] Built target orange_robot_interfaces
[ 76%] Built target orange_robot_interfaces__py
[ 84%] Built target orange_robot_interfaces__rosidl_generator_py
[ 94%] Built target orange_robot_interfaces__rosidl_typesupport_fastrtps_c__pyext
[ 94%] Built target orange_robot_interfaces__rosidl_typesupport_introspection_c__pyext
[100%] Built target orange_robot_interfaces__rosidl_typesupport_c__pyext
running egg_info
writing orange_robot_interfaces.egg-info/PKG-INFO
writing dependency_links to orange_robot_interfaces.egg-info/dependency_links.txt
writing top-level names to orange_robot_interfaces.egg-info/top_level.txt
reading manifest file 'orange_robot_interfaces.egg-info/SOURCES.txt'
writing manifest file 'orange_robot_interfaces.egg-info/SOURCES.txt'
[100%] Built target ament_cmake_python_build_orange_robot_interfaces_egg
-- Install configuration: ""
-- Up-to-date: /home/mo/orange_ack_ws/install/orange_robot_interfaces/share/ament_index/resource_index/rosidl_interfaces/orange_robot_interfaces
-- Up-to-date: /home/mo/orange_ack_ws/install/orange_robot_interfaces/include/orange_robot_interfaces/orange_robot_interfaces
-- Up-to-date: /home/mo/orange_ack_ws/install/orange_robot_interfaces/include/orange_robot_interfaces/orange_robot_interfaces/action
-- Up-to-date: /home/mo/orange_ack_ws/install/orange_robot_interfaces/include/orange_robot_interfaces/orange_robot_interfaces/action/detail
-- Up-to-date: /home/mo/orange_ack_ws/install/orange_robot_interfaces/include/orange_robot_interfaces/orange_robot_interfaces/action/detail/execute_sequence__struct.h
-- Up-to-date: /home/mo/orange_ack_ws/install/orange_robot_interfaces/include/orange_robot_interfaces/orange_robot_interfaces/action/detail/execute_sequence__type_support.h
-- Up-to-date: /home/mo/orange_ack_ws/install/orange_robot_interfaces/include/orange_robot_interfaces/orange_robot_interfaces/action/detail/execute_sequence__functions.h
-- Up-to-date: /home/mo/orange_ack_ws/install/orange_robot_interfaces/include/orange_robot_interfaces/orange_robot_interfaces/action/detail/execute_sequence__functions.c
-- Up-to-date: /home/mo/orange_ack_ws/install/orange_robot_interfaces/include/orange_robot_interfaces/orange_robot_interfaces/action/execute_sequence.h
-- Up-to-date: /home/mo/orange_ack_ws/install/orange_robot_interfaces/include/orange_robot_interfaces/orange_robot_interfaces/msg
-- Up-to-date: /home/mo/orange_ack_ws/install/orange_robot_interfaces/include/orange_robot_interfaces/orange_robot_interfaces/msg/rosidl_generator_c__visibility_control.h
-- Up-to-date: /home/mo/orange_ack_ws/install/orange_robot_interfaces/include/orange_robot_interfaces/orange_robot_interfaces/srv
-- Up-to-date: /home/mo/orange_ack_ws/install/orange_robot_interfaces/include/orange_robot_interfaces/orange_robot_interfaces/srv/detail
-- Up-to-date: /home/mo/orange_ack_ws/install/orange_robot_interfaces/include/orange_robot_interfaces/orange_robot_interfaces/srv/detail/calculate_angles__type_support.h
-- Up-to-date: /home/mo/orange_ack_ws/install/orange_robot_interfaces/include/orange_robot_interfaces/orange_robot_interfaces/srv/detail/calculate_angles__struct.h
-- Up-to-date: /home/mo/orange_ack_ws/install/orange_robot_interfaces/include/orange_robot_interfaces/orange_robot_interfaces/srv/detail/calculate_angles__functions.c
-- Up-to-date: /home/mo/orange_ack_ws/install/orange_robot_interfaces/include/orange_robot_interfaces/orange_robot_interfaces/srv/detail/calculate_angles__functions.h
-- Up-to-date: /home/mo/orange_ack_ws/install/orange_robot_interfaces/include/orange_robot_interfaces/orange_robot_interfaces/srv/calculate_angles.h
-- Up-to-date: /home/mo/orange_ack_ws/install/orange_robot_interfaces/share/orange_robot_interfaces/environment/library_path.sh
-- Up-to-date: /home/mo/orange_ack_ws/install/orange_robot_interfaces/share/orange_robot_interfaces/environment/library_path.dsv
-- Up-to-date: /home/mo/orange_ack_ws/install/orange_robot_interfaces/lib/liborange_robot_interfaces__rosidl_generator_c.so
-- Up-to-date: /home/mo/orange_ack_ws/install/orange_robot_interfaces/include/orange_robot_interfaces/orange_robot_interfaces
-- Up-to-date: /home/mo/orange_ack_ws/install/orange_robot_interfaces/include/orange_robot_interfaces/orange_robot_interfaces/action
-- Up-to-date: /home/mo/orange_ack_ws/install/orange_robot_interfaces/include/orange_robot_interfaces/orange_robot_interfaces/action/detail
-- Up-to-date: /home/mo/orange_ack_ws/install/orange_robot_interfaces/include/orange_robot_interfaces/orange_robot_interfaces/action/detail/execute_sequence__rosidl_typesupport_fastrtps_c.h
-- Up-to-date: /home/mo/orange_ack_ws/install/orange_robot_interfaces/include/orange_robot_interfaces/orange_robot_interfaces/msg
-- Up-to-date: /home/mo/orange_ack_ws/install/orange_robot_interfaces/include/orange_robot_interfaces/orange_robot_interfaces/msg/rosidl_typesupport_fastrtps_c__visibility_control.h
-- Up-to-date: /home/mo/orange_ack_ws/install/orange_robot_interfaces/include/orange_robot_interfaces/orange_robot_interfaces/srv
-- Up-to-date: /home/mo/orange_ack_ws/install/orange_robot_interfaces/include/orange_robot_interfaces/orange_robot_interfaces/srv/detail
-- Up-to-date: /home/mo/orange_ack_ws/install/orange_robot_interfaces/include/orange_robot_interfaces/orange_robot_interfaces/srv/detail/calculate_angles__rosidl_typesupport_fastrtps_c.h
-- Up-to-date: /home/mo/orange_ack_ws/install/orange_robot_interfaces/lib/liborange_robot_interfaces__rosidl_typesupport_fastrtps_c.so
-- Up-to-date: /home/mo/orange_ack_ws/install/orange_robot_interfaces/include/orange_robot_interfaces/orange_robot_interfaces
-- Up-to-date: /home/mo/orange_ack_ws/install/orange_robot_interfaces/include/orange_robot_interfaces/orange_robot_interfaces/action
-- Up-to-date: /home/mo/orange_ack_ws/install/orange_robot_interfaces/include/orange_robot_interfaces/orange_robot_interfaces/action/detail
-- Up-to-date: /home/mo/orange_ack_ws/install/orange_robot_interfaces/include/orange_robot_interfaces/orange_robot_interfaces/action/detail/execute_sequence__rosidl_typesupport_introspection_c.h
-- Up-to-date: /home/mo/orange_ack_ws/install/orange_robot_interfaces/include/orange_robot_interfaces/orange_robot_interfaces/action/detail/execute_sequence__type_support.c
-- Up-to-date: /home/mo/orange_ack_ws/install/orange_robot_interfaces/include/orange_robot_interfaces/orange_robot_interfaces/msg
-- Up-to-date: /home/mo/orange_ack_ws/install/orange_robot_interfaces/include/orange_robot_interfaces/orange_robot_interfaces/msg/rosidl_typesupport_introspection_c__visibility_control.h
-- Up-to-date: /home/mo/orange_ack_ws/install/orange_robot_interfaces/include/orange_robot_interfaces/orange_robot_interfaces/srv
-- Up-to-date: /home/mo/orange_ack_ws/install/orange_robot_interfaces/include/orange_robot_interfaces/orange_robot_interfaces/srv/detail
-- Up-to-date: /home/mo/orange_ack_ws/install/orange_robot_interfaces/include/orange_robot_interfaces/orange_robot_interfaces/srv/detail/calculate_angles__rosidl_typesupport_introspection_c.h
-- Up-to-date: /home/mo/orange_ack_ws/install/orange_robot_interfaces/include/orange_robot_interfaces/orange_robot_interfaces/srv/detail/calculate_angles__type_support.c
-- Up-to-date: /home/mo/orange_ack_ws/install/orange_robot_interfaces/lib/liborange_robot_interfaces__rosidl_typesupport_introspection_c.so
-- Up-to-date: /home/mo/orange_ack_ws/install/orange_robot_interfaces/lib/liborange_robot_interfaces__rosidl_typesupport_c.so
-- Up-to-date: /home/mo/orange_ack_ws/install/orange_robot_interfaces/include/orange_robot_interfaces/orange_robot_interfaces
-- Up-to-date: /home/mo/orange_ack_ws/install/orange_robot_interfaces/include/orange_robot_interfaces/orange_robot_interfaces/action
-- Up-to-date: /home/mo/orange_ack_ws/install/orange_robot_interfaces/include/orange_robot_interfaces/orange_robot_interfaces/action/detail
-- Up-to-date: /home/mo/orange_ack_ws/install/orange_robot_interfaces/include/orange_robot_interfaces/orange_robot_interfaces/action/detail/execute_sequence__struct.hpp
-- Up-to-date: /home/mo/orange_ack_ws/install/orange_robot_interfaces/include/orange_robot_interfaces/orange_robot_interfaces/action/detail/execute_sequence__traits.hpp
-- Up-to-date: /home/mo/orange_ack_ws/install/orange_robot_interfaces/include/orange_robot_interfaces/orange_robot_interfaces/action/detail/execute_sequence__type_support.hpp
-- Up-to-date: /home/mo/orange_ack_ws/install/orange_robot_interfaces/include/orange_robot_interfaces/orange_robot_interfaces/action/detail/execute_sequence__builder.hpp
-- Up-to-date: /home/mo/orange_ack_ws/install/orange_robot_interfaces/include/orange_robot_interfaces/orange_robot_interfaces/action/execute_sequence.hpp
-- Up-to-date: /home/mo/orange_ack_ws/install/orange_robot_interfaces/include/orange_robot_interfaces/orange_robot_interfaces/msg
-- Up-to-date: /home/mo/orange_ack_ws/install/orange_robot_interfaces/include/orange_robot_interfaces/orange_robot_interfaces/msg/rosidl_generator_cpp__visibility_control.hpp
-- Up-to-date: /home/mo/orange_ack_ws/install/orange_robot_interfaces/include/orange_robot_interfaces/orange_robot_interfaces/srv
-- Up-to-date: /home/mo/orange_ack_ws/install/orange_robot_interfaces/include/orange_robot_interfaces/orange_robot_interfaces/srv/calculate_angles.hpp
-- Up-to-date: /home/mo/orange_ack_ws/install/orange_robot_interfaces/include/orange_robot_interfaces/orange_robot_interfaces/srv/detail
-- Up-to-date: /home/mo/orange_ack_ws/install/orange_robot_interfaces/include/orange_robot_interfaces/orange_robot_interfaces/srv/detail/calculate_angles__type_support.hpp
-- Up-to-date: /home/mo/orange_ack_ws/install/orange_robot_interfaces/include/orange_robot_interfaces/orange_robot_interfaces/srv/detail/calculate_angles__struct.hpp
-- Up-to-date: /home/mo/orange_ack_ws/install/orange_robot_interfaces/include/orange_robot_interfaces/orange_robot_interfaces/srv/detail/calculate_angles__traits.hpp
-- Up-to-date: /home/mo/orange_ack_ws/install/orange_robot_interfaces/include/orange_robot_interfaces/orange_robot_interfaces/srv/detail/calculate_angles__builder.hpp
-- Up-to-date: /home/mo/orange_ack_ws/install/orange_robot_interfaces/include/orange_robot_interfaces/orange_robot_interfaces
-- Up-to-date: /home/mo/orange_ack_ws/install/orange_robot_interfaces/include/orange_robot_interfaces/orange_robot_interfaces/action
-- Up-to-date: /home/mo/orange_ack_ws/install/orange_robot_interfaces/include/orange_robot_interfaces/orange_robot_interfaces/action/detail
-- Up-to-date: /home/mo/orange_ack_ws/install/orange_robot_interfaces/include/orange_robot_interfaces/orange_robot_interfaces/action/detail/dds_fastrtps
-- Up-to-date: /home/mo/orange_ack_ws/install/orange_robot_interfaces/include/orange_robot_interfaces/orange_robot_interfaces/action/detail/execute_sequence__rosidl_typesupport_fastrtps_cpp.hpp
-- Up-to-date: /home/mo/orange_ack_ws/install/orange_robot_interfaces/include/orange_robot_interfaces/orange_robot_interfaces/msg
-- Up-to-date: /home/mo/orange_ack_ws/install/orange_robot_interfaces/include/orange_robot_interfaces/orange_robot_interfaces/msg/rosidl_typesupport_fastrtps_cpp__visibility_control.h
-- Up-to-date: /home/mo/orange_ack_ws/install/orange_robot_interfaces/include/orange_robot_interfaces/orange_robot_interfaces/srv
-- Up-to-date: /home/mo/orange_ack_ws/install/orange_robot_interfaces/include/orange_robot_interfaces/orange_robot_interfaces/srv/detail
-- Up-to-date: /home/mo/orange_ack_ws/install/orange_robot_interfaces/include/orange_robot_interfaces/orange_robot_interfaces/srv/detail/dds_fastrtps
-- Up-to-date: /home/mo/orange_ack_ws/install/orange_robot_interfaces/include/orange_robot_interfaces/orange_robot_interfaces/srv/detail/calculate_angles__rosidl_typesupport_fastrtps_cpp.hpp
-- Up-to-date: /home/mo/orange_ack_ws/install/orange_robot_interfaces/lib/liborange_robot_interfaces__rosidl_typesupport_fastrtps_cpp.so
-- Up-to-date: /home/mo/orange_ack_ws/install/orange_robot_interfaces/include/orange_robot_interfaces/orange_robot_interfaces
-- Up-to-date: /home/mo/orange_ack_ws/install/orange_robot_interfaces/include/orange_robot_interfaces/orange_robot_interfaces/action
-- Up-to-date: /home/mo/orange_ack_ws/install/orange_robot_interfaces/include/orange_robot_interfaces/orange_robot_interfaces/action/detail
-- Up-to-date: /home/mo/orange_ack_ws/install/orange_robot_interfaces/include/orange_robot_interfaces/orange_robot_interfaces/action/detail/execute_sequence__type_support.cpp
-- Up-to-date: /home/mo/orange_ack_ws/install/orange_robot_interfaces/include/orange_robot_interfaces/orange_robot_interfaces/action/detail/execute_sequence__rosidl_typesupport_introspection_cpp.hpp
-- Up-to-date: /home/mo/orange_ack_ws/install/orange_robot_interfaces/include/orange_robot_interfaces/orange_robot_interfaces/srv
-- Up-to-date: /home/mo/orange_ack_ws/install/orange_robot_interfaces/include/orange_robot_interfaces/orange_robot_interfaces/srv/detail
-- Up-to-date: /home/mo/orange_ack_ws/install/orange_robot_interfaces/include/orange_robot_interfaces/orange_robot_interfaces/srv/detail/calculate_angles__rosidl_typesupport_introspection_cpp.hpp
-- Up-to-date: /home/mo/orange_ack_ws/install/orange_robot_interfaces/include/orange_robot_interfaces/orange_robot_interfaces/srv/detail/calculate_angles__type_support.cpp
-- Up-to-date: /home/mo/orange_ack_ws/install/orange_robot_interfaces/lib/liborange_robot_interfaces__rosidl_typesupport_introspection_cpp.so
-- Up-to-date: /home/mo/orange_ack_ws/install/orange_robot_interfaces/lib/liborange_robot_interfaces__rosidl_typesupport_cpp.so
-- Up-to-date: /home/mo/orange_ack_ws/install/orange_robot_interfaces/share/orange_robot_interfaces/environment/pythonpath.sh
-- Up-to-date: /home/mo/orange_ack_ws/install/orange_robot_interfaces/share/orange_robot_interfaces/environment/pythonpath.dsv
-- Up-to-date: /home/mo/orange_ack_ws/install/orange_robot_interfaces/local/lib/python3.10/dist-packages/orange_robot_interfaces-0.0.1-py3.10.egg-info
-- Installing: /home/mo/orange_ack_ws/install/orange_robot_interfaces/local/lib/python3.10/dist-packages/orange_robot_interfaces-0.0.1-py3.10.egg-info/top_level.txt
-- Installing: /home/mo/orange_ack_ws/install/orange_robot_interfaces/local/lib/python3.10/dist-packages/orange_robot_interfaces-0.0.1-py3.10.egg-info/dependency_links.txt
-- Installing: /home/mo/orange_ack_ws/install/orange_robot_interfaces/local/lib/python3.10/dist-packages/orange_robot_interfaces-0.0.1-py3.10.egg-info/PKG-INFO
-- Installing: /home/mo/orange_ack_ws/install/orange_robot_interfaces/local/lib/python3.10/dist-packages/orange_robot_interfaces-0.0.1-py3.10.egg-info/SOURCES.txt
-- Up-to-date: /home/mo/orange_ack_ws/install/orange_robot_interfaces/local/lib/python3.10/dist-packages/orange_robot_interfaces
-- Up-to-date: /home/mo/orange_ack_ws/install/orange_robot_interfaces/local/lib/python3.10/dist-packages/orange_robot_interfaces/action
-- Up-to-date: /home/mo/orange_ack_ws/install/orange_robot_interfaces/local/lib/python3.10/dist-packages/orange_robot_interfaces/action/__init__.py
-- Up-to-date: /home/mo/orange_ack_ws/install/orange_robot_interfaces/local/lib/python3.10/dist-packages/orange_robot_interfaces/action/_execute_sequence_s.c
-- Up-to-date: /home/mo/orange_ack_ws/install/orange_robot_interfaces/local/lib/python3.10/dist-packages/orange_robot_interfaces/action/_execute_sequence.py
-- Up-to-date: /home/mo/orange_ack_ws/install/orange_robot_interfaces/local/lib/python3.10/dist-packages/orange_robot_interfaces/__init__.py
-- Up-to-date: /home/mo/orange_ack_ws/install/orange_robot_interfaces/local/lib/python3.10/dist-packages/orange_robot_interfaces/orange_robot_interfaces_s__rosidl_typesupport_fastrtps_c.cpython-310-x86_64-linux-gnu.so
-- Up-to-date: /home/mo/orange_ack_ws/install/orange_robot_interfaces/local/lib/python3.10/dist-packages/orange_robot_interfaces/orange_robot_interfaces_s__rosidl_typesupport_c.cpython-310-x86_64-linux-gnu.so
-- Up-to-date: /home/mo/orange_ack_ws/install/orange_robot_interfaces/local/lib/python3.10/dist-packages/orange_robot_interfaces/_orange_robot_interfaces_s.ep.rosidl_typesupport_introspection_c.c
-- Up-to-date: /home/mo/orange_ack_ws/install/orange_robot_interfaces/local/lib/python3.10/dist-packages/orange_robot_interfaces/_orange_robot_interfaces_s.ep.rosidl_typesupport_fastrtps_c.c
-- Up-to-date: /home/mo/orange_ack_ws/install/orange_robot_interfaces/local/lib/python3.10/dist-packages/orange_robot_interfaces/srv
-- Up-to-date: /home/mo/orange_ack_ws/install/orange_robot_interfaces/local/lib/python3.10/dist-packages/orange_robot_interfaces/srv/__init__.py
-- Up-to-date: /home/mo/orange_ack_ws/install/orange_robot_interfaces/local/lib/python3.10/dist-packages/orange_robot_interfaces/srv/_calculate_angles_s.c
-- Up-to-date: /home/mo/orange_ack_ws/install/orange_robot_interfaces/local/lib/python3.10/dist-packages/orange_robot_interfaces/srv/_calculate_angles.py
-- Up-to-date: /home/mo/orange_ack_ws/install/orange_robot_interfaces/local/lib/python3.10/dist-packages/orange_robot_interfaces/_orange_robot_interfaces_s.ep.rosidl_typesupport_c.c
-- Up-to-date: /home/mo/orange_ack_ws/install/orange_robot_interfaces/local/lib/python3.10/dist-packages/orange_robot_interfaces/orange_robot_interfaces_s__rosidl_typesupport_introspection_c.cpython-310-x86_64-linux-gnu.so
-- Up-to-date: /home/mo/orange_ack_ws/install/orange_robot_interfaces/local/lib/python3.10/dist-packages/orange_robot_interfaces/liborange_robot_interfaces__rosidl_generator_py.so
Listing '/home/mo/orange_ack_ws/install/orange_robot_interfaces/local/lib/python3.10/dist-packages/orange_robot_interfaces'...
Listing '/home/mo/orange_ack_ws/install/orange_robot_interfaces/local/lib/python3.10/dist-packages/orange_robot_interfaces/action'...
Listing '/home/mo/orange_ack_ws/install/orange_robot_interfaces/local/lib/python3.10/dist-packages/orange_robot_interfaces/srv'...
-- Up-to-date: /home/mo/orange_ack_ws/install/orange_robot_interfaces/local/lib/python3.10/dist-packages/orange_robot_interfaces/orange_robot_interfaces_s__rosidl_typesupport_fastrtps_c.cpython-310-x86_64-linux-gnu.so
-- Up-to-date: /home/mo/orange_ack_ws/install/orange_robot_interfaces/local/lib/python3.10/dist-packages/orange_robot_interfaces/orange_robot_interfaces_s__rosidl_typesupport_introspection_c.cpython-310-x86_64-linux-gnu.so
-- Up-to-date: /home/mo/orange_ack_ws/install/orange_robot_interfaces/local/lib/python3.10/dist-packages/orange_robot_interfaces/orange_robot_interfaces_s__rosidl_typesupport_c.cpython-310-x86_64-linux-gnu.so
-- Up-to-date: /home/mo/orange_ack_ws/install/orange_robot_interfaces/lib/liborange_robot_interfaces__rosidl_generator_py.so
-- Up-to-date: /home/mo/orange_ack_ws/install/orange_robot_interfaces/share/orange_robot_interfaces/srv/CalculateAngles.idl
-- Up-to-date: /home/mo/orange_ack_ws/install/orange_robot_interfaces/share/orange_robot_interfaces/action/ExecuteSequence.idl
-- Up-to-date: /home/mo/orange_ack_ws/install/orange_robot_interfaces/share/orange_robot_interfaces/srv/CalculateAngles.srv
-- Up-to-date: /home/mo/orange_ack_ws/install/orange_robot_interfaces/share/orange_robot_interfaces/srv/CalculateAngles_Request.msg
-- Up-to-date: /home/mo/orange_ack_ws/install/orange_robot_interfaces/share/orange_robot_interfaces/srv/CalculateAngles_Response.msg
-- Up-to-date: /home/mo/orange_ack_ws/install/orange_robot_interfaces/share/orange_robot_interfaces/action/ExecuteSequence.action
-- Up-to-date: /home/mo/orange_ack_ws/install/orange_robot_interfaces/share/ament_index/resource_index/package_run_dependencies/orange_robot_interfaces
-- Up-to-date: /home/mo/orange_ack_ws/install/orange_robot_interfaces/share/ament_index/resource_index/parent_prefix_path/orange_robot_interfaces
-- Up-to-date: /home/mo/orange_ack_ws/install/orange_robot_interfaces/share/orange_robot_interfaces/environment/ament_prefix_path.sh
-- Up-to-date: /home/mo/orange_ack_ws/install/orange_robot_interfaces/share/orange_robot_interfaces/environment/ament_prefix_path.dsv
-- Up-to-date: /home/mo/orange_ack_ws/install/orange_robot_interfaces/share/orange_robot_interfaces/environment/path.sh
-- Up-to-date: /home/mo/orange_ack_ws/install/orange_robot_interfaces/share/orange_robot_interfaces/environment/path.dsv
-- Up-to-date: /home/mo/orange_ack_ws/install/orange_robot_interfaces/share/orange_robot_interfaces/local_setup.bash
-- Up-to-date: /home/mo/orange_ack_ws/install/orange_robot_interfaces/share/orange_robot_interfaces/local_setup.sh
-- Up-to-date: /home/mo/orange_ack_ws/install/orange_robot_interfaces/share/orange_robot_interfaces/local_setup.zsh
-- Up-to-date: /home/mo/orange_ack_ws/install/orange_robot_interfaces/share/orange_robot_interfaces/local_setup.dsv
-- Installing: /home/mo/orange_ack_ws/install/orange_robot_interfaces/share/orange_robot_interfaces/package.dsv
-- Up-to-date: /home/mo/orange_ack_ws/install/orange_robot_interfaces/share/ament_index/resource_index/packages/orange_robot_interfaces
-- Up-to-date: /home/mo/orange_ack_ws/install/orange_robot_interfaces/share/orange_robot_interfaces/cmake/export_orange_robot_interfaces__rosidl_generator_cExport.cmake
-- Up-to-date: /home/mo/orange_ack_ws/install/orange_robot_interfaces/share/orange_robot_interfaces/cmake/export_orange_robot_interfaces__rosidl_generator_cExport-noconfig.cmake
-- Up-to-date: /home/mo/orange_ack_ws/install/orange_robot_interfaces/share/orange_robot_interfaces/cmake/export_orange_robot_interfaces__rosidl_typesupport_fastrtps_cExport.cmake
-- Up-to-date: /home/mo/orange_ack_ws/install/orange_robot_interfaces/share/orange_robot_interfaces/cmake/export_orange_robot_interfaces__rosidl_typesupport_fastrtps_cExport-noconfig.cmake
-- Up-to-date: /home/mo/orange_ack_ws/install/orange_robot_interfaces/share/orange_robot_interfaces/cmake/orange_robot_interfaces__rosidl_typesupport_introspection_cExport.cmake
-- Up-to-date: /home/mo/orange_ack_ws/install/orange_robot_interfaces/share/orange_robot_interfaces/cmake/orange_robot_interfaces__rosidl_typesupport_introspection_cExport-noconfig.cmake
-- Up-to-date: /home/mo/orange_ack_ws/install/orange_robot_interfaces/share/orange_robot_interfaces/cmake/orange_robot_interfaces__rosidl_typesupport_cExport.cmake
-- Up-to-date: /home/mo/orange_ack_ws/install/orange_robot_interfaces/share/orange_robot_interfaces/cmake/orange_robot_interfaces__rosidl_typesupport_cExport-noconfig.cmake
-- Up-to-date: /home/mo/orange_ack_ws/install/orange_robot_interfaces/share/orange_robot_interfaces/cmake/export_orange_robot_interfaces__rosidl_generator_cppExport.cmake
-- Up-to-date: /home/mo/orange_ack_ws/install/orange_robot_interfaces/share/orange_robot_interfaces/cmake/export_orange_robot_interfaces__rosidl_typesupport_fastrtps_cppExport.cmake
-- Up-to-date: /home/mo/orange_ack_ws/install/orange_robot_interfaces/share/orange_robot_interfaces/cmake/export_orange_robot_interfaces__rosidl_typesupport_fastrtps_cppExport-noconfig.cmake
-- Up-to-date: /home/mo/orange_ack_ws/install/orange_robot_interfaces/share/orange_robot_interfaces/cmake/orange_robot_interfaces__rosidl_typesupport_introspection_cppExport.cmake
-- Up-to-date: /home/mo/orange_ack_ws/install/orange_robot_interfaces/share/orange_robot_interfaces/cmake/orange_robot_interfaces__rosidl_typesupport_introspection_cppExport-noconfig.cmake
-- Up-to-date: /home/mo/orange_ack_ws/install/orange_robot_interfaces/share/orange_robot_interfaces/cmake/orange_robot_interfaces__rosidl_typesupport_cppExport.cmake
-- Up-to-date: /home/mo/orange_ack_ws/install/orange_robot_interfaces/share/orange_robot_interfaces/cmake/orange_robot_interfaces__rosidl_typesupport_cppExport-noconfig.cmake
-- Up-to-date: /home/mo/orange_ack_ws/install/orange_robot_interfaces/share/orange_robot_interfaces/cmake/export_orange_robot_interfaces__rosidl_generator_pyExport.cmake
-- Up-to-date: /home/mo/orange_ack_ws/install/orange_robot_interfaces/share/orange_robot_interfaces/cmake/export_orange_robot_interfaces__rosidl_generator_pyExport-noconfig.cmake
-- Up-to-date: /home/mo/orange_ack_ws/install/orange_robot_interfaces/share/orange_robot_interfaces/cmake/rosidl_cmake-extras.cmake
-- Up-to-date: /home/mo/orange_ack_ws/install/orange_robot_interfaces/share/orange_robot_interfaces/cmake/ament_cmake_export_dependencies-extras.cmake
-- Up-to-date: /home/mo/orange_ack_ws/install/orange_robot_interfaces/share/orange_robot_interfaces/cmake/ament_cmake_export_include_directories-extras.cmake
-- Up-to-date: /home/mo/orange_ack_ws/install/orange_robot_interfaces/share/orange_robot_interfaces/cmake/ament_cmake_export_libraries-extras.cmake
-- Up-to-date: /home/mo/orange_ack_ws/install/orange_robot_interfaces/share/orange_robot_interfaces/cmake/ament_cmake_export_targets-extras.cmake
-- Up-to-date: /home/mo/orange_ack_ws/install/orange_robot_interfaces/share/orange_robot_interfaces/cmake/rosidl_cmake_export_typesupport_targets-extras.cmake
-- Up-to-date: /home/mo/orange_ack_ws/install/orange_robot_interfaces/share/orange_robot_interfaces/cmake/rosidl_cmake_export_typesupport_libraries-extras.cmake
-- Up-to-date: /home/mo/orange_ack_ws/install/orange_robot_interfaces/share/orange_robot_interfaces/cmake/orange_robot_interfacesConfig.cmake
-- Up-to-date: /home/mo/orange_ack_ws/install/orange_robot_interfaces/share/orange_robot_interfaces/cmake/orange_robot_interfacesConfig-version.cmake
-- Up-to-date: /home/mo/orange_ack_ws/install/orange_robot_interfaces/share/orange_robot_interfaces/package.xml
