[0.011s] Invoking command in '/home/mo/orange_ack_ws/build/orange_robot_interfaces': CMAKE_PREFIX_PATH=${CMAKE_PREFIX_PATH}:/home/mo/orange_ack_ws/install/orange_robot:/home/mo/ws_moveit2/install/moveit_configs_utils:/home/mo/ws_moveit2/install/launch_param_builder:/opt/ros/humble /usr/bin/cmake --build /home/mo/orange_ack_ws/build/orange_robot_interfaces -- -j16 -l16
[0.031s] -- Found ament_cmake: 1.3.11 (/opt/ros/humble/share/ament_cmake/cmake)
[0.112s] -- Found rosidl_default_generators: 1.2.0 (/opt/ros/humble/share/rosidl_default_generators/cmake)
[0.119s] -- Using all available rosidl_typesupport_c: rosidl_typesupport_fastrtps_c;rosidl_typesupport_introspection_c
[0.121s] -- Found rosidl_adapter: 3.1.6 (/opt/ros/humble/share/rosidl_adapter/cmake)
[0.141s] -- Using all available rosidl_typesupport_cpp: rosidl_typesupport_fastrtps_cpp;rosidl_typesupport_introspection_cpp
[0.156s] -- Found std_msgs: 4.8.0 (/opt/ros/humble/share/std_msgs/cmake)
[0.375s] -- Found ament_cmake_ros: 0.10.0 (/opt/ros/humble/share/ament_cmake_ros/cmake)
[0.526s] -- Using all available rosidl_typesupport_c: rosidl_typesupport_fastrtps_c;rosidl_typesupport_introspection_c
[0.711s] -- Using all available rosidl_typesupport_cpp: rosidl_typesupport_fastrtps_cpp;rosidl_typesupport_introspection_cpp
[0.731s] -- Found python_cmake_module: 0.10.0 (/opt/ros/humble/share/python_cmake_module/cmake)
[0.749s] -- Using PYTHON_EXECUTABLE: /usr/bin/python3
[0.749s] -- Using PYTHON_INCLUDE_DIRS: /usr/include/python3.10
[0.749s] -- Using PYTHON_LIBRARIES: /usr/lib/x86_64-linux-gnu/libpython3.10.so
[0.800s] -- Configuring done
[0.820s] -- Generating done
[0.828s] -- Build files have been written to: /home/mo/orange_ack_ws/build/orange_robot_interfaces
[0.853s] [  2%] [34m[1mGenerating C code for ROS interfaces[0m
[0.863s] [  5%] [34m[1mGenerating C++ code for ROS interfaces[0m
[0.870s] [  5%] Built target ament_cmake_python_copy_orange_robot_interfaces
[1.049s] running egg_info
[1.050s] writing orange_robot_interfaces.egg-info/PKG-INFO
[1.050s] writing dependency_links to orange_robot_interfaces.egg-info/dependency_links.txt
[1.050s] writing top-level names to orange_robot_interfaces.egg-info/top_level.txt
[1.051s] reading manifest file 'orange_robot_interfaces.egg-info/SOURCES.txt'
[1.052s] writing manifest file 'orange_robot_interfaces.egg-info/SOURCES.txt'
[1.075s] [  5%] Built target ament_cmake_python_build_orange_robot_interfaces_egg
[1.219s] [35m[1mConsolidate compiler generated dependencies of target orange_robot_interfaces__rosidl_generator_c[0m
[1.225s] [  5%] Built target orange_robot_interfaces__cpp
[1.229s] [  7%] [32mBuilding C object CMakeFiles/orange_robot_interfaces__rosidl_generator_c.dir/rosidl_generator_c/orange_robot_interfaces/srv/detail/calculate_angles__functions.c.o[0m
[1.229s] [ 10%] [32mBuilding C object CMakeFiles/orange_robot_interfaces__rosidl_generator_c.dir/rosidl_generator_c/orange_robot_interfaces/action/detail/execute_sequence__functions.c.o[0m
[1.235s] [ 12%] [34m[1mGenerating C++ type support dispatch for ROS interfaces[0m
[1.235s] [ 15%] [34m[1mGenerating C++ type support for eProsima Fast-RTPS[0m
[1.235s] [ 17%] [34m[1mGenerating C++ introspection for ROS interfaces[0m
[1.328s] [ 20%] [32m[1mLinking C shared library liborange_robot_interfaces__rosidl_generator_c.so[0m
[1.364s] [ 20%] Built target orange_robot_interfaces__rosidl_generator_c
[1.376s] [ 28%] [34m[1mGenerating C introspection for ROS interfaces[0m
[1.376s] [ 28%] [34m[1mGenerating C type support dispatch for ROS interfaces[0m
[1.377s] [ 28%] [34m[1mGenerating C type support for eProsima Fast-RTPS[0m
[1.485s] [35m[1mConsolidate compiler generated dependencies of target orange_robot_interfaces__rosidl_typesupport_cpp[0m
[1.500s] [ 30%] [32mBuilding CXX object CMakeFiles/orange_robot_interfaces__rosidl_typesupport_cpp.dir/rosidl_typesupport_cpp/orange_robot_interfaces/srv/calculate_angles__type_support.cpp.o[0m
[1.500s] [ 33%] [32mBuilding CXX object CMakeFiles/orange_robot_interfaces__rosidl_typesupport_cpp.dir/rosidl_typesupport_cpp/orange_robot_interfaces/action/execute_sequence__type_support.cpp.o[0m
[1.536s] [35m[1mConsolidate compiler generated dependencies of target orange_robot_interfaces__rosidl_typesupport_introspection_cpp[0m
[1.550s] [ 38%] [32mBuilding CXX object CMakeFiles/orange_robot_interfaces__rosidl_typesupport_introspection_cpp.dir/rosidl_typesupport_introspection_cpp/orange_robot_interfaces/srv/detail/calculate_angles__type_support.cpp.o[0m
[1.551s] [ 38%] [32mBuilding CXX object CMakeFiles/orange_robot_interfaces__rosidl_typesupport_introspection_cpp.dir/rosidl_typesupport_introspection_cpp/orange_robot_interfaces/action/detail/execute_sequence__type_support.cpp.o[0m
[1.592s] [35m[1mConsolidate compiler generated dependencies of target orange_robot_interfaces__rosidl_typesupport_fastrtps_cpp[0m
[1.608s] [ 41%] [32mBuilding CXX object CMakeFiles/orange_robot_interfaces__rosidl_typesupport_fastrtps_cpp.dir/rosidl_typesupport_fastrtps_cpp/orange_robot_interfaces/srv/detail/dds_fastrtps/calculate_angles__type_support.cpp.o[0m
[1.614s] [ 43%] [32mBuilding CXX object CMakeFiles/orange_robot_interfaces__rosidl_typesupport_fastrtps_cpp.dir/rosidl_typesupport_fastrtps_cpp/orange_robot_interfaces/action/detail/dds_fastrtps/execute_sequence__type_support.cpp.o[0m
[1.646s] [35m[1mConsolidate compiler generated dependencies of target orange_robot_interfaces__rosidl_typesupport_c[0m
[1.669s] [ 48%] [32mBuilding CXX object CMakeFiles/orange_robot_interfaces__rosidl_typesupport_c.dir/rosidl_typesupport_c/orange_robot_interfaces/srv/calculate_angles__type_support.cpp.o[0m
[1.669s] [ 48%] [32mBuilding CXX object CMakeFiles/orange_robot_interfaces__rosidl_typesupport_c.dir/rosidl_typesupport_c/orange_robot_interfaces/action/execute_sequence__type_support.cpp.o[0m
[1.724s] [35m[1mConsolidate compiler generated dependencies of target orange_robot_interfaces__rosidl_typesupport_introspection_c[0m
[1.732s] [ 51%] [32m[1mLinking CXX shared library liborange_robot_interfaces__rosidl_typesupport_c.so[0m
[1.738s] [ 53%] [32mBuilding C object CMakeFiles/orange_robot_interfaces__rosidl_typesupport_introspection_c.dir/rosidl_typesupport_introspection_c/orange_robot_interfaces/srv/detail/calculate_angles__type_support.c.o[0m
[1.743s] [ 56%] [32mBuilding C object CMakeFiles/orange_robot_interfaces__rosidl_typesupport_introspection_c.dir/rosidl_typesupport_introspection_c/orange_robot_interfaces/action/detail/execute_sequence__type_support.c.o[0m
[1.760s] [35m[1mConsolidate compiler generated dependencies of target orange_robot_interfaces__rosidl_typesupport_fastrtps_c[0m
[1.774s] [ 56%] Built target orange_robot_interfaces__rosidl_typesupport_c
[1.776s] [ 61%] [32mBuilding CXX object CMakeFiles/orange_robot_interfaces__rosidl_typesupport_fastrtps_c.dir/rosidl_typesupport_fastrtps_c/orange_robot_interfaces/srv/detail/calculate_angles__type_support_c.cpp.o[0m
[1.777s] [ 61%] [32mBuilding CXX object CMakeFiles/orange_robot_interfaces__rosidl_typesupport_fastrtps_c.dir/rosidl_typesupport_fastrtps_c/orange_robot_interfaces/action/detail/execute_sequence__type_support_c.cpp.o[0m
[1.804s] [ 64%] [32m[1mLinking C shared library liborange_robot_interfaces__rosidl_typesupport_introspection_c.so[0m
[1.839s] [ 64%] Built target orange_robot_interfaces__rosidl_typesupport_introspection_c
[1.864s] [ 66%] [32m[1mLinking CXX shared library liborange_robot_interfaces__rosidl_typesupport_cpp.so[0m
[1.904s] [ 66%] Built target orange_robot_interfaces__rosidl_typesupport_cpp
[2.023s] [ 69%] [32m[1mLinking CXX shared library liborange_robot_interfaces__rosidl_typesupport_introspection_cpp.so[0m
[2.075s] [ 71%] [32m[1mLinking CXX shared library liborange_robot_interfaces__rosidl_typesupport_fastrtps_c.so[0m
[2.096s] [ 71%] Built target orange_robot_interfaces__rosidl_typesupport_introspection_cpp
[2.105s] [ 74%] [32m[1mLinking CXX shared library liborange_robot_interfaces__rosidl_typesupport_fastrtps_cpp.so[0m
[2.133s] [ 74%] Built target orange_robot_interfaces__rosidl_typesupport_fastrtps_c
[2.161s] [ 74%] Built target orange_robot_interfaces__rosidl_typesupport_fastrtps_cpp
[2.180s] [ 74%] Built target orange_robot_interfaces
[2.197s] [ 76%] [34m[1mGenerating Python code for ROS interfaces[0m
[2.804s] [ 76%] Built target orange_robot_interfaces__py
[2.813s] [35m[1mConsolidate compiler generated dependencies of target orange_robot_interfaces__rosidl_generator_py[0m
[2.824s] [ 79%] [32mBuilding C object CMakeFiles/orange_robot_interfaces__rosidl_generator_py.dir/rosidl_generator_py/orange_robot_interfaces/srv/_calculate_angles_s.c.o[0m
[2.824s] [ 82%] [32mBuilding C object CMakeFiles/orange_robot_interfaces__rosidl_generator_py.dir/rosidl_generator_py/orange_robot_interfaces/action/_execute_sequence_s.c.o[0m
[2.924s] [ 84%] [32m[1mLinking C shared library rosidl_generator_py/orange_robot_interfaces/liborange_robot_interfaces__rosidl_generator_py.so[0m
[2.958s] [ 84%] Built target orange_robot_interfaces__rosidl_generator_py
[2.969s] [35m[1mConsolidate compiler generated dependencies of target orange_robot_interfaces__rosidl_typesupport_introspection_c__pyext[0m
[2.969s] [35m[1mConsolidate compiler generated dependencies of target orange_robot_interfaces__rosidl_typesupport_fastrtps_c__pyext[0m
[2.969s] [35m[1mConsolidate compiler generated dependencies of target orange_robot_interfaces__rosidl_typesupport_c__pyext[0m
[2.980s] [ 92%] [32mBuilding C object CMakeFiles/orange_robot_interfaces__rosidl_typesupport_introspection_c__pyext.dir/rosidl_generator_py/orange_robot_interfaces/_orange_robot_interfaces_s.ep.rosidl_typesupport_introspection_c.c.o[0m
[2.980s] [ 92%] [32mBuilding C object CMakeFiles/orange_robot_interfaces__rosidl_typesupport_c__pyext.dir/rosidl_generator_py/orange_robot_interfaces/_orange_robot_interfaces_s.ep.rosidl_typesupport_c.c.o[0m
[2.980s] [ 92%] [32mBuilding C object CMakeFiles/orange_robot_interfaces__rosidl_typesupport_fastrtps_c__pyext.dir/rosidl_generator_py/orange_robot_interfaces/_orange_robot_interfaces_s.ep.rosidl_typesupport_fastrtps_c.c.o[0m
[3.072s] [100%] [32m[1mLinking C shared library rosidl_generator_py/orange_robot_interfaces/orange_robot_interfaces_s__rosidl_typesupport_introspection_c.cpython-310-x86_64-linux-gnu.so[0m
[3.072s] [100%] [32m[1mLinking C shared library rosidl_generator_py/orange_robot_interfaces/orange_robot_interfaces_s__rosidl_typesupport_fastrtps_c.cpython-310-x86_64-linux-gnu.so[0m
[3.072s] [100%] [32m[1mLinking C shared library rosidl_generator_py/orange_robot_interfaces/orange_robot_interfaces_s__rosidl_typesupport_c.cpython-310-x86_64-linux-gnu.so[0m
[3.108s] [100%] Built target orange_robot_interfaces__rosidl_typesupport_c__pyext
[3.108s] [100%] Built target orange_robot_interfaces__rosidl_typesupport_fastrtps_c__pyext
[3.108s] [100%] Built target orange_robot_interfaces__rosidl_typesupport_introspection_c__pyext
[3.118s] Invoked command in '/home/mo/orange_ack_ws/build/orange_robot_interfaces' returned '0': CMAKE_PREFIX_PATH=${CMAKE_PREFIX_PATH}:/home/mo/orange_ack_ws/install/orange_robot:/home/mo/ws_moveit2/install/moveit_configs_utils:/home/mo/ws_moveit2/install/launch_param_builder:/opt/ros/humble /usr/bin/cmake --build /home/mo/orange_ack_ws/build/orange_robot_interfaces -- -j16 -l16
[3.126s] Invoking command in '/home/mo/orange_ack_ws/build/orange_robot_interfaces': CMAKE_PREFIX_PATH=${CMAKE_PREFIX_PATH}:/home/mo/orange_ack_ws/install/orange_robot:/home/mo/ws_moveit2/install/moveit_configs_utils:/home/mo/ws_moveit2/install/launch_param_builder:/opt/ros/humble /usr/bin/cmake --install /home/mo/orange_ack_ws/build/orange_robot_interfaces
[3.134s] -- Install configuration: ""
[3.134s] -- Up-to-date: /home/mo/orange_ack_ws/install/orange_robot_interfaces/share/ament_index/resource_index/rosidl_interfaces/orange_robot_interfaces
[3.134s] -- Up-to-date: /home/mo/orange_ack_ws/install/orange_robot_interfaces/include/orange_robot_interfaces/orange_robot_interfaces
[3.134s] -- Up-to-date: /home/mo/orange_ack_ws/install/orange_robot_interfaces/include/orange_robot_interfaces/orange_robot_interfaces/action
[3.134s] -- Up-to-date: /home/mo/orange_ack_ws/install/orange_robot_interfaces/include/orange_robot_interfaces/orange_robot_interfaces/action/detail
[3.134s] -- Installing: /home/mo/orange_ack_ws/install/orange_robot_interfaces/include/orange_robot_interfaces/orange_robot_interfaces/action/detail/execute_sequence__struct.h
[3.134s] -- Installing: /home/mo/orange_ack_ws/install/orange_robot_interfaces/include/orange_robot_interfaces/orange_robot_interfaces/action/detail/execute_sequence__type_support.h
[3.134s] -- Installing: /home/mo/orange_ack_ws/install/orange_robot_interfaces/include/orange_robot_interfaces/orange_robot_interfaces/action/detail/execute_sequence__functions.h
[3.134s] -- Installing: /home/mo/orange_ack_ws/install/orange_robot_interfaces/include/orange_robot_interfaces/orange_robot_interfaces/action/detail/execute_sequence__functions.c
[3.135s] -- Installing: /home/mo/orange_ack_ws/install/orange_robot_interfaces/include/orange_robot_interfaces/orange_robot_interfaces/action/execute_sequence.h
[3.135s] -- Up-to-date: /home/mo/orange_ack_ws/install/orange_robot_interfaces/include/orange_robot_interfaces/orange_robot_interfaces/msg
[3.135s] -- Up-to-date: /home/mo/orange_ack_ws/install/orange_robot_interfaces/include/orange_robot_interfaces/orange_robot_interfaces/msg/rosidl_generator_c__visibility_control.h
[3.135s] -- Up-to-date: /home/mo/orange_ack_ws/install/orange_robot_interfaces/include/orange_robot_interfaces/orange_robot_interfaces/srv
[3.135s] -- Up-to-date: /home/mo/orange_ack_ws/install/orange_robot_interfaces/include/orange_robot_interfaces/orange_robot_interfaces/srv/detail
[3.135s] -- Installing: /home/mo/orange_ack_ws/install/orange_robot_interfaces/include/orange_robot_interfaces/orange_robot_interfaces/srv/detail/calculate_angles__type_support.h
[3.135s] -- Installing: /home/mo/orange_ack_ws/install/orange_robot_interfaces/include/orange_robot_interfaces/orange_robot_interfaces/srv/detail/calculate_angles__struct.h
[3.135s] -- Installing: /home/mo/orange_ack_ws/install/orange_robot_interfaces/include/orange_robot_interfaces/orange_robot_interfaces/srv/detail/calculate_angles__functions.c
[3.135s] -- Installing: /home/mo/orange_ack_ws/install/orange_robot_interfaces/include/orange_robot_interfaces/orange_robot_interfaces/srv/detail/calculate_angles__functions.h
[3.135s] -- Installing: /home/mo/orange_ack_ws/install/orange_robot_interfaces/include/orange_robot_interfaces/orange_robot_interfaces/srv/calculate_angles.h
[3.135s] -- Up-to-date: /home/mo/orange_ack_ws/install/orange_robot_interfaces/share/orange_robot_interfaces/environment/library_path.sh
[3.135s] -- Installing: /home/mo/orange_ack_ws/install/orange_robot_interfaces/share/orange_robot_interfaces/environment/library_path.dsv
[3.135s] -- Installing: /home/mo/orange_ack_ws/install/orange_robot_interfaces/lib/liborange_robot_interfaces__rosidl_generator_c.so
[3.135s] -- Set runtime path of "/home/mo/orange_ack_ws/install/orange_robot_interfaces/lib/liborange_robot_interfaces__rosidl_generator_c.so" to ""
[3.136s] -- Up-to-date: /home/mo/orange_ack_ws/install/orange_robot_interfaces/include/orange_robot_interfaces/orange_robot_interfaces
[3.136s] -- Up-to-date: /home/mo/orange_ack_ws/install/orange_robot_interfaces/include/orange_robot_interfaces/orange_robot_interfaces/action
[3.136s] -- Up-to-date: /home/mo/orange_ack_ws/install/orange_robot_interfaces/include/orange_robot_interfaces/orange_robot_interfaces/action/detail
[3.136s] -- Installing: /home/mo/orange_ack_ws/install/orange_robot_interfaces/include/orange_robot_interfaces/orange_robot_interfaces/action/detail/execute_sequence__rosidl_typesupport_fastrtps_c.h
[3.136s] -- Up-to-date: /home/mo/orange_ack_ws/install/orange_robot_interfaces/include/orange_robot_interfaces/orange_robot_interfaces/msg
[3.136s] -- Up-to-date: /home/mo/orange_ack_ws/install/orange_robot_interfaces/include/orange_robot_interfaces/orange_robot_interfaces/msg/rosidl_typesupport_fastrtps_c__visibility_control.h
[3.136s] -- Up-to-date: /home/mo/orange_ack_ws/install/orange_robot_interfaces/include/orange_robot_interfaces/orange_robot_interfaces/srv
[3.136s] -- Up-to-date: /home/mo/orange_ack_ws/install/orange_robot_interfaces/include/orange_robot_interfaces/orange_robot_interfaces/srv/detail
[3.136s] -- Installing: /home/mo/orange_ack_ws/install/orange_robot_interfaces/include/orange_robot_interfaces/orange_robot_interfaces/srv/detail/calculate_angles__rosidl_typesupport_fastrtps_c.h
[3.136s] -- Installing: /home/mo/orange_ack_ws/install/orange_robot_interfaces/lib/liborange_robot_interfaces__rosidl_typesupport_fastrtps_c.so
[3.136s] -- Set runtime path of "/home/mo/orange_ack_ws/install/orange_robot_interfaces/lib/liborange_robot_interfaces__rosidl_typesupport_fastrtps_c.so" to ""
[3.136s] -- Up-to-date: /home/mo/orange_ack_ws/install/orange_robot_interfaces/include/orange_robot_interfaces/orange_robot_interfaces
[3.136s] -- Up-to-date: /home/mo/orange_ack_ws/install/orange_robot_interfaces/include/orange_robot_interfaces/orange_robot_interfaces/action
[3.136s] -- Up-to-date: /home/mo/orange_ack_ws/install/orange_robot_interfaces/include/orange_robot_interfaces/orange_robot_interfaces/action/detail
[3.136s] -- Installing: /home/mo/orange_ack_ws/install/orange_robot_interfaces/include/orange_robot_interfaces/orange_robot_interfaces/action/detail/execute_sequence__rosidl_typesupport_introspection_c.h
[3.136s] -- Installing: /home/mo/orange_ack_ws/install/orange_robot_interfaces/include/orange_robot_interfaces/orange_robot_interfaces/action/detail/execute_sequence__type_support.c
[3.136s] -- Up-to-date: /home/mo/orange_ack_ws/install/orange_robot_interfaces/include/orange_robot_interfaces/orange_robot_interfaces/msg
[3.136s] -- Up-to-date: /home/mo/orange_ack_ws/install/orange_robot_interfaces/include/orange_robot_interfaces/orange_robot_interfaces/msg/rosidl_typesupport_introspection_c__visibility_control.h
[3.136s] -- Up-to-date: /home/mo/orange_ack_ws/install/orange_robot_interfaces/include/orange_robot_interfaces/orange_robot_interfaces/srv
[3.136s] -- Up-to-date: /home/mo/orange_ack_ws/install/orange_robot_interfaces/include/orange_robot_interfaces/orange_robot_interfaces/srv/detail
[3.137s] -- Installing: /home/mo/orange_ack_ws/install/orange_robot_interfaces/include/orange_robot_interfaces/orange_robot_interfaces/srv/detail/calculate_angles__rosidl_typesupport_introspection_c.h
[3.137s] -- Installing: /home/mo/orange_ack_ws/install/orange_robot_interfaces/include/orange_robot_interfaces/orange_robot_interfaces/srv/detail/calculate_angles__type_support.c
[3.137s] -- Installing: /home/mo/orange_ack_ws/install/orange_robot_interfaces/lib/liborange_robot_interfaces__rosidl_typesupport_introspection_c.so
[3.137s] -- Set runtime path of "/home/mo/orange_ack_ws/install/orange_robot_interfaces/lib/liborange_robot_interfaces__rosidl_typesupport_introspection_c.so" to ""
[3.137s] -- Installing: /home/mo/orange_ack_ws/install/orange_robot_interfaces/lib/liborange_robot_interfaces__rosidl_typesupport_c.so
[3.137s] -- Set runtime path of "/home/mo/orange_ack_ws/install/orange_robot_interfaces/lib/liborange_robot_interfaces__rosidl_typesupport_c.so" to ""
[3.137s] -- Up-to-date: /home/mo/orange_ack_ws/install/orange_robot_interfaces/include/orange_robot_interfaces/orange_robot_interfaces
[3.137s] -- Up-to-date: /home/mo/orange_ack_ws/install/orange_robot_interfaces/include/orange_robot_interfaces/orange_robot_interfaces/action
[3.137s] -- Up-to-date: /home/mo/orange_ack_ws/install/orange_robot_interfaces/include/orange_robot_interfaces/orange_robot_interfaces/action/detail
[3.137s] -- Installing: /home/mo/orange_ack_ws/install/orange_robot_interfaces/include/orange_robot_interfaces/orange_robot_interfaces/action/detail/execute_sequence__struct.hpp
[3.137s] -- Installing: /home/mo/orange_ack_ws/install/orange_robot_interfaces/include/orange_robot_interfaces/orange_robot_interfaces/action/detail/execute_sequence__traits.hpp
[3.137s] -- Installing: /home/mo/orange_ack_ws/install/orange_robot_interfaces/include/orange_robot_interfaces/orange_robot_interfaces/action/detail/execute_sequence__type_support.hpp
[3.137s] -- Installing: /home/mo/orange_ack_ws/install/orange_robot_interfaces/include/orange_robot_interfaces/orange_robot_interfaces/action/detail/execute_sequence__builder.hpp
[3.138s] -- Installing: /home/mo/orange_ack_ws/install/orange_robot_interfaces/include/orange_robot_interfaces/orange_robot_interfaces/action/execute_sequence.hpp
[3.138s] -- Up-to-date: /home/mo/orange_ack_ws/install/orange_robot_interfaces/include/orange_robot_interfaces/orange_robot_interfaces/msg
[3.138s] -- Up-to-date: /home/mo/orange_ack_ws/install/orange_robot_interfaces/include/orange_robot_interfaces/orange_robot_interfaces/msg/rosidl_generator_cpp__visibility_control.hpp
[3.138s] -- Up-to-date: /home/mo/orange_ack_ws/install/orange_robot_interfaces/include/orange_robot_interfaces/orange_robot_interfaces/srv
[3.138s] -- Installing: /home/mo/orange_ack_ws/install/orange_robot_interfaces/include/orange_robot_interfaces/orange_robot_interfaces/srv/calculate_angles.hpp
[3.138s] -- Up-to-date: /home/mo/orange_ack_ws/install/orange_robot_interfaces/include/orange_robot_interfaces/orange_robot_interfaces/srv/detail
[3.138s] -- Installing: /home/mo/orange_ack_ws/install/orange_robot_interfaces/include/orange_robot_interfaces/orange_robot_interfaces/srv/detail/calculate_angles__type_support.hpp
[3.138s] -- Installing: /home/mo/orange_ack_ws/install/orange_robot_interfaces/include/orange_robot_interfaces/orange_robot_interfaces/srv/detail/calculate_angles__struct.hpp
[3.138s] -- Installing: /home/mo/orange_ack_ws/install/orange_robot_interfaces/include/orange_robot_interfaces/orange_robot_interfaces/srv/detail/calculate_angles__traits.hpp
[3.138s] -- Installing: /home/mo/orange_ack_ws/install/orange_robot_interfaces/include/orange_robot_interfaces/orange_robot_interfaces/srv/detail/calculate_angles__builder.hpp
[3.138s] -- Up-to-date: /home/mo/orange_ack_ws/install/orange_robot_interfaces/include/orange_robot_interfaces/orange_robot_interfaces
[3.138s] -- Up-to-date: /home/mo/orange_ack_ws/install/orange_robot_interfaces/include/orange_robot_interfaces/orange_robot_interfaces/action
[3.138s] -- Up-to-date: /home/mo/orange_ack_ws/install/orange_robot_interfaces/include/orange_robot_interfaces/orange_robot_interfaces/action/detail
[3.138s] -- Up-to-date: /home/mo/orange_ack_ws/install/orange_robot_interfaces/include/orange_robot_interfaces/orange_robot_interfaces/action/detail/dds_fastrtps
[3.138s] -- Installing: /home/mo/orange_ack_ws/install/orange_robot_interfaces/include/orange_robot_interfaces/orange_robot_interfaces/action/detail/execute_sequence__rosidl_typesupport_fastrtps_cpp.hpp
[3.138s] -- Up-to-date: /home/mo/orange_ack_ws/install/orange_robot_interfaces/include/orange_robot_interfaces/orange_robot_interfaces/msg
[3.138s] -- Up-to-date: /home/mo/orange_ack_ws/install/orange_robot_interfaces/include/orange_robot_interfaces/orange_robot_interfaces/msg/rosidl_typesupport_fastrtps_cpp__visibility_control.h
[3.138s] -- Up-to-date: /home/mo/orange_ack_ws/install/orange_robot_interfaces/include/orange_robot_interfaces/orange_robot_interfaces/srv
[3.138s] -- Up-to-date: /home/mo/orange_ack_ws/install/orange_robot_interfaces/include/orange_robot_interfaces/orange_robot_interfaces/srv/detail
[3.138s] -- Up-to-date: /home/mo/orange_ack_ws/install/orange_robot_interfaces/include/orange_robot_interfaces/orange_robot_interfaces/srv/detail/dds_fastrtps
[3.138s] -- Installing: /home/mo/orange_ack_ws/install/orange_robot_interfaces/include/orange_robot_interfaces/orange_robot_interfaces/srv/detail/calculate_angles__rosidl_typesupport_fastrtps_cpp.hpp
[3.138s] -- Installing: /home/mo/orange_ack_ws/install/orange_robot_interfaces/lib/liborange_robot_interfaces__rosidl_typesupport_fastrtps_cpp.so
[3.139s] -- Set runtime path of "/home/mo/orange_ack_ws/install/orange_robot_interfaces/lib/liborange_robot_interfaces__rosidl_typesupport_fastrtps_cpp.so" to ""
[3.139s] -- Up-to-date: /home/mo/orange_ack_ws/install/orange_robot_interfaces/include/orange_robot_interfaces/orange_robot_interfaces
[3.139s] -- Up-to-date: /home/mo/orange_ack_ws/install/orange_robot_interfaces/include/orange_robot_interfaces/orange_robot_interfaces/action
[3.139s] -- Up-to-date: /home/mo/orange_ack_ws/install/orange_robot_interfaces/include/orange_robot_interfaces/orange_robot_interfaces/action/detail
[3.139s] -- Installing: /home/mo/orange_ack_ws/install/orange_robot_interfaces/include/orange_robot_interfaces/orange_robot_interfaces/action/detail/execute_sequence__type_support.cpp
[3.139s] -- Installing: /home/mo/orange_ack_ws/install/orange_robot_interfaces/include/orange_robot_interfaces/orange_robot_interfaces/action/detail/execute_sequence__rosidl_typesupport_introspection_cpp.hpp
[3.139s] -- Up-to-date: /home/mo/orange_ack_ws/install/orange_robot_interfaces/include/orange_robot_interfaces/orange_robot_interfaces/srv
[3.139s] -- Up-to-date: /home/mo/orange_ack_ws/install/orange_robot_interfaces/include/orange_robot_interfaces/orange_robot_interfaces/srv/detail
[3.139s] -- Installing: /home/mo/orange_ack_ws/install/orange_robot_interfaces/include/orange_robot_interfaces/orange_robot_interfaces/srv/detail/calculate_angles__rosidl_typesupport_introspection_cpp.hpp
[3.139s] -- Installing: /home/mo/orange_ack_ws/install/orange_robot_interfaces/include/orange_robot_interfaces/orange_robot_interfaces/srv/detail/calculate_angles__type_support.cpp
[3.139s] -- Installing: /home/mo/orange_ack_ws/install/orange_robot_interfaces/lib/liborange_robot_interfaces__rosidl_typesupport_introspection_cpp.so
[3.139s] -- Set runtime path of "/home/mo/orange_ack_ws/install/orange_robot_interfaces/lib/liborange_robot_interfaces__rosidl_typesupport_introspection_cpp.so" to ""
[3.139s] -- Installing: /home/mo/orange_ack_ws/install/orange_robot_interfaces/lib/liborange_robot_interfaces__rosidl_typesupport_cpp.so
[3.140s] -- Set runtime path of "/home/mo/orange_ack_ws/install/orange_robot_interfaces/lib/liborange_robot_interfaces__rosidl_typesupport_cpp.so" to ""
[3.140s] -- Up-to-date: /home/mo/orange_ack_ws/install/orange_robot_interfaces/share/orange_robot_interfaces/environment/pythonpath.sh
[3.140s] -- Installing: /home/mo/orange_ack_ws/install/orange_robot_interfaces/share/orange_robot_interfaces/environment/pythonpath.dsv
[3.140s] -- Up-to-date: /home/mo/orange_ack_ws/install/orange_robot_interfaces/local/lib/python3.10/dist-packages/orange_robot_interfaces-0.0.1-py3.10.egg-info
[3.140s] -- Installing: /home/mo/orange_ack_ws/install/orange_robot_interfaces/local/lib/python3.10/dist-packages/orange_robot_interfaces-0.0.1-py3.10.egg-info/top_level.txt
[3.140s] -- Installing: /home/mo/orange_ack_ws/install/orange_robot_interfaces/local/lib/python3.10/dist-packages/orange_robot_interfaces-0.0.1-py3.10.egg-info/dependency_links.txt
[3.140s] -- Installing: /home/mo/orange_ack_ws/install/orange_robot_interfaces/local/lib/python3.10/dist-packages/orange_robot_interfaces-0.0.1-py3.10.egg-info/PKG-INFO
[3.140s] -- Installing: /home/mo/orange_ack_ws/install/orange_robot_interfaces/local/lib/python3.10/dist-packages/orange_robot_interfaces-0.0.1-py3.10.egg-info/SOURCES.txt
[3.140s] -- Up-to-date: /home/mo/orange_ack_ws/install/orange_robot_interfaces/local/lib/python3.10/dist-packages/orange_robot_interfaces
[3.140s] -- Up-to-date: /home/mo/orange_ack_ws/install/orange_robot_interfaces/local/lib/python3.10/dist-packages/orange_robot_interfaces/action
[3.140s] -- Installing: /home/mo/orange_ack_ws/install/orange_robot_interfaces/local/lib/python3.10/dist-packages/orange_robot_interfaces/action/__init__.py
[3.140s] -- Installing: /home/mo/orange_ack_ws/install/orange_robot_interfaces/local/lib/python3.10/dist-packages/orange_robot_interfaces/action/_execute_sequence_s.c
[3.140s] -- Installing: /home/mo/orange_ack_ws/install/orange_robot_interfaces/local/lib/python3.10/dist-packages/orange_robot_interfaces/action/_execute_sequence.py
[3.140s] -- Installing: /home/mo/orange_ack_ws/install/orange_robot_interfaces/local/lib/python3.10/dist-packages/orange_robot_interfaces/__init__.py
[3.140s] -- Installing: /home/mo/orange_ack_ws/install/orange_robot_interfaces/local/lib/python3.10/dist-packages/orange_robot_interfaces/orange_robot_interfaces_s__rosidl_typesupport_fastrtps_c.cpython-310-x86_64-linux-gnu.so
[3.140s] -- Installing: /home/mo/orange_ack_ws/install/orange_robot_interfaces/local/lib/python3.10/dist-packages/orange_robot_interfaces/orange_robot_interfaces_s__rosidl_typesupport_c.cpython-310-x86_64-linux-gnu.so
[3.141s] -- Installing: /home/mo/orange_ack_ws/install/orange_robot_interfaces/local/lib/python3.10/dist-packages/orange_robot_interfaces/_orange_robot_interfaces_s.ep.rosidl_typesupport_introspection_c.c
[3.141s] -- Installing: /home/mo/orange_ack_ws/install/orange_robot_interfaces/local/lib/python3.10/dist-packages/orange_robot_interfaces/_orange_robot_interfaces_s.ep.rosidl_typesupport_fastrtps_c.c
[3.141s] -- Up-to-date: /home/mo/orange_ack_ws/install/orange_robot_interfaces/local/lib/python3.10/dist-packages/orange_robot_interfaces/srv
[3.141s] -- Installing: /home/mo/orange_ack_ws/install/orange_robot_interfaces/local/lib/python3.10/dist-packages/orange_robot_interfaces/srv/__init__.py
[3.141s] -- Installing: /home/mo/orange_ack_ws/install/orange_robot_interfaces/local/lib/python3.10/dist-packages/orange_robot_interfaces/srv/_calculate_angles_s.c
[3.141s] -- Installing: /home/mo/orange_ack_ws/install/orange_robot_interfaces/local/lib/python3.10/dist-packages/orange_robot_interfaces/srv/_calculate_angles.py
[3.141s] -- Installing: /home/mo/orange_ack_ws/install/orange_robot_interfaces/local/lib/python3.10/dist-packages/orange_robot_interfaces/_orange_robot_interfaces_s.ep.rosidl_typesupport_c.c
[3.141s] -- Installing: /home/mo/orange_ack_ws/install/orange_robot_interfaces/local/lib/python3.10/dist-packages/orange_robot_interfaces/orange_robot_interfaces_s__rosidl_typesupport_introspection_c.cpython-310-x86_64-linux-gnu.so
[3.141s] -- Installing: /home/mo/orange_ack_ws/install/orange_robot_interfaces/local/lib/python3.10/dist-packages/orange_robot_interfaces/liborange_robot_interfaces__rosidl_generator_py.so
[3.176s] Listing '/home/mo/orange_ack_ws/install/orange_robot_interfaces/local/lib/python3.10/dist-packages/orange_robot_interfaces'...
[3.176s] Compiling '/home/mo/orange_ack_ws/install/orange_robot_interfaces/local/lib/python3.10/dist-packages/orange_robot_interfaces/__init__.py'...
[3.176s] Listing '/home/mo/orange_ack_ws/install/orange_robot_interfaces/local/lib/python3.10/dist-packages/orange_robot_interfaces/action'...
[3.176s] Compiling '/home/mo/orange_ack_ws/install/orange_robot_interfaces/local/lib/python3.10/dist-packages/orange_robot_interfaces/action/__init__.py'...
[3.176s] Compiling '/home/mo/orange_ack_ws/install/orange_robot_interfaces/local/lib/python3.10/dist-packages/orange_robot_interfaces/action/_execute_sequence.py'...
[3.176s] Listing '/home/mo/orange_ack_ws/install/orange_robot_interfaces/local/lib/python3.10/dist-packages/orange_robot_interfaces/srv'...
[3.176s] Compiling '/home/mo/orange_ack_ws/install/orange_robot_interfaces/local/lib/python3.10/dist-packages/orange_robot_interfaces/srv/__init__.py'...
[3.176s] Compiling '/home/mo/orange_ack_ws/install/orange_robot_interfaces/local/lib/python3.10/dist-packages/orange_robot_interfaces/srv/_calculate_angles.py'...
[3.179s] -- Installing: /home/mo/orange_ack_ws/install/orange_robot_interfaces/local/lib/python3.10/dist-packages/orange_robot_interfaces/orange_robot_interfaces_s__rosidl_typesupport_fastrtps_c.cpython-310-x86_64-linux-gnu.so
[3.179s] -- Set runtime path of "/home/mo/orange_ack_ws/install/orange_robot_interfaces/local/lib/python3.10/dist-packages/orange_robot_interfaces/orange_robot_interfaces_s__rosidl_typesupport_fastrtps_c.cpython-310-x86_64-linux-gnu.so" to ""
[3.180s] -- Installing: /home/mo/orange_ack_ws/install/orange_robot_interfaces/local/lib/python3.10/dist-packages/orange_robot_interfaces/orange_robot_interfaces_s__rosidl_typesupport_introspection_c.cpython-310-x86_64-linux-gnu.so
[3.180s] -- Set runtime path of "/home/mo/orange_ack_ws/install/orange_robot_interfaces/local/lib/python3.10/dist-packages/orange_robot_interfaces/orange_robot_interfaces_s__rosidl_typesupport_introspection_c.cpython-310-x86_64-linux-gnu.so" to ""
[3.180s] -- Installing: /home/mo/orange_ack_ws/install/orange_robot_interfaces/local/lib/python3.10/dist-packages/orange_robot_interfaces/orange_robot_interfaces_s__rosidl_typesupport_c.cpython-310-x86_64-linux-gnu.so
[3.180s] -- Set runtime path of "/home/mo/orange_ack_ws/install/orange_robot_interfaces/local/lib/python3.10/dist-packages/orange_robot_interfaces/orange_robot_interfaces_s__rosidl_typesupport_c.cpython-310-x86_64-linux-gnu.so" to ""
[3.180s] -- Installing: /home/mo/orange_ack_ws/install/orange_robot_interfaces/lib/liborange_robot_interfaces__rosidl_generator_py.so
[3.180s] -- Set runtime path of "/home/mo/orange_ack_ws/install/orange_robot_interfaces/lib/liborange_robot_interfaces__rosidl_generator_py.so" to ""
[3.180s] -- Up-to-date: /home/mo/orange_ack_ws/install/orange_robot_interfaces/share/orange_robot_interfaces/srv/CalculateAngles.idl
[3.180s] -- Installing: /home/mo/orange_ack_ws/install/orange_robot_interfaces/share/orange_robot_interfaces/action/ExecuteSequence.idl
[3.180s] -- Up-to-date: /home/mo/orange_ack_ws/install/orange_robot_interfaces/share/orange_robot_interfaces/srv/CalculateAngles.srv
[3.180s] -- Up-to-date: /home/mo/orange_ack_ws/install/orange_robot_interfaces/share/orange_robot_interfaces/srv/CalculateAngles_Request.msg
[3.180s] -- Up-to-date: /home/mo/orange_ack_ws/install/orange_robot_interfaces/share/orange_robot_interfaces/srv/CalculateAngles_Response.msg
[3.180s] -- Installing: /home/mo/orange_ack_ws/install/orange_robot_interfaces/share/orange_robot_interfaces/action/ExecuteSequence.action
[3.181s] -- Up-to-date: /home/mo/orange_ack_ws/install/orange_robot_interfaces/share/ament_index/resource_index/package_run_dependencies/orange_robot_interfaces
[3.181s] -- Up-to-date: /home/mo/orange_ack_ws/install/orange_robot_interfaces/share/ament_index/resource_index/parent_prefix_path/orange_robot_interfaces
[3.181s] -- Up-to-date: /home/mo/orange_ack_ws/install/orange_robot_interfaces/share/orange_robot_interfaces/environment/ament_prefix_path.sh
[3.181s] -- Installing: /home/mo/orange_ack_ws/install/orange_robot_interfaces/share/orange_robot_interfaces/environment/ament_prefix_path.dsv
[3.181s] -- Up-to-date: /home/mo/orange_ack_ws/install/orange_robot_interfaces/share/orange_robot_interfaces/environment/path.sh
[3.181s] -- Installing: /home/mo/orange_ack_ws/install/orange_robot_interfaces/share/orange_robot_interfaces/environment/path.dsv
[3.181s] -- Up-to-date: /home/mo/orange_ack_ws/install/orange_robot_interfaces/share/orange_robot_interfaces/local_setup.bash
[3.181s] -- Up-to-date: /home/mo/orange_ack_ws/install/orange_robot_interfaces/share/orange_robot_interfaces/local_setup.sh
[3.181s] -- Up-to-date: /home/mo/orange_ack_ws/install/orange_robot_interfaces/share/orange_robot_interfaces/local_setup.zsh
[3.181s] -- Installing: /home/mo/orange_ack_ws/install/orange_robot_interfaces/share/orange_robot_interfaces/local_setup.dsv
[3.181s] -- Installing: /home/mo/orange_ack_ws/install/orange_robot_interfaces/share/orange_robot_interfaces/package.dsv
[3.181s] -- Up-to-date: /home/mo/orange_ack_ws/install/orange_robot_interfaces/share/ament_index/resource_index/packages/orange_robot_interfaces
[3.181s] -- Up-to-date: /home/mo/orange_ack_ws/install/orange_robot_interfaces/share/orange_robot_interfaces/cmake/export_orange_robot_interfaces__rosidl_generator_cExport.cmake
[3.181s] -- Up-to-date: /home/mo/orange_ack_ws/install/orange_robot_interfaces/share/orange_robot_interfaces/cmake/export_orange_robot_interfaces__rosidl_generator_cExport-noconfig.cmake
[3.181s] -- Up-to-date: /home/mo/orange_ack_ws/install/orange_robot_interfaces/share/orange_robot_interfaces/cmake/export_orange_robot_interfaces__rosidl_typesupport_fastrtps_cExport.cmake
[3.181s] -- Up-to-date: /home/mo/orange_ack_ws/install/orange_robot_interfaces/share/orange_robot_interfaces/cmake/export_orange_robot_interfaces__rosidl_typesupport_fastrtps_cExport-noconfig.cmake
[3.181s] -- Up-to-date: /home/mo/orange_ack_ws/install/orange_robot_interfaces/share/orange_robot_interfaces/cmake/orange_robot_interfaces__rosidl_typesupport_introspection_cExport.cmake
[3.181s] -- Up-to-date: /home/mo/orange_ack_ws/install/orange_robot_interfaces/share/orange_robot_interfaces/cmake/orange_robot_interfaces__rosidl_typesupport_introspection_cExport-noconfig.cmake
[3.181s] -- Up-to-date: /home/mo/orange_ack_ws/install/orange_robot_interfaces/share/orange_robot_interfaces/cmake/orange_robot_interfaces__rosidl_typesupport_cExport.cmake
[3.181s] -- Up-to-date: /home/mo/orange_ack_ws/install/orange_robot_interfaces/share/orange_robot_interfaces/cmake/orange_robot_interfaces__rosidl_typesupport_cExport-noconfig.cmake
[3.181s] -- Up-to-date: /home/mo/orange_ack_ws/install/orange_robot_interfaces/share/orange_robot_interfaces/cmake/export_orange_robot_interfaces__rosidl_generator_cppExport.cmake
[3.182s] -- Up-to-date: /home/mo/orange_ack_ws/install/orange_robot_interfaces/share/orange_robot_interfaces/cmake/export_orange_robot_interfaces__rosidl_typesupport_fastrtps_cppExport.cmake
[3.182s] -- Up-to-date: /home/mo/orange_ack_ws/install/orange_robot_interfaces/share/orange_robot_interfaces/cmake/export_orange_robot_interfaces__rosidl_typesupport_fastrtps_cppExport-noconfig.cmake
[3.182s] -- Up-to-date: /home/mo/orange_ack_ws/install/orange_robot_interfaces/share/orange_robot_interfaces/cmake/orange_robot_interfaces__rosidl_typesupport_introspection_cppExport.cmake
[3.182s] -- Up-to-date: /home/mo/orange_ack_ws/install/orange_robot_interfaces/share/orange_robot_interfaces/cmake/orange_robot_interfaces__rosidl_typesupport_introspection_cppExport-noconfig.cmake
[3.182s] -- Up-to-date: /home/mo/orange_ack_ws/install/orange_robot_interfaces/share/orange_robot_interfaces/cmake/orange_robot_interfaces__rosidl_typesupport_cppExport.cmake
[3.182s] -- Up-to-date: /home/mo/orange_ack_ws/install/orange_robot_interfaces/share/orange_robot_interfaces/cmake/orange_robot_interfaces__rosidl_typesupport_cppExport-noconfig.cmake
[3.182s] -- Up-to-date: /home/mo/orange_ack_ws/install/orange_robot_interfaces/share/orange_robot_interfaces/cmake/export_orange_robot_interfaces__rosidl_generator_pyExport.cmake
[3.182s] -- Up-to-date: /home/mo/orange_ack_ws/install/orange_robot_interfaces/share/orange_robot_interfaces/cmake/export_orange_robot_interfaces__rosidl_generator_pyExport-noconfig.cmake
[3.182s] -- Up-to-date: /home/mo/orange_ack_ws/install/orange_robot_interfaces/share/orange_robot_interfaces/cmake/rosidl_cmake-extras.cmake
[3.182s] -- Up-to-date: /home/mo/orange_ack_ws/install/orange_robot_interfaces/share/orange_robot_interfaces/cmake/ament_cmake_export_dependencies-extras.cmake
[3.182s] -- Up-to-date: /home/mo/orange_ack_ws/install/orange_robot_interfaces/share/orange_robot_interfaces/cmake/ament_cmake_export_include_directories-extras.cmake
[3.182s] -- Up-to-date: /home/mo/orange_ack_ws/install/orange_robot_interfaces/share/orange_robot_interfaces/cmake/ament_cmake_export_libraries-extras.cmake
[3.182s] -- Up-to-date: /home/mo/orange_ack_ws/install/orange_robot_interfaces/share/orange_robot_interfaces/cmake/ament_cmake_export_targets-extras.cmake
[3.182s] -- Up-to-date: /home/mo/orange_ack_ws/install/orange_robot_interfaces/share/orange_robot_interfaces/cmake/rosidl_cmake_export_typesupport_targets-extras.cmake
[3.182s] -- Up-to-date: /home/mo/orange_ack_ws/install/orange_robot_interfaces/share/orange_robot_interfaces/cmake/rosidl_cmake_export_typesupport_libraries-extras.cmake
[3.182s] -- Up-to-date: /home/mo/orange_ack_ws/install/orange_robot_interfaces/share/orange_robot_interfaces/cmake/orange_robot_interfacesConfig.cmake
[3.182s] -- Up-to-date: /home/mo/orange_ack_ws/install/orange_robot_interfaces/share/orange_robot_interfaces/cmake/orange_robot_interfacesConfig-version.cmake
[3.182s] -- Up-to-date: /home/mo/orange_ack_ws/install/orange_robot_interfaces/share/orange_robot_interfaces/package.xml
[3.184s] Invoked command in '/home/mo/orange_ack_ws/build/orange_robot_interfaces' returned '0': CMAKE_PREFIX_PATH=${CMAKE_PREFIX_PATH}:/home/mo/orange_ack_ws/install/orange_robot:/home/mo/ws_moveit2/install/moveit_configs_utils:/home/mo/ws_moveit2/install/launch_param_builder:/opt/ros/humble /usr/bin/cmake --install /home/mo/orange_ack_ws/build/orange_robot_interfaces
