[0.504s] Invoking command in '/home/mo/orange_ack_ws/src/orange_robot': PYTHONPATH=/home/mo/orange_ack_ws/build/orange_robot/prefix_override:/usr/lib/python3/dist-packages/colcon_core/task/python/colcon_distutils_commands:/home/mo/orange_ack_ws/install/orange_robot/lib/python3.10/site-packages:${PYTHONPATH} /usr/bin/python3 -W ignore:setup.py install is deprecated -W ignore:easy_install command is deprecated setup.py egg_info --egg-base ../../build/orange_robot build --build-base /home/mo/orange_ack_ws/build/orange_robot/build install --record /home/mo/orange_ack_ws/build/orange_robot/install.log --single-version-externally-managed install_data
[0.700s] running egg_info
[0.700s] creating ../../build/orange_robot/orange_robot.egg-info
[0.700s] writing ../../build/orange_robot/orange_robot.egg-info/PKG-INFO
[0.700s] writing dependency_links to ../../build/orange_robot/orange_robot.egg-info/dependency_links.txt
[0.701s] writing entry points to ../../build/orange_robot/orange_robot.egg-info/entry_points.txt
[0.701s] writing requirements to ../../build/orange_robot/orange_robot.egg-info/requires.txt
[0.701s] writing top-level names to ../../build/orange_robot/orange_robot.egg-info/top_level.txt
[0.701s] writing manifest file '../../build/orange_robot/orange_robot.egg-info/SOURCES.txt'
[0.702s] reading manifest file '../../build/orange_robot/orange_robot.egg-info/SOURCES.txt'
[0.702s] writing manifest file '../../build/orange_robot/orange_robot.egg-info/SOURCES.txt'
[0.702s] running build
[0.702s] running build_py
[0.702s] creating /home/mo/orange_ack_ws/build/orange_robot/build
[0.702s] creating /home/mo/orange_ack_ws/build/orange_robot/build/lib
[0.703s] creating /home/mo/orange_ack_ws/build/orange_robot/build/lib/orange_robot
[0.703s] copying orange_robot/__init__.py -> /home/mo/orange_ack_ws/build/orange_robot/build/lib/orange_robot
[0.703s] copying orange_robot/maturity_detector_service.py -> /home/mo/orange_ack_ws/build/orange_robot/build/lib/orange_robot
[0.703s] copying orange_robot/angles_calculator_service.py -> /home/mo/orange_ack_ws/build/orange_robot/build/lib/orange_robot
[0.703s] copying orange_robot/serial_servo_service.py -> /home/mo/orange_ack_ws/build/orange_robot/build/lib/orange_robot
[0.703s] copying orange_robot/camera_publisher.py -> /home/mo/orange_ack_ws/build/orange_robot/build/lib/orange_robot
[0.703s] copying orange_robot/state_controller.py -> /home/mo/orange_ack_ws/build/orange_robot/build/lib/orange_robot
[0.703s] copying orange_robot/arduino_commander_action.py -> /home/mo/orange_ack_ws/build/orange_robot/build/lib/orange_robot
[0.703s] copying orange_robot/arduino_monitor.py -> /home/mo/orange_ack_ws/build/orange_robot/build/lib/orange_robot
[0.703s] running install
[0.703s] running install_lib
[0.704s] creating /home/mo/orange_ack_ws/install/orange_robot/lib/python3.10/site-packages/orange_robot
[0.704s] copying /home/mo/orange_ack_ws/build/orange_robot/build/lib/orange_robot/__init__.py -> /home/mo/orange_ack_ws/install/orange_robot/lib/python3.10/site-packages/orange_robot
[0.704s] copying /home/mo/orange_ack_ws/build/orange_robot/build/lib/orange_robot/maturity_detector_service.py -> /home/mo/orange_ack_ws/install/orange_robot/lib/python3.10/site-packages/orange_robot
[0.704s] copying /home/mo/orange_ack_ws/build/orange_robot/build/lib/orange_robot/angles_calculator_service.py -> /home/mo/orange_ack_ws/install/orange_robot/lib/python3.10/site-packages/orange_robot
[0.704s] copying /home/mo/orange_ack_ws/build/orange_robot/build/lib/orange_robot/serial_servo_service.py -> /home/mo/orange_ack_ws/install/orange_robot/lib/python3.10/site-packages/orange_robot
[0.704s] copying /home/mo/orange_ack_ws/build/orange_robot/build/lib/orange_robot/camera_publisher.py -> /home/mo/orange_ack_ws/install/orange_robot/lib/python3.10/site-packages/orange_robot
[0.704s] copying /home/mo/orange_ack_ws/build/orange_robot/build/lib/orange_robot/state_controller.py -> /home/mo/orange_ack_ws/install/orange_robot/lib/python3.10/site-packages/orange_robot
[0.704s] copying /home/mo/orange_ack_ws/build/orange_robot/build/lib/orange_robot/arduino_commander_action.py -> /home/mo/orange_ack_ws/install/orange_robot/lib/python3.10/site-packages/orange_robot
[0.704s] copying /home/mo/orange_ack_ws/build/orange_robot/build/lib/orange_robot/arduino_monitor.py -> /home/mo/orange_ack_ws/install/orange_robot/lib/python3.10/site-packages/orange_robot
[0.704s] byte-compiling /home/mo/orange_ack_ws/install/orange_robot/lib/python3.10/site-packages/orange_robot/__init__.py to __init__.cpython-310.pyc
[0.704s] byte-compiling /home/mo/orange_ack_ws/install/orange_robot/lib/python3.10/site-packages/orange_robot/maturity_detector_service.py to maturity_detector_service.cpython-310.pyc
[0.705s] byte-compiling /home/mo/orange_ack_ws/install/orange_robot/lib/python3.10/site-packages/orange_robot/angles_calculator_service.py to angles_calculator_service.cpython-310.pyc
[0.706s] byte-compiling /home/mo/orange_ack_ws/install/orange_robot/lib/python3.10/site-packages/orange_robot/serial_servo_service.py to serial_servo_service.cpython-310.pyc
[0.706s] byte-compiling /home/mo/orange_ack_ws/install/orange_robot/lib/python3.10/site-packages/orange_robot/camera_publisher.py to camera_publisher.cpython-310.pyc
[0.707s] byte-compiling /home/mo/orange_ack_ws/install/orange_robot/lib/python3.10/site-packages/orange_robot/state_controller.py to state_controller.cpython-310.pyc
[0.707s] byte-compiling /home/mo/orange_ack_ws/install/orange_robot/lib/python3.10/site-packages/orange_robot/arduino_commander_action.py to arduino_commander_action.cpython-310.pyc
[0.708s] byte-compiling /home/mo/orange_ack_ws/install/orange_robot/lib/python3.10/site-packages/orange_robot/arduino_monitor.py to arduino_monitor.cpython-310.pyc
[0.708s] running install_data
[0.708s] creating /home/mo/orange_ack_ws/install/orange_robot/share/ament_index
[0.708s] creating /home/mo/orange_ack_ws/install/orange_robot/share/ament_index/resource_index
[0.708s] creating /home/mo/orange_ack_ws/install/orange_robot/share/ament_index/resource_index/packages
[0.708s] copying resource/orange_robot -> /home/mo/orange_ack_ws/install/orange_robot/share/ament_index/resource_index/packages
[0.708s] copying package.xml -> /home/mo/orange_ack_ws/install/orange_robot/share/orange_robot
[0.708s] creating /home/mo/orange_ack_ws/install/orange_robot/share/orange_robot/launch
[0.708s] copying launch/orange_robot.launch.py -> /home/mo/orange_ack_ws/install/orange_robot/share/orange_robot/launch
[0.708s] creating /home/mo/orange_ack_ws/install/orange_robot/share/orange_robot/srv
[0.708s] creating /home/mo/orange_ack_ws/install/orange_robot/share/orange_robot/action
[0.709s] running install_egg_info
[0.709s] Copying ../../build/orange_robot/orange_robot.egg-info to /home/mo/orange_ack_ws/install/orange_robot/lib/python3.10/site-packages/orange_robot-0.0.1-py3.10.egg-info
[0.710s] running install_scripts
[0.716s] Installing angles_calculator_service script to /home/mo/orange_ack_ws/install/orange_robot/lib/orange_robot
[0.716s] Installing arduino_commander_action script to /home/mo/orange_ack_ws/install/orange_robot/lib/orange_robot
[0.717s] Installing arduino_monitor script to /home/mo/orange_ack_ws/install/orange_robot/lib/orange_robot
[0.717s] Installing camera_publisher script to /home/mo/orange_ack_ws/install/orange_robot/lib/orange_robot
[0.717s] Installing maturity_detector_service script to /home/mo/orange_ack_ws/install/orange_robot/lib/orange_robot
[0.717s] Installing serial_servo_service script to /home/mo/orange_ack_ws/install/orange_robot/lib/orange_robot
[0.717s] Installing state_controller script to /home/mo/orange_ack_ws/install/orange_robot/lib/orange_robot
[0.717s] writing list of installed files to '/home/mo/orange_ack_ws/build/orange_robot/install.log'
[0.738s] Invoked command in '/home/mo/orange_ack_ws/src/orange_robot' returned '0': PYTHONPATH=/home/mo/orange_ack_ws/build/orange_robot/prefix_override:/usr/lib/python3/dist-packages/colcon_core/task/python/colcon_distutils_commands:/home/mo/orange_ack_ws/install/orange_robot/lib/python3.10/site-packages:${PYTHONPATH} /usr/bin/python3 -W ignore:setup.py install is deprecated -W ignore:easy_install command is deprecated setup.py egg_info --egg-base ../../build/orange_robot build --build-base /home/mo/orange_ack_ws/build/orange_robot/build install --record /home/mo/orange_ack_ws/build/orange_robot/install.log --single-version-externally-managed install_data
