[0.160s] DEBUG:colcon:Command line arguments: ['/usr/bin/colcon', 'build']
[0.160s] DEBUG:colcon:Parsed command line arguments: Namespace(log_base=None, log_level=None, verb_name='build', build_base='build', install_base='install', merge_install=False, symlink_install=False, test_result_base=None, continue_on_error=False, executor='parallel', parallel_workers=16, event_handlers=None, ignore_user_meta=False, metas=['./colcon.meta'], base_paths=['.'], packages_ignore=None, packages_ignore_regex=None, paths=None, packages_up_to=None, packages_up_to_regex=None, packages_above=None, packages_above_and_dependencies=None, packages_above_depth=None, packages_select_by_dep=None, packages_skip_by_dep=None, packages_skip_up_to=None, packages_select_build_failed=False, packages_skip_build_finished=False, packages_select_test_failures=False, packages_skip_test_passed=False, packages_select=None, packages_skip=None, packages_select_regex=None, packages_skip_regex=None, packages_start=None, packages_end=None, allow_overriding=[], cmake_args=None, cmake_target=None, cmake_target_skip_unavailable=False, cmake_clean_cache=False, cmake_clean_first=False, cmake_force_configure=False, ament_cmake_args=None, catkin_cmake_args=None, catkin_skip_building_tests=False, mixin_files=None, mixin=None, verb_parser=<colcon_mixin.mixin.mixin_argument.MixinArgumentDecorator object at 0x750374f5ebc0>, verb_extension=<colcon_core.verb.build.BuildVerb object at 0x750374f5e530>, main=<bound method BuildVerb.main of <colcon_core.verb.build.BuildVerb object at 0x750374f5e530>>, mixin_verb=('build',))
[0.316s] Level 1:colcon.colcon_core.package_discovery:discover_packages(colcon_meta) check parameters
[0.316s] Level 1:colcon.colcon_core.package_discovery:discover_packages(recursive) check parameters
[0.316s] Level 1:colcon.colcon_core.package_discovery:discover_packages(ignore) check parameters
[0.316s] Level 1:colcon.colcon_core.package_discovery:discover_packages(path) check parameters
[0.316s] Level 1:colcon.colcon_core.package_discovery:discover_packages(colcon_meta) discover
[0.316s] Level 1:colcon.colcon_core.package_discovery:discover_packages(recursive) discover
[0.316s] INFO:colcon.colcon_core.package_discovery:Crawling recursively for packages in '/home/mo/orange_ack_ws'
[0.316s] Level 1:colcon.colcon_core.package_identification:_identify(.) by extensions ['ignore', 'ignore_ament_install']
[0.316s] Level 1:colcon.colcon_core.package_identification:_identify(.) by extension 'ignore'
[0.316s] Level 1:colcon.colcon_core.package_identification:_identify(.) by extension 'ignore_ament_install'
[0.316s] Level 1:colcon.colcon_core.package_identification:_identify(.) by extensions ['colcon_pkg']
[0.316s] Level 1:colcon.colcon_core.package_identification:_identify(.) by extension 'colcon_pkg'
[0.316s] Level 1:colcon.colcon_core.package_identification:_identify(.) by extensions ['colcon_meta']
[0.316s] Level 1:colcon.colcon_core.package_identification:_identify(.) by extension 'colcon_meta'
[0.316s] Level 1:colcon.colcon_core.package_identification:_identify(.) by extensions ['ros']
[0.316s] Level 1:colcon.colcon_core.package_identification:_identify(.) by extension 'ros'
[0.325s] Level 1:colcon.colcon_core.package_identification:_identify(.) by extensions ['cmake', 'python']
[0.325s] Level 1:colcon.colcon_core.package_identification:_identify(.) by extension 'cmake'
[0.325s] Level 1:colcon.colcon_core.package_identification:_identify(.) by extension 'python'
[0.325s] Level 1:colcon.colcon_core.package_identification:_identify(.) by extensions ['python_setup_py']
[0.325s] Level 1:colcon.colcon_core.package_identification:_identify(.) by extension 'python_setup_py'
[0.325s] Level 1:colcon.colcon_core.package_identification:_identify(build) by extensions ['ignore', 'ignore_ament_install']
[0.325s] Level 1:colcon.colcon_core.package_identification:_identify(build) by extension 'ignore'
[0.325s] Level 1:colcon.colcon_core.package_identification:_identify(build) ignored
[0.325s] Level 1:colcon.colcon_core.package_identification:_identify(install) by extensions ['ignore', 'ignore_ament_install']
[0.325s] Level 1:colcon.colcon_core.package_identification:_identify(install) by extension 'ignore'
[0.325s] Level 1:colcon.colcon_core.package_identification:_identify(install) ignored
[0.325s] Level 1:colcon.colcon_core.package_identification:_identify(log) by extensions ['ignore', 'ignore_ament_install']
[0.325s] Level 1:colcon.colcon_core.package_identification:_identify(log) by extension 'ignore'
[0.325s] Level 1:colcon.colcon_core.package_identification:_identify(log) ignored
[0.325s] Level 1:colcon.colcon_core.package_identification:_identify(src) by extensions ['ignore', 'ignore_ament_install']
[0.325s] Level 1:colcon.colcon_core.package_identification:_identify(src) by extension 'ignore'
[0.326s] Level 1:colcon.colcon_core.package_identification:_identify(src) by extension 'ignore_ament_install'
[0.326s] Level 1:colcon.colcon_core.package_identification:_identify(src) by extensions ['colcon_pkg']
[0.326s] Level 1:colcon.colcon_core.package_identification:_identify(src) by extension 'colcon_pkg'
[0.326s] Level 1:colcon.colcon_core.package_identification:_identify(src) by extensions ['colcon_meta']
[0.326s] Level 1:colcon.colcon_core.package_identification:_identify(src) by extension 'colcon_meta'
[0.326s] Level 1:colcon.colcon_core.package_identification:_identify(src) by extensions ['ros']
[0.326s] Level 1:colcon.colcon_core.package_identification:_identify(src) by extension 'ros'
[0.326s] Level 1:colcon.colcon_core.package_identification:_identify(src) by extensions ['cmake', 'python']
[0.326s] Level 1:colcon.colcon_core.package_identification:_identify(src) by extension 'cmake'
[0.326s] Level 1:colcon.colcon_core.package_identification:_identify(src) by extension 'python'
[0.326s] Level 1:colcon.colcon_core.package_identification:_identify(src) by extensions ['python_setup_py']
[0.326s] Level 1:colcon.colcon_core.package_identification:_identify(src) by extension 'python_setup_py'
[0.326s] Level 1:colcon.colcon_core.package_identification:_identify(src/orange_robot) by extensions ['ignore', 'ignore_ament_install']
[0.326s] Level 1:colcon.colcon_core.package_identification:_identify(src/orange_robot) by extension 'ignore'
[0.326s] Level 1:colcon.colcon_core.package_identification:_identify(src/orange_robot) by extension 'ignore_ament_install'
[0.326s] Level 1:colcon.colcon_core.package_identification:_identify(src/orange_robot) by extensions ['colcon_pkg']
[0.326s] Level 1:colcon.colcon_core.package_identification:_identify(src/orange_robot) by extension 'colcon_pkg'
[0.326s] Level 1:colcon.colcon_core.package_identification:_identify(src/orange_robot) by extensions ['colcon_meta']
[0.326s] Level 1:colcon.colcon_core.package_identification:_identify(src/orange_robot) by extension 'colcon_meta'
[0.326s] Level 1:colcon.colcon_core.package_identification:_identify(src/orange_robot) by extensions ['ros']
[0.326s] Level 1:colcon.colcon_core.package_identification:_identify(src/orange_robot) by extension 'ros'
[0.328s] DEBUG:colcon.colcon_core.package_identification:Package 'src/orange_robot' with type 'ros.ament_python' and name 'orange_robot'
[0.329s] Level 1:colcon.colcon_core.package_identification:_identify(src/orange_robot_interfaces) by extensions ['ignore', 'ignore_ament_install']
[0.329s] Level 1:colcon.colcon_core.package_identification:_identify(src/orange_robot_interfaces) by extension 'ignore'
[0.329s] Level 1:colcon.colcon_core.package_identification:_identify(src/orange_robot_interfaces) by extension 'ignore_ament_install'
[0.329s] Level 1:colcon.colcon_core.package_identification:_identify(src/orange_robot_interfaces) by extensions ['colcon_pkg']
[0.329s] Level 1:colcon.colcon_core.package_identification:_identify(src/orange_robot_interfaces) by extension 'colcon_pkg'
[0.329s] Level 1:colcon.colcon_core.package_identification:_identify(src/orange_robot_interfaces) by extensions ['colcon_meta']
[0.329s] Level 1:colcon.colcon_core.package_identification:_identify(src/orange_robot_interfaces) by extension 'colcon_meta'
[0.329s] Level 1:colcon.colcon_core.package_identification:_identify(src/orange_robot_interfaces) by extensions ['ros']
[0.329s] Level 1:colcon.colcon_core.package_identification:_identify(src/orange_robot_interfaces) by extension 'ros'
[0.329s] DEBUG:colcon.colcon_core.package_identification:Package 'src/orange_robot_interfaces' with type 'ros.ament_cmake' and name 'orange_robot_interfaces'
[0.329s] Level 1:colcon.colcon_core.package_discovery:discover_packages(recursive) using defaults
[0.329s] Level 1:colcon.colcon_core.package_discovery:discover_packages(ignore) discover
[0.329s] Level 1:colcon.colcon_core.package_discovery:discover_packages(ignore) using defaults
[0.329s] Level 1:colcon.colcon_core.package_discovery:discover_packages(path) discover
[0.329s] Level 1:colcon.colcon_core.package_discovery:discover_packages(path) using defaults
[0.353s] Level 1:colcon.colcon_core.package_discovery:discover_packages(prefix_path) check parameters
[0.353s] Level 1:colcon.colcon_core.package_discovery:discover_packages(prefix_path) discover
[0.357s] DEBUG:colcon.colcon_installed_package_information.package_discovery:Found 58 installed packages in /home/mo/ws_moveit2/install
[0.357s] DEBUG:colcon.colcon_installed_package_information.package_discovery:Found 1 installed packages in /home/mo/test_ws/install
[0.358s] DEBUG:colcon.colcon_installed_package_information.package_discovery:Found 239 installed packages in /opt/ros/humble
[0.358s] Level 1:colcon.colcon_core.package_discovery:discover_packages(prefix_path) using defaults
[0.474s] Level 5:colcon.colcon_core.verb:set package 'orange_robot_interfaces' build argument 'cmake_args' from command line to 'None'
[0.474s] Level 5:colcon.colcon_core.verb:set package 'orange_robot_interfaces' build argument 'cmake_target' from command line to 'None'
[0.475s] Level 5:colcon.colcon_core.verb:set package 'orange_robot_interfaces' build argument 'cmake_target_skip_unavailable' from command line to 'False'
[0.475s] Level 5:colcon.colcon_core.verb:set package 'orange_robot_interfaces' build argument 'cmake_clean_cache' from command line to 'False'
[0.475s] Level 5:colcon.colcon_core.verb:set package 'orange_robot_interfaces' build argument 'cmake_clean_first' from command line to 'False'
[0.475s] Level 5:colcon.colcon_core.verb:set package 'orange_robot_interfaces' build argument 'cmake_force_configure' from command line to 'False'
[0.475s] Level 5:colcon.colcon_core.verb:set package 'orange_robot_interfaces' build argument 'ament_cmake_args' from command line to 'None'
[0.475s] Level 5:colcon.colcon_core.verb:set package 'orange_robot_interfaces' build argument 'catkin_cmake_args' from command line to 'None'
[0.475s] Level 5:colcon.colcon_core.verb:set package 'orange_robot_interfaces' build argument 'catkin_skip_building_tests' from command line to 'False'
[0.475s] DEBUG:colcon.colcon_core.verb:Building package 'orange_robot_interfaces' with the following arguments: {'ament_cmake_args': None, 'build_base': '/home/mo/orange_ack_ws/build/orange_robot_interfaces', 'catkin_cmake_args': None, 'catkin_skip_building_tests': False, 'cmake_args': None, 'cmake_clean_cache': False, 'cmake_clean_first': False, 'cmake_force_configure': False, 'cmake_target': None, 'cmake_target_skip_unavailable': False, 'install_base': '/home/mo/orange_ack_ws/install/orange_robot_interfaces', 'merge_install': False, 'path': '/home/mo/orange_ack_ws/src/orange_robot_interfaces', 'symlink_install': False, 'test_result_base': None}
[0.475s] Level 5:colcon.colcon_core.verb:set package 'orange_robot' build argument 'cmake_args' from command line to 'None'
[0.475s] Level 5:colcon.colcon_core.verb:set package 'orange_robot' build argument 'cmake_target' from command line to 'None'
[0.475s] Level 5:colcon.colcon_core.verb:set package 'orange_robot' build argument 'cmake_target_skip_unavailable' from command line to 'False'
[0.475s] Level 5:colcon.colcon_core.verb:set package 'orange_robot' build argument 'cmake_clean_cache' from command line to 'False'
[0.475s] Level 5:colcon.colcon_core.verb:set package 'orange_robot' build argument 'cmake_clean_first' from command line to 'False'
[0.475s] Level 5:colcon.colcon_core.verb:set package 'orange_robot' build argument 'cmake_force_configure' from command line to 'False'
[0.475s] Level 5:colcon.colcon_core.verb:set package 'orange_robot' build argument 'ament_cmake_args' from command line to 'None'
[0.475s] Level 5:colcon.colcon_core.verb:set package 'orange_robot' build argument 'catkin_cmake_args' from command line to 'None'
[0.475s] Level 5:colcon.colcon_core.verb:set package 'orange_robot' build argument 'catkin_skip_building_tests' from command line to 'False'
[0.475s] DEBUG:colcon.colcon_core.verb:Building package 'orange_robot' with the following arguments: {'ament_cmake_args': None, 'build_base': '/home/mo/orange_ack_ws/build/orange_robot', 'catkin_cmake_args': None, 'catkin_skip_building_tests': False, 'cmake_args': None, 'cmake_clean_cache': False, 'cmake_clean_first': False, 'cmake_force_configure': False, 'cmake_target': None, 'cmake_target_skip_unavailable': False, 'install_base': '/home/mo/orange_ack_ws/install/orange_robot', 'merge_install': False, 'path': '/home/mo/orange_ack_ws/src/orange_robot', 'symlink_install': False, 'test_result_base': None}
[0.475s] INFO:colcon.colcon_core.executor:Executing jobs using 'parallel' executor
[0.476s] DEBUG:colcon.colcon_parallel_executor.executor.parallel:run_until_complete
[0.476s] INFO:colcon.colcon_ros.task.ament_cmake.build:Building ROS package in '/home/mo/orange_ack_ws/src/orange_robot_interfaces' with build type 'ament_cmake'
[0.476s] INFO:colcon.colcon_cmake.task.cmake.build:Building CMake package in '/home/mo/orange_ack_ws/src/orange_robot_interfaces'
[0.479s] INFO:colcon.colcon_core.plugin_system:Skipping extension 'colcon_core.shell.bat': Not used on non-Windows systems
[0.480s] INFO:colcon.colcon_core.shell:Skip shell extension 'powershell' for command environment: Not usable outside of PowerShell
[0.480s] DEBUG:colcon.colcon_core.shell:Skip shell extension 'dsv' for command environment
[0.489s] DEBUG:colcon.colcon_core.event_handler.log_command:Invoking command in '/home/mo/orange_ack_ws/build/orange_robot_interfaces': CMAKE_PREFIX_PATH=${CMAKE_PREFIX_PATH}:/home/mo/ws_moveit2/install/moveit_configs_utils:/home/mo/ws_moveit2/install/launch_param_builder:/opt/ros/humble /usr/bin/cmake --build /home/mo/orange_ack_ws/build/orange_robot_interfaces -- -j16 -l16
[0.774s] DEBUG:colcon.colcon_core.event_handler.log_command:Invoked command in '/home/mo/orange_ack_ws/build/orange_robot_interfaces' returned '0': CMAKE_PREFIX_PATH=${CMAKE_PREFIX_PATH}:/home/mo/ws_moveit2/install/moveit_configs_utils:/home/mo/ws_moveit2/install/launch_param_builder:/opt/ros/humble /usr/bin/cmake --build /home/mo/orange_ack_ws/build/orange_robot_interfaces -- -j16 -l16
[0.782s] DEBUG:colcon.colcon_core.event_handler.log_command:Invoking command in '/home/mo/orange_ack_ws/build/orange_robot_interfaces': CMAKE_PREFIX_PATH=${CMAKE_PREFIX_PATH}:/home/mo/ws_moveit2/install/moveit_configs_utils:/home/mo/ws_moveit2/install/launch_param_builder:/opt/ros/humble /usr/bin/cmake --install /home/mo/orange_ack_ws/build/orange_robot_interfaces
[0.828s] Level 1:colcon.colcon_core.environment:create_environment_scripts_only(orange_robot_interfaces)
[0.828s] DEBUG:colcon.colcon_core.event_handler.log_command:Invoked command in '/home/mo/orange_ack_ws/build/orange_robot_interfaces' returned '0': CMAKE_PREFIX_PATH=${CMAKE_PREFIX_PATH}:/home/mo/ws_moveit2/install/moveit_configs_utils:/home/mo/ws_moveit2/install/launch_param_builder:/opt/ros/humble /usr/bin/cmake --install /home/mo/orange_ack_ws/build/orange_robot_interfaces
[0.832s] Level 1:colcon.colcon_core.environment:checking '/home/mo/orange_ack_ws/install/orange_robot_interfaces' for CMake module files
[0.832s] Level 1:colcon.colcon_core.environment:checking '/home/mo/orange_ack_ws/install/orange_robot_interfaces' for CMake config files
[0.833s] Level 1:colcon.colcon_core.shell:create_environment_hook('orange_robot_interfaces', 'cmake_prefix_path')
[0.833s] INFO:colcon.colcon_core.shell:Creating environment hook '/home/mo/orange_ack_ws/install/orange_robot_interfaces/share/orange_robot_interfaces/hook/cmake_prefix_path.ps1'
[0.834s] INFO:colcon.colcon_core.shell:Creating environment descriptor '/home/mo/orange_ack_ws/install/orange_robot_interfaces/share/orange_robot_interfaces/hook/cmake_prefix_path.dsv'
[0.834s] INFO:colcon.colcon_core.shell:Creating environment hook '/home/mo/orange_ack_ws/install/orange_robot_interfaces/share/orange_robot_interfaces/hook/cmake_prefix_path.sh'
[0.835s] Level 1:colcon.colcon_core.environment:checking '/home/mo/orange_ack_ws/install/orange_robot_interfaces/lib'
[0.835s] Level 1:colcon.colcon_core.shell:create_environment_hook('orange_robot_interfaces', 'ld_library_path_lib')
[0.835s] INFO:colcon.colcon_core.shell:Creating environment hook '/home/mo/orange_ack_ws/install/orange_robot_interfaces/share/orange_robot_interfaces/hook/ld_library_path_lib.ps1'
[0.835s] INFO:colcon.colcon_core.shell:Creating environment descriptor '/home/mo/orange_ack_ws/install/orange_robot_interfaces/share/orange_robot_interfaces/hook/ld_library_path_lib.dsv'
[0.836s] INFO:colcon.colcon_core.shell:Creating environment hook '/home/mo/orange_ack_ws/install/orange_robot_interfaces/share/orange_robot_interfaces/hook/ld_library_path_lib.sh'
[0.836s] Level 1:colcon.colcon_core.environment:checking '/home/mo/orange_ack_ws/install/orange_robot_interfaces/bin'
[0.836s] Level 1:colcon.colcon_core.environment:checking '/home/mo/orange_ack_ws/install/orange_robot_interfaces/lib/pkgconfig/orange_robot_interfaces.pc'
[0.836s] Level 1:colcon.colcon_core.environment:checking '/home/mo/orange_ack_ws/install/orange_robot_interfaces/lib/python3.10/site-packages'
[0.836s] Level 1:colcon.colcon_core.environment:checking '/home/mo/orange_ack_ws/install/orange_robot_interfaces/bin'
[0.836s] INFO:colcon.colcon_core.shell:Creating package script '/home/mo/orange_ack_ws/install/orange_robot_interfaces/share/orange_robot_interfaces/package.ps1'
[0.837s] INFO:colcon.colcon_core.shell:Creating package descriptor '/home/mo/orange_ack_ws/install/orange_robot_interfaces/share/orange_robot_interfaces/package.dsv'
[0.837s] INFO:colcon.colcon_core.shell:Creating package script '/home/mo/orange_ack_ws/install/orange_robot_interfaces/share/orange_robot_interfaces/package.sh'
[0.838s] INFO:colcon.colcon_core.shell:Creating package script '/home/mo/orange_ack_ws/install/orange_robot_interfaces/share/orange_robot_interfaces/package.bash'
[0.838s] INFO:colcon.colcon_core.shell:Creating package script '/home/mo/orange_ack_ws/install/orange_robot_interfaces/share/orange_robot_interfaces/package.zsh'
[0.839s] Level 1:colcon.colcon_core.environment:create_file_with_runtime_dependencies(/home/mo/orange_ack_ws/install/orange_robot_interfaces/share/colcon-core/packages/orange_robot_interfaces)
[0.839s] Level 1:colcon.colcon_core.environment:create_environment_scripts_only(orange_robot_interfaces)
[0.839s] Level 1:colcon.colcon_core.environment:checking '/home/mo/orange_ack_ws/install/orange_robot_interfaces' for CMake module files
[0.840s] Level 1:colcon.colcon_core.environment:checking '/home/mo/orange_ack_ws/install/orange_robot_interfaces' for CMake config files
[0.840s] Level 1:colcon.colcon_core.shell:create_environment_hook('orange_robot_interfaces', 'cmake_prefix_path')
[0.840s] INFO:colcon.colcon_core.shell:Creating environment hook '/home/mo/orange_ack_ws/install/orange_robot_interfaces/share/orange_robot_interfaces/hook/cmake_prefix_path.ps1'
[0.840s] INFO:colcon.colcon_core.shell:Creating environment descriptor '/home/mo/orange_ack_ws/install/orange_robot_interfaces/share/orange_robot_interfaces/hook/cmake_prefix_path.dsv'
[0.840s] INFO:colcon.colcon_core.shell:Creating environment hook '/home/mo/orange_ack_ws/install/orange_robot_interfaces/share/orange_robot_interfaces/hook/cmake_prefix_path.sh'
[0.841s] Level 1:colcon.colcon_core.environment:checking '/home/mo/orange_ack_ws/install/orange_robot_interfaces/lib'
[0.841s] Level 1:colcon.colcon_core.shell:create_environment_hook('orange_robot_interfaces', 'ld_library_path_lib')
[0.841s] INFO:colcon.colcon_core.shell:Creating environment hook '/home/mo/orange_ack_ws/install/orange_robot_interfaces/share/orange_robot_interfaces/hook/ld_library_path_lib.ps1'
[0.841s] INFO:colcon.colcon_core.shell:Creating environment descriptor '/home/mo/orange_ack_ws/install/orange_robot_interfaces/share/orange_robot_interfaces/hook/ld_library_path_lib.dsv'
[0.841s] INFO:colcon.colcon_core.shell:Creating environment hook '/home/mo/orange_ack_ws/install/orange_robot_interfaces/share/orange_robot_interfaces/hook/ld_library_path_lib.sh'
[0.841s] Level 1:colcon.colcon_core.environment:checking '/home/mo/orange_ack_ws/install/orange_robot_interfaces/bin'
[0.842s] Level 1:colcon.colcon_core.environment:checking '/home/mo/orange_ack_ws/install/orange_robot_interfaces/lib/pkgconfig/orange_robot_interfaces.pc'
[0.842s] Level 1:colcon.colcon_core.environment:checking '/home/mo/orange_ack_ws/install/orange_robot_interfaces/lib/python3.10/site-packages'
[0.842s] Level 1:colcon.colcon_core.environment:checking '/home/mo/orange_ack_ws/install/orange_robot_interfaces/bin'
[0.842s] INFO:colcon.colcon_core.shell:Creating package script '/home/mo/orange_ack_ws/install/orange_robot_interfaces/share/orange_robot_interfaces/package.ps1'
[0.842s] INFO:colcon.colcon_core.shell:Creating package descriptor '/home/mo/orange_ack_ws/install/orange_robot_interfaces/share/orange_robot_interfaces/package.dsv'
[0.842s] INFO:colcon.colcon_core.shell:Creating package script '/home/mo/orange_ack_ws/install/orange_robot_interfaces/share/orange_robot_interfaces/package.sh'
[0.843s] INFO:colcon.colcon_core.shell:Creating package script '/home/mo/orange_ack_ws/install/orange_robot_interfaces/share/orange_robot_interfaces/package.bash'
[0.843s] INFO:colcon.colcon_core.shell:Creating package script '/home/mo/orange_ack_ws/install/orange_robot_interfaces/share/orange_robot_interfaces/package.zsh'
[0.843s] Level 1:colcon.colcon_core.environment:create_file_with_runtime_dependencies(/home/mo/orange_ack_ws/install/orange_robot_interfaces/share/colcon-core/packages/orange_robot_interfaces)
[0.843s] INFO:colcon.colcon_ros.task.ament_python.build:Building ROS package in '/home/mo/orange_ack_ws/src/orange_robot' with build type 'ament_python'
[0.843s] Level 1:colcon.colcon_core.shell:create_environment_hook('orange_robot', 'ament_prefix_path')
[0.843s] INFO:colcon.colcon_core.shell:Creating environment hook '/home/mo/orange_ack_ws/install/orange_robot/share/orange_robot/hook/ament_prefix_path.ps1'
[0.844s] INFO:colcon.colcon_core.shell:Creating environment descriptor '/home/mo/orange_ack_ws/install/orange_robot/share/orange_robot/hook/ament_prefix_path.dsv'
[0.845s] INFO:colcon.colcon_core.shell:Creating environment hook '/home/mo/orange_ack_ws/install/orange_robot/share/orange_robot/hook/ament_prefix_path.sh'
[0.845s] INFO:colcon.colcon_core.shell:Skip shell extension 'powershell' for command environment: Not usable outside of PowerShell
[0.845s] DEBUG:colcon.colcon_core.shell:Skip shell extension 'dsv' for command environment
[1.094s] INFO:colcon.colcon_core.task.python.build:Building Python package in '/home/mo/orange_ack_ws/src/orange_robot'
[1.094s] INFO:colcon.colcon_core.shell:Skip shell extension 'powershell' for command environment: Not usable outside of PowerShell
[1.094s] DEBUG:colcon.colcon_core.shell:Skip shell extension 'dsv' for command environment
[1.438s] DEBUG:colcon.colcon_core.event_handler.log_command:Invoking command in '/home/mo/orange_ack_ws/src/orange_robot': AMENT_PREFIX_PATH=/home/mo/orange_ack_ws/install/orange_robot_interfaces:${AMENT_PREFIX_PATH} CMAKE_PREFIX_PATH=/home/mo/orange_ack_ws/install/orange_robot_interfaces:${CMAKE_PREFIX_PATH} LD_LIBRARY_PATH=/home/mo/orange_ack_ws/install/orange_robot_interfaces/lib:${LD_LIBRARY_PATH} PYTHONPATH=/home/mo/orange_ack_ws/build/orange_robot/prefix_override:/usr/lib/python3/dist-packages/colcon_core/task/python/colcon_distutils_commands:/home/mo/orange_ack_ws/install/orange_robot/lib/python3.10/site-packages:/home/mo/orange_ack_ws/install/orange_robot_interfaces/local/lib/python3.10/dist-packages:${PYTHONPATH} /usr/bin/python3 -W ignore:setup.py install is deprecated -W ignore:easy_install command is deprecated setup.py egg_info --egg-base ../../build/orange_robot build --build-base /home/mo/orange_ack_ws/build/orange_robot/build install --record /home/mo/orange_ack_ws/build/orange_robot/install.log --single-version-externally-managed install_data
[1.666s] Level 1:colcon.colcon_core.environment:checking '/home/mo/orange_ack_ws/install/orange_robot' for CMake module files
[1.667s] DEBUG:colcon.colcon_core.event_handler.log_command:Invoked command in '/home/mo/orange_ack_ws/src/orange_robot' returned '0': AMENT_PREFIX_PATH=/home/mo/orange_ack_ws/install/orange_robot_interfaces:${AMENT_PREFIX_PATH} CMAKE_PREFIX_PATH=/home/mo/orange_ack_ws/install/orange_robot_interfaces:${CMAKE_PREFIX_PATH} LD_LIBRARY_PATH=/home/mo/orange_ack_ws/install/orange_robot_interfaces/lib:${LD_LIBRARY_PATH} PYTHONPATH=/home/mo/orange_ack_ws/build/orange_robot/prefix_override:/usr/lib/python3/dist-packages/colcon_core/task/python/colcon_distutils_commands:/home/mo/orange_ack_ws/install/orange_robot/lib/python3.10/site-packages:/home/mo/orange_ack_ws/install/orange_robot_interfaces/local/lib/python3.10/dist-packages:${PYTHONPATH} /usr/bin/python3 -W ignore:setup.py install is deprecated -W ignore:easy_install command is deprecated setup.py egg_info --egg-base ../../build/orange_robot build --build-base /home/mo/orange_ack_ws/build/orange_robot/build install --record /home/mo/orange_ack_ws/build/orange_robot/install.log --single-version-externally-managed install_data
[1.667s] Level 1:colcon.colcon_core.environment:checking '/home/mo/orange_ack_ws/install/orange_robot' for CMake config files
[1.668s] Level 1:colcon.colcon_core.environment:checking '/home/mo/orange_ack_ws/install/orange_robot/lib'
[1.668s] Level 1:colcon.colcon_core.environment:checking '/home/mo/orange_ack_ws/install/orange_robot/bin'
[1.668s] Level 1:colcon.colcon_core.environment:checking '/home/mo/orange_ack_ws/install/orange_robot/lib/pkgconfig/orange_robot.pc'
[1.668s] Level 1:colcon.colcon_core.environment:checking '/home/mo/orange_ack_ws/install/orange_robot/lib/python3.10/site-packages'
[1.668s] Level 1:colcon.colcon_core.shell:create_environment_hook('orange_robot', 'pythonpath')
[1.668s] INFO:colcon.colcon_core.shell:Creating environment hook '/home/mo/orange_ack_ws/install/orange_robot/share/orange_robot/hook/pythonpath.ps1'
[1.669s] INFO:colcon.colcon_core.shell:Creating environment descriptor '/home/mo/orange_ack_ws/install/orange_robot/share/orange_robot/hook/pythonpath.dsv'
[1.669s] INFO:colcon.colcon_core.shell:Creating environment hook '/home/mo/orange_ack_ws/install/orange_robot/share/orange_robot/hook/pythonpath.sh'
[1.669s] Level 1:colcon.colcon_core.environment:checking '/home/mo/orange_ack_ws/install/orange_robot/bin'
[1.669s] Level 1:colcon.colcon_core.environment:create_environment_scripts_only(orange_robot)
[1.669s] INFO:colcon.colcon_core.shell:Creating package script '/home/mo/orange_ack_ws/install/orange_robot/share/orange_robot/package.ps1'
[1.670s] INFO:colcon.colcon_core.shell:Creating package descriptor '/home/mo/orange_ack_ws/install/orange_robot/share/orange_robot/package.dsv'
[1.670s] INFO:colcon.colcon_core.shell:Creating package script '/home/mo/orange_ack_ws/install/orange_robot/share/orange_robot/package.sh'
[1.670s] INFO:colcon.colcon_core.shell:Creating package script '/home/mo/orange_ack_ws/install/orange_robot/share/orange_robot/package.bash'
[1.670s] INFO:colcon.colcon_core.shell:Creating package script '/home/mo/orange_ack_ws/install/orange_robot/share/orange_robot/package.zsh'
[1.670s] Level 1:colcon.colcon_core.environment:create_file_with_runtime_dependencies(/home/mo/orange_ack_ws/install/orange_robot/share/colcon-core/packages/orange_robot)
[1.671s] DEBUG:colcon.colcon_parallel_executor.executor.parallel:closing loop
[1.671s] DEBUG:colcon.colcon_parallel_executor.executor.parallel:loop closed
[1.671s] DEBUG:colcon.colcon_parallel_executor.executor.parallel:run_until_complete finished with '0'
[1.671s] DEBUG:colcon.colcon_core.event_reactor:joining thread
[1.676s] INFO:colcon.colcon_core.plugin_system:Skipping extension 'colcon_notification.desktop_notification.terminal_notifier': Not used on non-Darwin systems
[1.676s] INFO:colcon.colcon_core.plugin_system:Skipping extension 'colcon_notification.desktop_notification.win32': Not used on non-Windows systems
[1.676s] INFO:colcon.colcon_notification.desktop_notification:Sending desktop notification using 'notify2'
[1.689s] DEBUG:colcon.colcon_core.event_reactor:joined thread
[1.690s] INFO:colcon.colcon_core.shell:Creating prefix script '/home/mo/orange_ack_ws/install/local_setup.ps1'
[1.690s] INFO:colcon.colcon_core.shell:Creating prefix util module '/home/mo/orange_ack_ws/install/_local_setup_util_ps1.py'
[1.692s] INFO:colcon.colcon_core.shell:Creating prefix chain script '/home/mo/orange_ack_ws/install/setup.ps1'
[1.693s] INFO:colcon.colcon_core.shell:Creating prefix script '/home/mo/orange_ack_ws/install/local_setup.sh'
[1.694s] INFO:colcon.colcon_core.shell:Creating prefix util module '/home/mo/orange_ack_ws/install/_local_setup_util_sh.py'
[1.694s] INFO:colcon.colcon_core.shell:Creating prefix chain script '/home/mo/orange_ack_ws/install/setup.sh'
[1.696s] INFO:colcon.colcon_core.shell:Creating prefix script '/home/mo/orange_ack_ws/install/local_setup.bash'
[1.696s] INFO:colcon.colcon_core.shell:Creating prefix chain script '/home/mo/orange_ack_ws/install/setup.bash'
[1.698s] INFO:colcon.colcon_core.shell:Creating prefix script '/home/mo/orange_ack_ws/install/local_setup.zsh'
[1.698s] INFO:colcon.colcon_core.shell:Creating prefix chain script '/home/mo/orange_ack_ws/install/setup.zsh'
