[0.010s] Invoking command in '/home/mo/orange_ack_ws/build/orange_robot_interfaces': CMAKE_PREFIX_PATH=${CMAKE_PREFIX_PATH}:/home/mo/orange_ack_ws/install/orange_robot:/home/mo/ws_moveit2/install/moveit_configs_utils:/home/mo/ws_moveit2/install/launch_param_builder:/opt/ros/humble /usr/bin/cmake /home/mo/orange_ack_ws/src/orange_robot_interfaces -DCMAKE_INSTALL_PREFIX=/home/mo/orange_ack_ws/install/orange_robot_interfaces
[0.054s] -- The C compiler identification is GNU 11.4.0
[0.091s] -- The CXX compiler identification is GNU 11.4.0
[0.097s] -- Detecting C compiler ABI info
[0.162s] -- Detecting C compiler ABI info - done
[0.166s] -- Check for working C compiler: /usr/bin/cc - skipped
[0.166s] -- Detecting C compile features
[0.167s] -- Detecting C compile features - done
[0.169s] -- Detecting CXX compiler ABI info
[0.231s] -- Detecting CXX compiler ABI info - done
[0.236s] -- Check for working CXX compiler: /usr/bin/c++ - skipped
[0.236s] -- Detecting CXX compile features
[0.236s] -- Detecting CXX compile features - done
[0.240s] -- Found ament_cmake: 1.3.11 (/opt/ros/humble/share/ament_cmake/cmake)
[0.360s] -- Found Python3: /usr/bin/python3 (found version "3.10.12") found components: Interpreter 
[0.453s] -- Found rosidl_default_generators: 1.2.0 (/opt/ros/humble/share/rosidl_default_generators/cmake)
[0.462s] -- Using all available rosidl_typesupport_c: rosidl_typesupport_fastrtps_c;rosidl_typesupport_introspection_c
[0.472s] -- Found rosidl_adapter: 3.1.6 (/opt/ros/humble/share/rosidl_adapter/cmake)
[0.518s] -- Using all available rosidl_typesupport_cpp: rosidl_typesupport_fastrtps_cpp;rosidl_typesupport_introspection_cpp
[0.554s] -- Found std_msgs: 4.8.0 (/opt/ros/humble/share/std_msgs/cmake)
[0.779s] -- Found ament_cmake_ros: 0.10.0 (/opt/ros/humble/share/ament_cmake_ros/cmake)
[0.929s] -- Using all available rosidl_typesupport_c: rosidl_typesupport_fastrtps_c;rosidl_typesupport_introspection_c
[1.117s] -- Using all available rosidl_typesupport_cpp: rosidl_typesupport_fastrtps_cpp;rosidl_typesupport_introspection_cpp
[1.133s] -- Found PythonInterp: /usr/bin/python3 (found suitable version "3.10.12", minimum required is "3.6") 
[1.136s] -- Found python_cmake_module: 0.10.0 (/opt/ros/humble/share/python_cmake_module/cmake)
[1.155s] -- Found PythonLibs: /usr/lib/x86_64-linux-gnu/libpython3.10.so (found suitable version "3.10.12", minimum required is "3.5") 
[1.155s] -- Using PYTHON_EXECUTABLE: /usr/bin/python3
[1.155s] -- Using PYTHON_INCLUDE_DIRS: /usr/include/python3.10
[1.155s] -- Using PYTHON_LIBRARIES: /usr/lib/x86_64-linux-gnu/libpython3.10.so
[1.169s] -- Found PythonExtra: .so  
[1.233s] -- Configuring done
[1.254s] -- Generating done
[1.261s] -- Build files have been written to: /home/mo/orange_ack_ws/build/orange_robot_interfaces
[1.266s] Invoked command in '/home/mo/orange_ack_ws/build/orange_robot_interfaces' returned '0': CMAKE_PREFIX_PATH=${CMAKE_PREFIX_PATH}:/home/mo/orange_ack_ws/install/orange_robot:/home/mo/ws_moveit2/install/moveit_configs_utils:/home/mo/ws_moveit2/install/launch_param_builder:/opt/ros/humble /usr/bin/cmake /home/mo/orange_ack_ws/src/orange_robot_interfaces -DCMAKE_INSTALL_PREFIX=/home/mo/orange_ack_ws/install/orange_robot_interfaces
[1.267s] Invoking command in '/home/mo/orange_ack_ws/build/orange_robot_interfaces': CMAKE_PREFIX_PATH=${CMAKE_PREFIX_PATH}:/home/mo/orange_ack_ws/install/orange_robot:/home/mo/ws_moveit2/install/moveit_configs_utils:/home/mo/ws_moveit2/install/launch_param_builder:/opt/ros/humble /usr/bin/cmake --build /home/mo/orange_ack_ws/build/orange_robot_interfaces -- -j16 -l16
[1.301s] [  2%] [34m[1mGenerating C code for ROS interfaces[0m
[1.310s] [  5%] [34m[1mGenerating C++ code for ROS interfaces[0m
[1.317s] [  5%] Built target ament_cmake_python_copy_orange_robot_interfaces
[1.504s] running egg_info
[1.504s] creating orange_robot_interfaces.egg-info
[1.504s] writing orange_robot_interfaces.egg-info/PKG-INFO
[1.505s] writing dependency_links to orange_robot_interfaces.egg-info/dependency_links.txt
[1.505s] writing top-level names to orange_robot_interfaces.egg-info/top_level.txt
[1.505s] writing manifest file 'orange_robot_interfaces.egg-info/SOURCES.txt'
[1.506s] reading manifest file 'orange_robot_interfaces.egg-info/SOURCES.txt'
[1.507s] writing manifest file 'orange_robot_interfaces.egg-info/SOURCES.txt'
[1.529s] [  5%] Built target ament_cmake_python_build_orange_robot_interfaces_egg
[1.671s] [  5%] Built target orange_robot_interfaces__cpp
[1.674s] [  7%] [32mBuilding C object CMakeFiles/orange_robot_interfaces__rosidl_generator_c.dir/rosidl_generator_c/orange_robot_interfaces/srv/detail/calculate_angles__functions.c.o[0m
[1.674s] [ 10%] [32mBuilding C object CMakeFiles/orange_robot_interfaces__rosidl_generator_c.dir/rosidl_generator_c/orange_robot_interfaces/action/detail/execute_sequence__functions.c.o[0m
[1.681s] [ 17%] [34m[1mGenerating C++ type support dispatch for ROS interfaces[0m
[1.681s] [ 17%] [34m[1mGenerating C++ introspection for ROS interfaces[0m
[1.681s] [ 17%] [34m[1mGenerating C++ type support for eProsima Fast-RTPS[0m
[1.770s] [ 20%] [32m[1mLinking C shared library liborange_robot_interfaces__rosidl_generator_c.so[0m
[1.806s] [ 20%] Built target orange_robot_interfaces__rosidl_generator_c
[1.819s] [ 25%] [34m[1mGenerating C introspection for ROS interfaces[0m
[1.819s] [ 28%] [34m[1mGenerating C type support dispatch for ROS interfaces[0m
[1.819s] [ 28%] [34m[1mGenerating C type support for eProsima Fast-RTPS[0m
[1.933s] [ 33%] [32mBuilding CXX object CMakeFiles/orange_robot_interfaces__rosidl_typesupport_cpp.dir/rosidl_typesupport_cpp/orange_robot_interfaces/action/execute_sequence__type_support.cpp.o[0m
[1.933s] [ 33%] [32mBuilding CXX object CMakeFiles/orange_robot_interfaces__rosidl_typesupport_cpp.dir/rosidl_typesupport_cpp/orange_robot_interfaces/srv/calculate_angles__type_support.cpp.o[0m
[1.980s] [ 38%] [32mBuilding CXX object CMakeFiles/orange_robot_interfaces__rosidl_typesupport_introspection_cpp.dir/rosidl_typesupport_introspection_cpp/orange_robot_interfaces/srv/detail/calculate_angles__type_support.cpp.o[0m
[1.980s] [ 38%] [32mBuilding CXX object CMakeFiles/orange_robot_interfaces__rosidl_typesupport_introspection_cpp.dir/rosidl_typesupport_introspection_cpp/orange_robot_interfaces/action/detail/execute_sequence__type_support.cpp.o[0m
[2.034s] [ 41%] [32mBuilding CXX object CMakeFiles/orange_robot_interfaces__rosidl_typesupport_fastrtps_cpp.dir/rosidl_typesupport_fastrtps_cpp/orange_robot_interfaces/srv/detail/dds_fastrtps/calculate_angles__type_support.cpp.o[0m
[2.038s] [ 43%] [32mBuilding CXX object CMakeFiles/orange_robot_interfaces__rosidl_typesupport_fastrtps_cpp.dir/rosidl_typesupport_fastrtps_cpp/orange_robot_interfaces/action/detail/dds_fastrtps/execute_sequence__type_support.cpp.o[0m
[2.093s] [ 48%] [32mBuilding CXX object CMakeFiles/orange_robot_interfaces__rosidl_typesupport_c.dir/rosidl_typesupport_c/orange_robot_interfaces/action/execute_sequence__type_support.cpp.o[0m
[2.093s] [ 48%] [32mBuilding CXX object CMakeFiles/orange_robot_interfaces__rosidl_typesupport_c.dir/rosidl_typesupport_c/orange_robot_interfaces/srv/calculate_angles__type_support.cpp.o[0m
[2.155s] [ 51%] [32mBuilding C object CMakeFiles/orange_robot_interfaces__rosidl_typesupport_introspection_c.dir/rosidl_typesupport_introspection_c/orange_robot_interfaces/srv/detail/calculate_angles__type_support.c.o[0m
[2.156s] [ 53%] [32mBuilding C object CMakeFiles/orange_robot_interfaces__rosidl_typesupport_introspection_c.dir/rosidl_typesupport_introspection_c/orange_robot_interfaces/action/detail/execute_sequence__type_support.c.o[0m
[2.157s] [ 56%] [32m[1mLinking CXX shared library liborange_robot_interfaces__rosidl_typesupport_c.so[0m
[2.177s] [ 58%] [32mBuilding CXX object CMakeFiles/orange_robot_interfaces__rosidl_typesupport_fastrtps_c.dir/rosidl_typesupport_fastrtps_c/orange_robot_interfaces/srv/detail/calculate_angles__type_support_c.cpp.o[0m
[2.183s] [ 61%] [32mBuilding CXX object CMakeFiles/orange_robot_interfaces__rosidl_typesupport_fastrtps_c.dir/rosidl_typesupport_fastrtps_c/orange_robot_interfaces/action/detail/execute_sequence__type_support_c.cpp.o[0m
[2.201s] [ 61%] Built target orange_robot_interfaces__rosidl_typesupport_c
[2.207s] [ 64%] [32m[1mLinking C shared library liborange_robot_interfaces__rosidl_typesupport_introspection_c.so[0m
[2.244s] [ 64%] Built target orange_robot_interfaces__rosidl_typesupport_introspection_c
[2.288s] [ 66%] [32m[1mLinking CXX shared library liborange_robot_interfaces__rosidl_typesupport_cpp.so[0m
[2.328s] [ 66%] Built target orange_robot_interfaces__rosidl_typesupport_cpp
[2.414s] [ 69%] [32m[1mLinking CXX shared library liborange_robot_interfaces__rosidl_typesupport_introspection_cpp.so[0m
[2.465s] [ 71%] [32m[1mLinking CXX shared library liborange_robot_interfaces__rosidl_typesupport_fastrtps_c.so[0m
[2.475s] [ 71%] Built target orange_robot_interfaces__rosidl_typesupport_introspection_cpp
[2.486s] [ 74%] [32m[1mLinking CXX shared library liborange_robot_interfaces__rosidl_typesupport_fastrtps_cpp.so[0m
[2.523s] [ 74%] Built target orange_robot_interfaces__rosidl_typesupport_fastrtps_c
[2.542s] [ 74%] Built target orange_robot_interfaces__rosidl_typesupport_fastrtps_cpp
[2.561s] [ 74%] Built target orange_robot_interfaces
[2.580s] [ 76%] [34m[1mGenerating Python code for ROS interfaces[0m
[3.158s] [ 76%] Built target orange_robot_interfaces__py
[3.177s] [ 79%] [32mBuilding C object CMakeFiles/orange_robot_interfaces__rosidl_generator_py.dir/rosidl_generator_py/orange_robot_interfaces/srv/_calculate_angles_s.c.o[0m
[3.177s] [ 82%] [32mBuilding C object CMakeFiles/orange_robot_interfaces__rosidl_generator_py.dir/rosidl_generator_py/orange_robot_interfaces/action/_execute_sequence_s.c.o[0m
[3.276s] [ 84%] [32m[1mLinking C shared library rosidl_generator_py/orange_robot_interfaces/liborange_robot_interfaces__rosidl_generator_py.so[0m
[3.309s] [ 84%] Built target orange_robot_interfaces__rosidl_generator_py
[3.328s] [ 92%] [32mBuilding C object CMakeFiles/orange_robot_interfaces__rosidl_typesupport_fastrtps_c__pyext.dir/rosidl_generator_py/orange_robot_interfaces/_orange_robot_interfaces_s.ep.rosidl_typesupport_fastrtps_c.c.o[0m
[3.328s] [ 92%] [32mBuilding C object CMakeFiles/orange_robot_interfaces__rosidl_typesupport_introspection_c__pyext.dir/rosidl_generator_py/orange_robot_interfaces/_orange_robot_interfaces_s.ep.rosidl_typesupport_introspection_c.c.o[0m
[3.328s] [ 92%] [32mBuilding C object CMakeFiles/orange_robot_interfaces__rosidl_typesupport_c__pyext.dir/rosidl_generator_py/orange_robot_interfaces/_orange_robot_interfaces_s.ep.rosidl_typesupport_c.c.o[0m
[3.415s] [100%] [32m[1mLinking C shared library rosidl_generator_py/orange_robot_interfaces/orange_robot_interfaces_s__rosidl_typesupport_c.cpython-310-x86_64-linux-gnu.so[0m
[3.415s] [100%] [32m[1mLinking C shared library rosidl_generator_py/orange_robot_interfaces/orange_robot_interfaces_s__rosidl_typesupport_fastrtps_c.cpython-310-x86_64-linux-gnu.so[0m
[3.415s] [100%] [32m[1mLinking C shared library rosidl_generator_py/orange_robot_interfaces/orange_robot_interfaces_s__rosidl_typesupport_introspection_c.cpython-310-x86_64-linux-gnu.so[0m
[3.449s] [100%] Built target orange_robot_interfaces__rosidl_typesupport_c__pyext
[3.449s] [100%] Built target orange_robot_interfaces__rosidl_typesupport_fastrtps_c__pyext
[3.449s] [100%] Built target orange_robot_interfaces__rosidl_typesupport_introspection_c__pyext
[3.459s] Invoked command in '/home/mo/orange_ack_ws/build/orange_robot_interfaces' returned '0': CMAKE_PREFIX_PATH=${CMAKE_PREFIX_PATH}:/home/mo/orange_ack_ws/install/orange_robot:/home/mo/ws_moveit2/install/moveit_configs_utils:/home/mo/ws_moveit2/install/launch_param_builder:/opt/ros/humble /usr/bin/cmake --build /home/mo/orange_ack_ws/build/orange_robot_interfaces -- -j16 -l16
[3.467s] Invoking command in '/home/mo/orange_ack_ws/build/orange_robot_interfaces': CMAKE_PREFIX_PATH=${CMAKE_PREFIX_PATH}:/home/mo/orange_ack_ws/install/orange_robot:/home/mo/ws_moveit2/install/moveit_configs_utils:/home/mo/ws_moveit2/install/launch_param_builder:/opt/ros/humble /usr/bin/cmake --install /home/mo/orange_ack_ws/build/orange_robot_interfaces
[3.474s] -- Install configuration: ""
[3.474s] -- Installing: /home/mo/orange_ack_ws/install/orange_robot_interfaces/share/ament_index/resource_index/rosidl_interfaces/orange_robot_interfaces
[3.474s] -- Installing: /home/mo/orange_ack_ws/install/orange_robot_interfaces/include/orange_robot_interfaces/orange_robot_interfaces
[3.474s] -- Installing: /home/mo/orange_ack_ws/install/orange_robot_interfaces/include/orange_robot_interfaces/orange_robot_interfaces/action
[3.474s] -- Installing: /home/mo/orange_ack_ws/install/orange_robot_interfaces/include/orange_robot_interfaces/orange_robot_interfaces/action/detail
[3.474s] -- Installing: /home/mo/orange_ack_ws/install/orange_robot_interfaces/include/orange_robot_interfaces/orange_robot_interfaces/action/detail/execute_sequence__struct.h
[3.474s] -- Installing: /home/mo/orange_ack_ws/install/orange_robot_interfaces/include/orange_robot_interfaces/orange_robot_interfaces/action/detail/execute_sequence__type_support.h
[3.474s] -- Installing: /home/mo/orange_ack_ws/install/orange_robot_interfaces/include/orange_robot_interfaces/orange_robot_interfaces/action/detail/execute_sequence__functions.h
[3.474s] -- Installing: /home/mo/orange_ack_ws/install/orange_robot_interfaces/include/orange_robot_interfaces/orange_robot_interfaces/action/detail/execute_sequence__functions.c
[3.474s] -- Installing: /home/mo/orange_ack_ws/install/orange_robot_interfaces/include/orange_robot_interfaces/orange_robot_interfaces/action/execute_sequence.h
[3.474s] -- Installing: /home/mo/orange_ack_ws/install/orange_robot_interfaces/include/orange_robot_interfaces/orange_robot_interfaces/msg
[3.474s] -- Installing: /home/mo/orange_ack_ws/install/orange_robot_interfaces/include/orange_robot_interfaces/orange_robot_interfaces/msg/rosidl_generator_c__visibility_control.h
[3.474s] -- Installing: /home/mo/orange_ack_ws/install/orange_robot_interfaces/include/orange_robot_interfaces/orange_robot_interfaces/srv
[3.474s] -- Installing: /home/mo/orange_ack_ws/install/orange_robot_interfaces/include/orange_robot_interfaces/orange_robot_interfaces/srv/detail
[3.474s] -- Installing: /home/mo/orange_ack_ws/install/orange_robot_interfaces/include/orange_robot_interfaces/orange_robot_interfaces/srv/detail/calculate_angles__type_support.h
[3.474s] -- Installing: /home/mo/orange_ack_ws/install/orange_robot_interfaces/include/orange_robot_interfaces/orange_robot_interfaces/srv/detail/calculate_angles__struct.h
[3.475s] -- Installing: /home/mo/orange_ack_ws/install/orange_robot_interfaces/include/orange_robot_interfaces/orange_robot_interfaces/srv/detail/calculate_angles__functions.c
[3.475s] -- Installing: /home/mo/orange_ack_ws/install/orange_robot_interfaces/include/orange_robot_interfaces/orange_robot_interfaces/srv/detail/calculate_angles__functions.h
[3.475s] -- Installing: /home/mo/orange_ack_ws/install/orange_robot_interfaces/include/orange_robot_interfaces/orange_robot_interfaces/srv/calculate_angles.h
[3.475s] -- Installing: /home/mo/orange_ack_ws/install/orange_robot_interfaces/share/orange_robot_interfaces/environment/library_path.sh
[3.475s] -- Installing: /home/mo/orange_ack_ws/install/orange_robot_interfaces/share/orange_robot_interfaces/environment/library_path.dsv
[3.475s] -- Installing: /home/mo/orange_ack_ws/install/orange_robot_interfaces/lib/liborange_robot_interfaces__rosidl_generator_c.so
[3.475s] -- Set runtime path of "/home/mo/orange_ack_ws/install/orange_robot_interfaces/lib/liborange_robot_interfaces__rosidl_generator_c.so" to ""
[3.475s] -- Up-to-date: /home/mo/orange_ack_ws/install/orange_robot_interfaces/include/orange_robot_interfaces/orange_robot_interfaces
[3.475s] -- Up-to-date: /home/mo/orange_ack_ws/install/orange_robot_interfaces/include/orange_robot_interfaces/orange_robot_interfaces/action
[3.475s] -- Up-to-date: /home/mo/orange_ack_ws/install/orange_robot_interfaces/include/orange_robot_interfaces/orange_robot_interfaces/action/detail
[3.475s] -- Installing: /home/mo/orange_ack_ws/install/orange_robot_interfaces/include/orange_robot_interfaces/orange_robot_interfaces/action/detail/execute_sequence__rosidl_typesupport_fastrtps_c.h
[3.475s] -- Up-to-date: /home/mo/orange_ack_ws/install/orange_robot_interfaces/include/orange_robot_interfaces/orange_robot_interfaces/msg
[3.475s] -- Installing: /home/mo/orange_ack_ws/install/orange_robot_interfaces/include/orange_robot_interfaces/orange_robot_interfaces/msg/rosidl_typesupport_fastrtps_c__visibility_control.h
[3.475s] -- Up-to-date: /home/mo/orange_ack_ws/install/orange_robot_interfaces/include/orange_robot_interfaces/orange_robot_interfaces/srv
[3.475s] -- Up-to-date: /home/mo/orange_ack_ws/install/orange_robot_interfaces/include/orange_robot_interfaces/orange_robot_interfaces/srv/detail
[3.475s] -- Installing: /home/mo/orange_ack_ws/install/orange_robot_interfaces/include/orange_robot_interfaces/orange_robot_interfaces/srv/detail/calculate_angles__rosidl_typesupport_fastrtps_c.h
[3.475s] -- Installing: /home/mo/orange_ack_ws/install/orange_robot_interfaces/lib/liborange_robot_interfaces__rosidl_typesupport_fastrtps_c.so
[3.475s] -- Set runtime path of "/home/mo/orange_ack_ws/install/orange_robot_interfaces/lib/liborange_robot_interfaces__rosidl_typesupport_fastrtps_c.so" to ""
[3.476s] -- Up-to-date: /home/mo/orange_ack_ws/install/orange_robot_interfaces/include/orange_robot_interfaces/orange_robot_interfaces
[3.476s] -- Up-to-date: /home/mo/orange_ack_ws/install/orange_robot_interfaces/include/orange_robot_interfaces/orange_robot_interfaces/action
[3.476s] -- Up-to-date: /home/mo/orange_ack_ws/install/orange_robot_interfaces/include/orange_robot_interfaces/orange_robot_interfaces/action/detail
[3.476s] -- Installing: /home/mo/orange_ack_ws/install/orange_robot_interfaces/include/orange_robot_interfaces/orange_robot_interfaces/action/detail/execute_sequence__rosidl_typesupport_introspection_c.h
[3.476s] -- Installing: /home/mo/orange_ack_ws/install/orange_robot_interfaces/include/orange_robot_interfaces/orange_robot_interfaces/action/detail/execute_sequence__type_support.c
[3.476s] -- Up-to-date: /home/mo/orange_ack_ws/install/orange_robot_interfaces/include/orange_robot_interfaces/orange_robot_interfaces/msg
[3.476s] -- Installing: /home/mo/orange_ack_ws/install/orange_robot_interfaces/include/orange_robot_interfaces/orange_robot_interfaces/msg/rosidl_typesupport_introspection_c__visibility_control.h
[3.476s] -- Up-to-date: /home/mo/orange_ack_ws/install/orange_robot_interfaces/include/orange_robot_interfaces/orange_robot_interfaces/srv
[3.476s] -- Up-to-date: /home/mo/orange_ack_ws/install/orange_robot_interfaces/include/orange_robot_interfaces/orange_robot_interfaces/srv/detail
[3.476s] -- Installing: /home/mo/orange_ack_ws/install/orange_robot_interfaces/include/orange_robot_interfaces/orange_robot_interfaces/srv/detail/calculate_angles__rosidl_typesupport_introspection_c.h
[3.476s] -- Installing: /home/mo/orange_ack_ws/install/orange_robot_interfaces/include/orange_robot_interfaces/orange_robot_interfaces/srv/detail/calculate_angles__type_support.c
[3.476s] -- Installing: /home/mo/orange_ack_ws/install/orange_robot_interfaces/lib/liborange_robot_interfaces__rosidl_typesupport_introspection_c.so
[3.476s] -- Set runtime path of "/home/mo/orange_ack_ws/install/orange_robot_interfaces/lib/liborange_robot_interfaces__rosidl_typesupport_introspection_c.so" to ""
[3.476s] -- Installing: /home/mo/orange_ack_ws/install/orange_robot_interfaces/lib/liborange_robot_interfaces__rosidl_typesupport_c.so
[3.476s] -- Set runtime path of "/home/mo/orange_ack_ws/install/orange_robot_interfaces/lib/liborange_robot_interfaces__rosidl_typesupport_c.so" to ""
[3.476s] -- Up-to-date: /home/mo/orange_ack_ws/install/orange_robot_interfaces/include/orange_robot_interfaces/orange_robot_interfaces
[3.476s] -- Up-to-date: /home/mo/orange_ack_ws/install/orange_robot_interfaces/include/orange_robot_interfaces/orange_robot_interfaces/action
[3.476s] -- Up-to-date: /home/mo/orange_ack_ws/install/orange_robot_interfaces/include/orange_robot_interfaces/orange_robot_interfaces/action/detail
[3.476s] -- Installing: /home/mo/orange_ack_ws/install/orange_robot_interfaces/include/orange_robot_interfaces/orange_robot_interfaces/action/detail/execute_sequence__struct.hpp
[3.477s] -- Installing: /home/mo/orange_ack_ws/install/orange_robot_interfaces/include/orange_robot_interfaces/orange_robot_interfaces/action/detail/execute_sequence__traits.hpp
[3.477s] -- Installing: /home/mo/orange_ack_ws/install/orange_robot_interfaces/include/orange_robot_interfaces/orange_robot_interfaces/action/detail/execute_sequence__type_support.hpp
[3.477s] -- Installing: /home/mo/orange_ack_ws/install/orange_robot_interfaces/include/orange_robot_interfaces/orange_robot_interfaces/action/detail/execute_sequence__builder.hpp
[3.477s] -- Installing: /home/mo/orange_ack_ws/install/orange_robot_interfaces/include/orange_robot_interfaces/orange_robot_interfaces/action/execute_sequence.hpp
[3.477s] -- Up-to-date: /home/mo/orange_ack_ws/install/orange_robot_interfaces/include/orange_robot_interfaces/orange_robot_interfaces/msg
[3.477s] -- Installing: /home/mo/orange_ack_ws/install/orange_robot_interfaces/include/orange_robot_interfaces/orange_robot_interfaces/msg/rosidl_generator_cpp__visibility_control.hpp
[3.477s] -- Up-to-date: /home/mo/orange_ack_ws/install/orange_robot_interfaces/include/orange_robot_interfaces/orange_robot_interfaces/srv
[3.477s] -- Installing: /home/mo/orange_ack_ws/install/orange_robot_interfaces/include/orange_robot_interfaces/orange_robot_interfaces/srv/calculate_angles.hpp
[3.477s] -- Up-to-date: /home/mo/orange_ack_ws/install/orange_robot_interfaces/include/orange_robot_interfaces/orange_robot_interfaces/srv/detail
[3.477s] -- Installing: /home/mo/orange_ack_ws/install/orange_robot_interfaces/include/orange_robot_interfaces/orange_robot_interfaces/srv/detail/calculate_angles__type_support.hpp
[3.477s] -- Installing: /home/mo/orange_ack_ws/install/orange_robot_interfaces/include/orange_robot_interfaces/orange_robot_interfaces/srv/detail/calculate_angles__struct.hpp
[3.477s] -- Installing: /home/mo/orange_ack_ws/install/orange_robot_interfaces/include/orange_robot_interfaces/orange_robot_interfaces/srv/detail/calculate_angles__traits.hpp
[3.477s] -- Installing: /home/mo/orange_ack_ws/install/orange_robot_interfaces/include/orange_robot_interfaces/orange_robot_interfaces/srv/detail/calculate_angles__builder.hpp
[3.477s] -- Up-to-date: /home/mo/orange_ack_ws/install/orange_robot_interfaces/include/orange_robot_interfaces/orange_robot_interfaces
[3.477s] -- Up-to-date: /home/mo/orange_ack_ws/install/orange_robot_interfaces/include/orange_robot_interfaces/orange_robot_interfaces/action
[3.477s] -- Up-to-date: /home/mo/orange_ack_ws/install/orange_robot_interfaces/include/orange_robot_interfaces/orange_robot_interfaces/action/detail
[3.477s] -- Installing: /home/mo/orange_ack_ws/install/orange_robot_interfaces/include/orange_robot_interfaces/orange_robot_interfaces/action/detail/dds_fastrtps
[3.477s] -- Installing: /home/mo/orange_ack_ws/install/orange_robot_interfaces/include/orange_robot_interfaces/orange_robot_interfaces/action/detail/execute_sequence__rosidl_typesupport_fastrtps_cpp.hpp
[3.477s] -- Up-to-date: /home/mo/orange_ack_ws/install/orange_robot_interfaces/include/orange_robot_interfaces/orange_robot_interfaces/msg
[3.477s] -- Installing: /home/mo/orange_ack_ws/install/orange_robot_interfaces/include/orange_robot_interfaces/orange_robot_interfaces/msg/rosidl_typesupport_fastrtps_cpp__visibility_control.h
[3.477s] -- Up-to-date: /home/mo/orange_ack_ws/install/orange_robot_interfaces/include/orange_robot_interfaces/orange_robot_interfaces/srv
[3.477s] -- Up-to-date: /home/mo/orange_ack_ws/install/orange_robot_interfaces/include/orange_robot_interfaces/orange_robot_interfaces/srv/detail
[3.477s] -- Installing: /home/mo/orange_ack_ws/install/orange_robot_interfaces/include/orange_robot_interfaces/orange_robot_interfaces/srv/detail/dds_fastrtps
[3.477s] -- Installing: /home/mo/orange_ack_ws/install/orange_robot_interfaces/include/orange_robot_interfaces/orange_robot_interfaces/srv/detail/calculate_angles__rosidl_typesupport_fastrtps_cpp.hpp
[3.477s] -- Installing: /home/mo/orange_ack_ws/install/orange_robot_interfaces/lib/liborange_robot_interfaces__rosidl_typesupport_fastrtps_cpp.so
[3.478s] -- Set runtime path of "/home/mo/orange_ack_ws/install/orange_robot_interfaces/lib/liborange_robot_interfaces__rosidl_typesupport_fastrtps_cpp.so" to ""
[3.478s] -- Up-to-date: /home/mo/orange_ack_ws/install/orange_robot_interfaces/include/orange_robot_interfaces/orange_robot_interfaces
[3.478s] -- Up-to-date: /home/mo/orange_ack_ws/install/orange_robot_interfaces/include/orange_robot_interfaces/orange_robot_interfaces/action
[3.478s] -- Up-to-date: /home/mo/orange_ack_ws/install/orange_robot_interfaces/include/orange_robot_interfaces/orange_robot_interfaces/action/detail
[3.478s] -- Installing: /home/mo/orange_ack_ws/install/orange_robot_interfaces/include/orange_robot_interfaces/orange_robot_interfaces/action/detail/execute_sequence__type_support.cpp
[3.478s] -- Installing: /home/mo/orange_ack_ws/install/orange_robot_interfaces/include/orange_robot_interfaces/orange_robot_interfaces/action/detail/execute_sequence__rosidl_typesupport_introspection_cpp.hpp
[3.478s] -- Up-to-date: /home/mo/orange_ack_ws/install/orange_robot_interfaces/include/orange_robot_interfaces/orange_robot_interfaces/srv
[3.478s] -- Up-to-date: /home/mo/orange_ack_ws/install/orange_robot_interfaces/include/orange_robot_interfaces/orange_robot_interfaces/srv/detail
[3.478s] -- Installing: /home/mo/orange_ack_ws/install/orange_robot_interfaces/include/orange_robot_interfaces/orange_robot_interfaces/srv/detail/calculate_angles__rosidl_typesupport_introspection_cpp.hpp
[3.478s] -- Installing: /home/mo/orange_ack_ws/install/orange_robot_interfaces/include/orange_robot_interfaces/orange_robot_interfaces/srv/detail/calculate_angles__type_support.cpp
[3.478s] -- Installing: /home/mo/orange_ack_ws/install/orange_robot_interfaces/lib/liborange_robot_interfaces__rosidl_typesupport_introspection_cpp.so
[3.478s] -- Set runtime path of "/home/mo/orange_ack_ws/install/orange_robot_interfaces/lib/liborange_robot_interfaces__rosidl_typesupport_introspection_cpp.so" to ""
[3.478s] -- Installing: /home/mo/orange_ack_ws/install/orange_robot_interfaces/lib/liborange_robot_interfaces__rosidl_typesupport_cpp.so
[3.478s] -- Set runtime path of "/home/mo/orange_ack_ws/install/orange_robot_interfaces/lib/liborange_robot_interfaces__rosidl_typesupport_cpp.so" to ""
[3.478s] -- Installing: /home/mo/orange_ack_ws/install/orange_robot_interfaces/share/orange_robot_interfaces/environment/pythonpath.sh
[3.478s] -- Installing: /home/mo/orange_ack_ws/install/orange_robot_interfaces/share/orange_robot_interfaces/environment/pythonpath.dsv
[3.478s] -- Installing: /home/mo/orange_ack_ws/install/orange_robot_interfaces/local/lib/python3.10/dist-packages/orange_robot_interfaces-0.0.1-py3.10.egg-info
[3.479s] -- Installing: /home/mo/orange_ack_ws/install/orange_robot_interfaces/local/lib/python3.10/dist-packages/orange_robot_interfaces-0.0.1-py3.10.egg-info/top_level.txt
[3.479s] -- Installing: /home/mo/orange_ack_ws/install/orange_robot_interfaces/local/lib/python3.10/dist-packages/orange_robot_interfaces-0.0.1-py3.10.egg-info/dependency_links.txt
[3.479s] -- Installing: /home/mo/orange_ack_ws/install/orange_robot_interfaces/local/lib/python3.10/dist-packages/orange_robot_interfaces-0.0.1-py3.10.egg-info/PKG-INFO
[3.479s] -- Installing: /home/mo/orange_ack_ws/install/orange_robot_interfaces/local/lib/python3.10/dist-packages/orange_robot_interfaces-0.0.1-py3.10.egg-info/SOURCES.txt
[3.479s] -- Installing: /home/mo/orange_ack_ws/install/orange_robot_interfaces/local/lib/python3.10/dist-packages/orange_robot_interfaces
[3.479s] -- Installing: /home/mo/orange_ack_ws/install/orange_robot_interfaces/local/lib/python3.10/dist-packages/orange_robot_interfaces/action
[3.479s] -- Installing: /home/mo/orange_ack_ws/install/orange_robot_interfaces/local/lib/python3.10/dist-packages/orange_robot_interfaces/action/__init__.py
[3.479s] -- Installing: /home/mo/orange_ack_ws/install/orange_robot_interfaces/local/lib/python3.10/dist-packages/orange_robot_interfaces/action/_execute_sequence_s.c
[3.479s] -- Installing: /home/mo/orange_ack_ws/install/orange_robot_interfaces/local/lib/python3.10/dist-packages/orange_robot_interfaces/action/_execute_sequence.py
[3.479s] -- Installing: /home/mo/orange_ack_ws/install/orange_robot_interfaces/local/lib/python3.10/dist-packages/orange_robot_interfaces/__init__.py
[3.479s] -- Installing: /home/mo/orange_ack_ws/install/orange_robot_interfaces/local/lib/python3.10/dist-packages/orange_robot_interfaces/orange_robot_interfaces_s__rosidl_typesupport_fastrtps_c.cpython-310-x86_64-linux-gnu.so
[3.479s] -- Installing: /home/mo/orange_ack_ws/install/orange_robot_interfaces/local/lib/python3.10/dist-packages/orange_robot_interfaces/orange_robot_interfaces_s__rosidl_typesupport_c.cpython-310-x86_64-linux-gnu.so
[3.479s] -- Installing: /home/mo/orange_ack_ws/install/orange_robot_interfaces/local/lib/python3.10/dist-packages/orange_robot_interfaces/_orange_robot_interfaces_s.ep.rosidl_typesupport_introspection_c.c
[3.479s] -- Installing: /home/mo/orange_ack_ws/install/orange_robot_interfaces/local/lib/python3.10/dist-packages/orange_robot_interfaces/_orange_robot_interfaces_s.ep.rosidl_typesupport_fastrtps_c.c
[3.479s] -- Installing: /home/mo/orange_ack_ws/install/orange_robot_interfaces/local/lib/python3.10/dist-packages/orange_robot_interfaces/srv
[3.479s] -- Installing: /home/mo/orange_ack_ws/install/orange_robot_interfaces/local/lib/python3.10/dist-packages/orange_robot_interfaces/srv/__init__.py
[3.479s] -- Installing: /home/mo/orange_ack_ws/install/orange_robot_interfaces/local/lib/python3.10/dist-packages/orange_robot_interfaces/srv/_calculate_angles_s.c
[3.479s] -- Installing: /home/mo/orange_ack_ws/install/orange_robot_interfaces/local/lib/python3.10/dist-packages/orange_robot_interfaces/srv/_calculate_angles.py
[3.479s] -- Installing: /home/mo/orange_ack_ws/install/orange_robot_interfaces/local/lib/python3.10/dist-packages/orange_robot_interfaces/_orange_robot_interfaces_s.ep.rosidl_typesupport_c.c
[3.480s] -- Installing: /home/mo/orange_ack_ws/install/orange_robot_interfaces/local/lib/python3.10/dist-packages/orange_robot_interfaces/orange_robot_interfaces_s__rosidl_typesupport_introspection_c.cpython-310-x86_64-linux-gnu.so
[3.480s] -- Installing: /home/mo/orange_ack_ws/install/orange_robot_interfaces/local/lib/python3.10/dist-packages/orange_robot_interfaces/liborange_robot_interfaces__rosidl_generator_py.so
[3.508s] Listing '/home/mo/orange_ack_ws/install/orange_robot_interfaces/local/lib/python3.10/dist-packages/orange_robot_interfaces'...
[3.508s] Compiling '/home/mo/orange_ack_ws/install/orange_robot_interfaces/local/lib/python3.10/dist-packages/orange_robot_interfaces/__init__.py'...
[3.508s] Listing '/home/mo/orange_ack_ws/install/orange_robot_interfaces/local/lib/python3.10/dist-packages/orange_robot_interfaces/action'...
[3.508s] Compiling '/home/mo/orange_ack_ws/install/orange_robot_interfaces/local/lib/python3.10/dist-packages/orange_robot_interfaces/action/__init__.py'...
[3.508s] Compiling '/home/mo/orange_ack_ws/install/orange_robot_interfaces/local/lib/python3.10/dist-packages/orange_robot_interfaces/action/_execute_sequence.py'...
[3.508s] Listing '/home/mo/orange_ack_ws/install/orange_robot_interfaces/local/lib/python3.10/dist-packages/orange_robot_interfaces/srv'...
[3.508s] Compiling '/home/mo/orange_ack_ws/install/orange_robot_interfaces/local/lib/python3.10/dist-packages/orange_robot_interfaces/srv/__init__.py'...
[3.508s] Compiling '/home/mo/orange_ack_ws/install/orange_robot_interfaces/local/lib/python3.10/dist-packages/orange_robot_interfaces/srv/_calculate_angles.py'...
[3.511s] -- Installing: /home/mo/orange_ack_ws/install/orange_robot_interfaces/local/lib/python3.10/dist-packages/orange_robot_interfaces/orange_robot_interfaces_s__rosidl_typesupport_fastrtps_c.cpython-310-x86_64-linux-gnu.so
[3.511s] -- Set runtime path of "/home/mo/orange_ack_ws/install/orange_robot_interfaces/local/lib/python3.10/dist-packages/orange_robot_interfaces/orange_robot_interfaces_s__rosidl_typesupport_fastrtps_c.cpython-310-x86_64-linux-gnu.so" to ""
[3.511s] -- Installing: /home/mo/orange_ack_ws/install/orange_robot_interfaces/local/lib/python3.10/dist-packages/orange_robot_interfaces/orange_robot_interfaces_s__rosidl_typesupport_introspection_c.cpython-310-x86_64-linux-gnu.so
[3.511s] -- Set runtime path of "/home/mo/orange_ack_ws/install/orange_robot_interfaces/local/lib/python3.10/dist-packages/orange_robot_interfaces/orange_robot_interfaces_s__rosidl_typesupport_introspection_c.cpython-310-x86_64-linux-gnu.so" to ""
[3.511s] -- Installing: /home/mo/orange_ack_ws/install/orange_robot_interfaces/local/lib/python3.10/dist-packages/orange_robot_interfaces/orange_robot_interfaces_s__rosidl_typesupport_c.cpython-310-x86_64-linux-gnu.so
[3.512s] -- Set runtime path of "/home/mo/orange_ack_ws/install/orange_robot_interfaces/local/lib/python3.10/dist-packages/orange_robot_interfaces/orange_robot_interfaces_s__rosidl_typesupport_c.cpython-310-x86_64-linux-gnu.so" to ""
[3.512s] -- Installing: /home/mo/orange_ack_ws/install/orange_robot_interfaces/lib/liborange_robot_interfaces__rosidl_generator_py.so
[3.512s] -- Set runtime path of "/home/mo/orange_ack_ws/install/orange_robot_interfaces/lib/liborange_robot_interfaces__rosidl_generator_py.so" to ""
[3.512s] -- Installing: /home/mo/orange_ack_ws/install/orange_robot_interfaces/share/orange_robot_interfaces/srv/CalculateAngles.idl
[3.512s] -- Installing: /home/mo/orange_ack_ws/install/orange_robot_interfaces/share/orange_robot_interfaces/action/ExecuteSequence.idl
[3.512s] -- Installing: /home/mo/orange_ack_ws/install/orange_robot_interfaces/share/orange_robot_interfaces/srv/CalculateAngles.srv
[3.512s] -- Installing: /home/mo/orange_ack_ws/install/orange_robot_interfaces/share/orange_robot_interfaces/srv/CalculateAngles_Request.msg
[3.512s] -- Installing: /home/mo/orange_ack_ws/install/orange_robot_interfaces/share/orange_robot_interfaces/srv/CalculateAngles_Response.msg
[3.512s] -- Installing: /home/mo/orange_ack_ws/install/orange_robot_interfaces/share/orange_robot_interfaces/action/ExecuteSequence.action
[3.512s] -- Installing: /home/mo/orange_ack_ws/install/orange_robot_interfaces/share/ament_index/resource_index/package_run_dependencies/orange_robot_interfaces
[3.512s] -- Installing: /home/mo/orange_ack_ws/install/orange_robot_interfaces/share/ament_index/resource_index/parent_prefix_path/orange_robot_interfaces
[3.512s] -- Installing: /home/mo/orange_ack_ws/install/orange_robot_interfaces/share/orange_robot_interfaces/environment/ament_prefix_path.sh
[3.512s] -- Installing: /home/mo/orange_ack_ws/install/orange_robot_interfaces/share/orange_robot_interfaces/environment/ament_prefix_path.dsv
[3.512s] -- Installing: /home/mo/orange_ack_ws/install/orange_robot_interfaces/share/orange_robot_interfaces/environment/path.sh
[3.512s] -- Installing: /home/mo/orange_ack_ws/install/orange_robot_interfaces/share/orange_robot_interfaces/environment/path.dsv
[3.513s] -- Installing: /home/mo/orange_ack_ws/install/orange_robot_interfaces/share/orange_robot_interfaces/local_setup.bash
[3.513s] -- Installing: /home/mo/orange_ack_ws/install/orange_robot_interfaces/share/orange_robot_interfaces/local_setup.sh
[3.513s] -- Installing: /home/mo/orange_ack_ws/install/orange_robot_interfaces/share/orange_robot_interfaces/local_setup.zsh
[3.513s] -- Installing: /home/mo/orange_ack_ws/install/orange_robot_interfaces/share/orange_robot_interfaces/local_setup.dsv
[3.513s] -- Installing: /home/mo/orange_ack_ws/install/orange_robot_interfaces/share/orange_robot_interfaces/package.dsv
[3.513s] -- Installing: /home/mo/orange_ack_ws/install/orange_robot_interfaces/share/ament_index/resource_index/packages/orange_robot_interfaces
[3.513s] -- Installing: /home/mo/orange_ack_ws/install/orange_robot_interfaces/share/orange_robot_interfaces/cmake/export_orange_robot_interfaces__rosidl_generator_cExport.cmake
[3.513s] -- Installing: /home/mo/orange_ack_ws/install/orange_robot_interfaces/share/orange_robot_interfaces/cmake/export_orange_robot_interfaces__rosidl_generator_cExport-noconfig.cmake
[3.513s] -- Installing: /home/mo/orange_ack_ws/install/orange_robot_interfaces/share/orange_robot_interfaces/cmake/export_orange_robot_interfaces__rosidl_typesupport_fastrtps_cExport.cmake
[3.513s] -- Installing: /home/mo/orange_ack_ws/install/orange_robot_interfaces/share/orange_robot_interfaces/cmake/export_orange_robot_interfaces__rosidl_typesupport_fastrtps_cExport-noconfig.cmake
[3.513s] -- Installing: /home/mo/orange_ack_ws/install/orange_robot_interfaces/share/orange_robot_interfaces/cmake/orange_robot_interfaces__rosidl_typesupport_introspection_cExport.cmake
[3.513s] -- Installing: /home/mo/orange_ack_ws/install/orange_robot_interfaces/share/orange_robot_interfaces/cmake/orange_robot_interfaces__rosidl_typesupport_introspection_cExport-noconfig.cmake
[3.513s] -- Installing: /home/mo/orange_ack_ws/install/orange_robot_interfaces/share/orange_robot_interfaces/cmake/orange_robot_interfaces__rosidl_typesupport_cExport.cmake
[3.513s] -- Installing: /home/mo/orange_ack_ws/install/orange_robot_interfaces/share/orange_robot_interfaces/cmake/orange_robot_interfaces__rosidl_typesupport_cExport-noconfig.cmake
[3.513s] -- Installing: /home/mo/orange_ack_ws/install/orange_robot_interfaces/share/orange_robot_interfaces/cmake/export_orange_robot_interfaces__rosidl_generator_cppExport.cmake
[3.514s] -- Installing: /home/mo/orange_ack_ws/install/orange_robot_interfaces/share/orange_robot_interfaces/cmake/export_orange_robot_interfaces__rosidl_typesupport_fastrtps_cppExport.cmake
[3.514s] -- Installing: /home/mo/orange_ack_ws/install/orange_robot_interfaces/share/orange_robot_interfaces/cmake/export_orange_robot_interfaces__rosidl_typesupport_fastrtps_cppExport-noconfig.cmake
[3.514s] -- Installing: /home/mo/orange_ack_ws/install/orange_robot_interfaces/share/orange_robot_interfaces/cmake/orange_robot_interfaces__rosidl_typesupport_introspection_cppExport.cmake
[3.514s] -- Installing: /home/mo/orange_ack_ws/install/orange_robot_interfaces/share/orange_robot_interfaces/cmake/orange_robot_interfaces__rosidl_typesupport_introspection_cppExport-noconfig.cmake
[3.514s] -- Installing: /home/mo/orange_ack_ws/install/orange_robot_interfaces/share/orange_robot_interfaces/cmake/orange_robot_interfaces__rosidl_typesupport_cppExport.cmake
[3.514s] -- Installing: /home/mo/orange_ack_ws/install/orange_robot_interfaces/share/orange_robot_interfaces/cmake/orange_robot_interfaces__rosidl_typesupport_cppExport-noconfig.cmake
[3.514s] -- Installing: /home/mo/orange_ack_ws/install/orange_robot_interfaces/share/orange_robot_interfaces/cmake/export_orange_robot_interfaces__rosidl_generator_pyExport.cmake
[3.514s] -- Installing: /home/mo/orange_ack_ws/install/orange_robot_interfaces/share/orange_robot_interfaces/cmake/export_orange_robot_interfaces__rosidl_generator_pyExport-noconfig.cmake
[3.514s] -- Installing: /home/mo/orange_ack_ws/install/orange_robot_interfaces/share/orange_robot_interfaces/cmake/rosidl_cmake-extras.cmake
[3.514s] -- Installing: /home/mo/orange_ack_ws/install/orange_robot_interfaces/share/orange_robot_interfaces/cmake/ament_cmake_export_dependencies-extras.cmake
[3.514s] -- Installing: /home/mo/orange_ack_ws/install/orange_robot_interfaces/share/orange_robot_interfaces/cmake/ament_cmake_export_include_directories-extras.cmake
[3.514s] -- Installing: /home/mo/orange_ack_ws/install/orange_robot_interfaces/share/orange_robot_interfaces/cmake/ament_cmake_export_libraries-extras.cmake
[3.514s] -- Installing: /home/mo/orange_ack_ws/install/orange_robot_interfaces/share/orange_robot_interfaces/cmake/ament_cmake_export_targets-extras.cmake
[3.514s] -- Installing: /home/mo/orange_ack_ws/install/orange_robot_interfaces/share/orange_robot_interfaces/cmake/rosidl_cmake_export_typesupport_targets-extras.cmake
[3.514s] -- Installing: /home/mo/orange_ack_ws/install/orange_robot_interfaces/share/orange_robot_interfaces/cmake/rosidl_cmake_export_typesupport_libraries-extras.cmake
[3.514s] -- Installing: /home/mo/orange_ack_ws/install/orange_robot_interfaces/share/orange_robot_interfaces/cmake/orange_robot_interfacesConfig.cmake
[3.515s] -- Installing: /home/mo/orange_ack_ws/install/orange_robot_interfaces/share/orange_robot_interfaces/cmake/orange_robot_interfacesConfig-version.cmake
[3.515s] -- Installing: /home/mo/orange_ack_ws/install/orange_robot_interfaces/share/orange_robot_interfaces/package.xml
[3.516s] Invoked command in '/home/mo/orange_ack_ws/build/orange_robot_interfaces' returned '0': CMAKE_PREFIX_PATH=${CMAKE_PREFIX_PATH}:/home/mo/orange_ack_ws/install/orange_robot:/home/mo/ws_moveit2/install/moveit_configs_utils:/home/mo/ws_moveit2/install/launch_param_builder:/opt/ros/humble /usr/bin/cmake --install /home/mo/orange_ack_ws/build/orange_robot_interfaces
